[0.011s] Invoking command in '/home/jblevins32/IRR_final/build/control': CMAKE_PREFIX_PATH=${CMAKE_PREFIX_PATH}:/home/jblevins32/IRR_final/install/read_sign:/home/jblevins32/IRR_final/install/print_fixed_odometry:/opt/ros/humble DEBUGINFOD_URLS=https://debuginfod.ubuntu.com /usr/bin/cmake --build /home/jblevins32/IRR_final/build/control -- -j28 -l28
[0.045s] -- Found ament_cmake: 1.3.11 (/opt/ros/humble/share/ament_cmake/cmake)
[0.194s] -- Found rclcpp: 16.0.12 (/opt/ros/humble/share/rclcpp/cmake)
[0.225s] -- Found rosidl_generator_c: 3.1.6 (/opt/ros/humble/share/rosidl_generator_c/cmake)
[0.228s] -- Found rosidl_adapter: 3.1.6 (/opt/ros/humble/share/rosidl_adapter/cmake)
[0.235s] -- Found rosidl_generator_cpp: 3.1.6 (/opt/ros/humble/share/rosidl_generator_cpp/cmake)
[0.246s] -- Using all available rosidl_typesupport_c: rosidl_typesupport_fastrtps_c;rosidl_typesupport_introspection_c
[0.259s] -- Using all available rosidl_typesupport_cpp: rosidl_typesupport_fastrtps_cpp;rosidl_typesupport_introspection_cpp
[0.286s] -- Found rmw_implementation_cmake: 6.1.2 (/opt/ros/humble/share/rmw_implementation_cmake/cmake)
[0.287s] -- Found rmw_fastrtps_cpp: 6.2.7 (/opt/ros/humble/share/rmw_fastrtps_cpp/cmake)
[0.409s] -- Using RMW implementation 'rmw_fastrtps_cpp' as default
[0.466s] -- Found geometry_msgs: 4.8.0 (/opt/ros/humble/share/geometry_msgs/cmake)
[0.476s] -- Found nav_msgs: 4.8.0 (/opt/ros/humble/share/nav_msgs/cmake)
[0.488s] -- Found sensor_msgs: 4.8.0 (/opt/ros/humble/share/sensor_msgs/cmake)
[0.500s] -- Found tf2_geometry_msgs: 0.25.12 (/opt/ros/humble/share/tf2_geometry_msgs/cmake)
[0.504s] -- Found eigen3_cmake_module: 0.1.1 (/opt/ros/humble/share/eigen3_cmake_module/cmake)
[0.506s] -- Ensuring Eigen3 include directory is part of orocos-kdl CMake target
[0.593s] -- Found ament_lint_auto: 0.12.12 (/opt/ros/humble/share/ament_lint_auto/cmake)
[0.687s] -- Added test 'cppcheck' to perform static code analysis on C / C++ code
[0.687s] -- Configured cppcheck include dirs: $<BUILD_INTERFACE:/home/jblevins32/IRR_final/src/control/include>
[0.687s] -- Configured cppcheck exclude dirs and/or files: 
[0.688s] -- Added test 'lint_cmake' to check CMake code style
[0.689s] -- Added test 'uncrustify' to check C / C++ code style
[0.689s] -- Configured uncrustify additional arguments: 
[0.690s] -- Added test 'xmllint' to check XML markup files
[0.690s] -- Configuring done
[0.699s] -- Generating done
[0.702s] -- Build files have been written to: /home/jblevins32/IRR_final/build/control
[0.732s] [35m[1mConsolidate compiler generated dependencies of target get_control[0m
[0.752s] [ 50%] [32mBuilding CXX object CMakeFiles/get_control.dir/src/get_control.cpp.o[0m
[11.548s] [100%] [32m[1mLinking CXX executable get_control[0m
[12.179s] [100%] Built target get_control
[12.192s] Invoked command in '/home/jblevins32/IRR_final/build/control' returned '0': CMAKE_PREFIX_PATH=${CMAKE_PREFIX_PATH}:/home/jblevins32/IRR_final/install/read_sign:/home/jblevins32/IRR_final/install/print_fixed_odometry:/opt/ros/humble DEBUGINFOD_URLS=https://debuginfod.ubuntu.com /usr/bin/cmake --build /home/jblevins32/IRR_final/build/control -- -j28 -l28
[12.202s] Invoking command in '/home/jblevins32/IRR_final/build/control': CMAKE_PREFIX_PATH=${CMAKE_PREFIX_PATH}:/home/jblevins32/IRR_final/install/read_sign:/home/jblevins32/IRR_final/install/print_fixed_odometry:/opt/ros/humble DEBUGINFOD_URLS=https://debuginfod.ubuntu.com /usr/bin/cmake --install /home/jblevins32/IRR_final/build/control
[12.209s] -- Install configuration: ""
[12.209s] -- Installing: /home/jblevins32/IRR_final/install/control/lib/control/get_control
[12.215s] -- Set runtime path of "/home/jblevins32/IRR_final/install/control/lib/control/get_control" to ""
[12.215s] -- Installing: /home/jblevins32/IRR_final/install/control/share/ament_index/resource_index/package_run_dependencies/control
[12.215s] -- Installing: /home/jblevins32/IRR_final/install/control/share/ament_index/resource_index/parent_prefix_path/control
[12.215s] -- Up-to-date: /home/jblevins32/IRR_final/install/control/share/control/environment/ament_prefix_path.sh
[12.216s] -- Installing: /home/jblevins32/IRR_final/install/control/share/control/environment/ament_prefix_path.dsv
[12.216s] -- Up-to-date: /home/jblevins32/IRR_final/install/control/share/control/environment/path.sh
[12.216s] -- Installing: /home/jblevins32/IRR_final/install/control/share/control/environment/path.dsv
[12.216s] -- Up-to-date: /home/jblevins32/IRR_final/install/control/share/control/local_setup.bash
[12.216s] -- Up-to-date: /home/jblevins32/IRR_final/install/control/share/control/local_setup.sh
[12.216s] -- Up-to-date: /home/jblevins32/IRR_final/install/control/share/control/local_setup.zsh
[12.216s] -- Installing: /home/jblevins32/IRR_final/install/control/share/control/local_setup.dsv
[12.216s] -- Installing: /home/jblevins32/IRR_final/install/control/share/control/package.dsv
[12.216s] -- Up-to-date: /home/jblevins32/IRR_final/install/control/share/ament_index/resource_index/packages/control
[12.216s] -- Up-to-date: /home/jblevins32/IRR_final/install/control/share/control/cmake/controlConfig.cmake
[12.216s] -- Up-to-date: /home/jblevins32/IRR_final/install/control/share/control/cmake/controlConfig-version.cmake
[12.216s] -- Installing: /home/jblevins32/IRR_final/install/control/share/control/package.xml
[12.218s] Invoked command in '/home/jblevins32/IRR_final/build/control' returned '0': CMAKE_PREFIX_PATH=${CMAKE_PREFIX_PATH}:/home/jblevins32/IRR_final/install/read_sign:/home/jblevins32/IRR_final/install/print_fixed_odometry:/opt/ros/humble DEBUGINFOD_URLS=https://debuginfod.ubuntu.com /usr/bin/cmake --install /home/jblevins32/IRR_final/build/control
