[0.012s] Invoking command in '/home/jblevins32/IRR_final/build/control': CMAKE_PREFIX_PATH=${CMAKE_PREFIX_PATH}:/home/jblevins32/IRR_final/install/read_sign:/home/jblevins32/IRR_final/install/print_fixed_odometry:/opt/ros/humble DEBUGINFOD_URLS=https://debuginfod.ubuntu.com /usr/bin/cmake --build /home/jblevins32/IRR_final/build/control -- -j28 -l28
[0.063s] [35m[1mConsolidate compiler generated dependencies of target get_control[0m
[0.080s] [ 50%] [32mBuilding CXX object CMakeFiles/get_control.dir/src/get_control.cpp.o[0m
[2.220s] [01m[K/home/jblevins32/IRR_final/src/control/src/get_control.cpp:[m[K In member function ‘[01m[Kvoid control::timer_callback()[m[K’:
[2.220s] [01m[K/home/jblevins32/IRR_final/src/control/src/get_control.cpp:109:16:[m[K [01;35m[Kwarning: [m[Kunused variable ‘[01m[Kcurrent_dist_y[m[K’ [[01;35m[K]8;;https://gcc.gnu.org/onlinedocs/gcc/Warning-Options.html#index-Wunused-variable-Wunused-variable]8;;[m[K]
[2.221s]   109 |           auto [01;35m[Kcurrent_dist_y[m[K = recent_odom.pose.pose.position.y;
[2.221s]       |                [01;35m[K^~~~~~~~~~~~~~[m[K
[11.483s] [100%] [32m[1mLinking CXX executable get_control[0m
[12.174s] [100%] Built target get_control
[12.188s] Invoked command in '/home/jblevins32/IRR_final/build/control' returned '0': CMAKE_PREFIX_PATH=${CMAKE_PREFIX_PATH}:/home/jblevins32/IRR_final/install/read_sign:/home/jblevins32/IRR_final/install/print_fixed_odometry:/opt/ros/humble DEBUGINFOD_URLS=https://debuginfod.ubuntu.com /usr/bin/cmake --build /home/jblevins32/IRR_final/build/control -- -j28 -l28
[12.199s] Invoking command in '/home/jblevins32/IRR_final/build/control': CMAKE_PREFIX_PATH=${CMAKE_PREFIX_PATH}:/home/jblevins32/IRR_final/install/read_sign:/home/jblevins32/IRR_final/install/print_fixed_odometry:/opt/ros/humble DEBUGINFOD_URLS=https://debuginfod.ubuntu.com /usr/bin/cmake --install /home/jblevins32/IRR_final/build/control
[12.206s] -- Install configuration: ""
[12.206s] -- Installing: /home/jblevins32/IRR_final/install/control/lib/control/get_control
[12.212s] -- Set runtime path of "/home/jblevins32/IRR_final/install/control/lib/control/get_control" to ""
[12.213s] -- Up-to-date: /home/jblevins32/IRR_final/install/control/share/ament_index/resource_index/package_run_dependencies/control
[12.213s] -- Up-to-date: /home/jblevins32/IRR_final/install/control/share/ament_index/resource_index/parent_prefix_path/control
[12.213s] -- Up-to-date: /home/jblevins32/IRR_final/install/control/share/control/environment/ament_prefix_path.sh
[12.213s] -- Up-to-date: /home/jblevins32/IRR_final/install/control/share/control/environment/ament_prefix_path.dsv
[12.213s] -- Up-to-date: /home/jblevins32/IRR_final/install/control/share/control/environment/path.sh
[12.213s] -- Up-to-date: /home/jblevins32/IRR_final/install/control/share/control/environment/path.dsv
[12.213s] -- Up-to-date: /home/jblevins32/IRR_final/install/control/share/control/local_setup.bash
[12.213s] -- Up-to-date: /home/jblevins32/IRR_final/install/control/share/control/local_setup.sh
[12.213s] -- Up-to-date: /home/jblevins32/IRR_final/install/control/share/control/local_setup.zsh
[12.214s] -- Up-to-date: /home/jblevins32/IRR_final/install/control/share/control/local_setup.dsv
[12.214s] -- Installing: /home/jblevins32/IRR_final/install/control/share/control/package.dsv
[12.214s] -- Up-to-date: /home/jblevins32/IRR_final/install/control/share/ament_index/resource_index/packages/control
[12.214s] -- Up-to-date: /home/jblevins32/IRR_final/install/control/share/control/cmake/controlConfig.cmake
[12.214s] -- Up-to-date: /home/jblevins32/IRR_final/install/control/share/control/cmake/controlConfig-version.cmake
[12.214s] -- Up-to-date: /home/jblevins32/IRR_final/install/control/share/control/package.xml
[12.216s] Invoked command in '/home/jblevins32/IRR_final/build/control' returned '0': CMAKE_PREFIX_PATH=${CMAKE_PREFIX_PATH}:/home/jblevins32/IRR_final/install/read_sign:/home/jblevins32/IRR_final/install/print_fixed_odometry:/opt/ros/humble DEBUGINFOD_URLS=https://debuginfod.ubuntu.com /usr/bin/cmake --install /home/jblevins32/IRR_final/build/control
