[0.120s] DEBUG:colcon:Command line arguments: ['/usr/bin/colcon', 'build', '--symlink-install', '--cmake-args', '-DCMAKE_BUILD_TYPE=Debug']
[0.120s] DEBUG:colcon:Parsed command line arguments: Namespace(log_base=None, log_level=None, verb_name='build', build_base='build', install_base='install', merge_install=False, symlink_install=True, test_result_base=None, continue_on_error=False, executor='parallel', parallel_workers=28, event_handlers=None, ignore_user_meta=False, metas=['./colcon.meta'], base_paths=['.'], packages_ignore=None, packages_ignore_regex=None, paths=None, packages_up_to=None, packages_up_to_regex=None, packages_above=None, packages_above_and_dependencies=None, packages_above_depth=None, packages_select_by_dep=None, packages_skip_by_dep=None, packages_skip_up_to=None, packages_select_build_failed=False, packages_skip_build_finished=False, packages_select_test_failures=False, packages_skip_test_passed=False, packages_select=None, packages_skip=None, packages_select_regex=None, packages_skip_regex=None, packages_start=None, packages_end=None, allow_overriding=[], cmake_args=['-DCMAKE_BUILD_TYPE=Debug'], cmake_target=None, cmake_target_skip_unavailable=False, cmake_clean_cache=False, cmake_clean_first=False, cmake_force_configure=False, ament_cmake_args=None, catkin_cmake_args=None, catkin_skip_building_tests=False, mixin_files=None, mixin=None, verb_parser=<colcon_mixin.mixin.mixin_argument.MixinArgumentDecorator object at 0x71d6e7b40a30>, verb_extension=<colcon_core.verb.build.BuildVerb object at 0x71d6e7cb1f90>, main=<bound method BuildVerb.main of <colcon_core.verb.build.BuildVerb object at 0x71d6e7cb1f90>>, mixin_verb=('build',))
[0.288s] Level 1:colcon.colcon_core.package_discovery:discover_packages(colcon_meta) check parameters
[0.288s] Level 1:colcon.colcon_core.package_discovery:discover_packages(recursive) check parameters
[0.288s] Level 1:colcon.colcon_core.package_discovery:discover_packages(ignore) check parameters
[0.288s] Level 1:colcon.colcon_core.package_discovery:discover_packages(path) check parameters
[0.288s] Level 1:colcon.colcon_core.package_discovery:discover_packages(colcon_meta) discover
[0.288s] Level 1:colcon.colcon_core.package_discovery:discover_packages(recursive) discover
[0.288s] INFO:colcon.colcon_core.package_discovery:Crawling recursively for packages in '/home/jblevins32/IRR_final'
[0.288s] Level 1:colcon.colcon_core.package_identification:_identify(.) by extensions ['ignore', 'ignore_ament_install']
[0.289s] Level 1:colcon.colcon_core.package_identification:_identify(.) by extension 'ignore'
[0.289s] Level 1:colcon.colcon_core.package_identification:_identify(.) by extension 'ignore_ament_install'
[0.289s] Level 1:colcon.colcon_core.package_identification:_identify(.) by extensions ['colcon_pkg']
[0.289s] Level 1:colcon.colcon_core.package_identification:_identify(.) by extension 'colcon_pkg'
[0.289s] Level 1:colcon.colcon_core.package_identification:_identify(.) by extensions ['colcon_meta']
[0.289s] Level 1:colcon.colcon_core.package_identification:_identify(.) by extension 'colcon_meta'
[0.289s] Level 1:colcon.colcon_core.package_identification:_identify(.) by extensions ['ros']
[0.289s] Level 1:colcon.colcon_core.package_identification:_identify(.) by extension 'ros'
[0.305s] Level 1:colcon.colcon_core.package_identification:_identify(.) by extensions ['cmake', 'python']
[0.306s] Level 1:colcon.colcon_core.package_identification:_identify(.) by extension 'cmake'
[0.306s] Level 1:colcon.colcon_core.package_identification:_identify(.) by extension 'python'
[0.306s] Level 1:colcon.colcon_core.package_identification:_identify(.) by extensions ['python_setup_py']
[0.306s] Level 1:colcon.colcon_core.package_identification:_identify(.) by extension 'python_setup_py'
[0.306s] Level 1:colcon.colcon_core.package_identification:_identify(__pycache__) by extensions ['ignore', 'ignore_ament_install']
[0.306s] Level 1:colcon.colcon_core.package_identification:_identify(__pycache__) by extension 'ignore'
[0.306s] Level 1:colcon.colcon_core.package_identification:_identify(__pycache__) by extension 'ignore_ament_install'
[0.306s] Level 1:colcon.colcon_core.package_identification:_identify(__pycache__) by extensions ['colcon_pkg']
[0.306s] Level 1:colcon.colcon_core.package_identification:_identify(__pycache__) by extension 'colcon_pkg'
[0.306s] Level 1:colcon.colcon_core.package_identification:_identify(__pycache__) by extensions ['colcon_meta']
[0.306s] Level 1:colcon.colcon_core.package_identification:_identify(__pycache__) by extension 'colcon_meta'
[0.306s] Level 1:colcon.colcon_core.package_identification:_identify(__pycache__) by extensions ['ros']
[0.306s] Level 1:colcon.colcon_core.package_identification:_identify(__pycache__) by extension 'ros'
[0.306s] Level 1:colcon.colcon_core.package_identification:_identify(__pycache__) by extensions ['cmake', 'python']
[0.306s] Level 1:colcon.colcon_core.package_identification:_identify(__pycache__) by extension 'cmake'
[0.306s] Level 1:colcon.colcon_core.package_identification:_identify(__pycache__) by extension 'python'
[0.306s] Level 1:colcon.colcon_core.package_identification:_identify(__pycache__) by extensions ['python_setup_py']
[0.306s] Level 1:colcon.colcon_core.package_identification:_identify(__pycache__) by extension 'python_setup_py'
[0.306s] Level 1:colcon.colcon_core.package_identification:_identify(build) by extensions ['ignore', 'ignore_ament_install']
[0.306s] Level 1:colcon.colcon_core.package_identification:_identify(build) by extension 'ignore'
[0.306s] Level 1:colcon.colcon_core.package_identification:_identify(build) ignored
[0.306s] Level 1:colcon.colcon_core.package_identification:_identify(data) by extensions ['ignore', 'ignore_ament_install']
[0.306s] Level 1:colcon.colcon_core.package_identification:_identify(data) by extension 'ignore'
[0.306s] Level 1:colcon.colcon_core.package_identification:_identify(data) by extension 'ignore_ament_install'
[0.306s] Level 1:colcon.colcon_core.package_identification:_identify(data) by extensions ['colcon_pkg']
[0.307s] Level 1:colcon.colcon_core.package_identification:_identify(data) by extension 'colcon_pkg'
[0.307s] Level 1:colcon.colcon_core.package_identification:_identify(data) by extensions ['colcon_meta']
[0.307s] Level 1:colcon.colcon_core.package_identification:_identify(data) by extension 'colcon_meta'
[0.307s] Level 1:colcon.colcon_core.package_identification:_identify(data) by extensions ['ros']
[0.307s] Level 1:colcon.colcon_core.package_identification:_identify(data) by extension 'ros'
[0.307s] Level 1:colcon.colcon_core.package_identification:_identify(data) by extensions ['cmake', 'python']
[0.307s] Level 1:colcon.colcon_core.package_identification:_identify(data) by extension 'cmake'
[0.307s] Level 1:colcon.colcon_core.package_identification:_identify(data) by extension 'python'
[0.307s] Level 1:colcon.colcon_core.package_identification:_identify(data) by extensions ['python_setup_py']
[0.307s] Level 1:colcon.colcon_core.package_identification:_identify(data) by extension 'python_setup_py'
[0.307s] Level 1:colcon.colcon_core.package_identification:_identify(data/2024F_Gimgs) by extensions ['ignore', 'ignore_ament_install']
[0.307s] Level 1:colcon.colcon_core.package_identification:_identify(data/2024F_Gimgs) by extension 'ignore'
[0.307s] Level 1:colcon.colcon_core.package_identification:_identify(data/2024F_Gimgs) by extension 'ignore_ament_install'
[0.307s] Level 1:colcon.colcon_core.package_identification:_identify(data/2024F_Gimgs) by extensions ['colcon_pkg']
[0.307s] Level 1:colcon.colcon_core.package_identification:_identify(data/2024F_Gimgs) by extension 'colcon_pkg'
[0.307s] Level 1:colcon.colcon_core.package_identification:_identify(data/2024F_Gimgs) by extensions ['colcon_meta']
[0.307s] Level 1:colcon.colcon_core.package_identification:_identify(data/2024F_Gimgs) by extension 'colcon_meta'
[0.307s] Level 1:colcon.colcon_core.package_identification:_identify(data/2024F_Gimgs) by extensions ['ros']
[0.307s] Level 1:colcon.colcon_core.package_identification:_identify(data/2024F_Gimgs) by extension 'ros'
[0.307s] Level 1:colcon.colcon_core.package_identification:_identify(data/2024F_Gimgs) by extensions ['cmake', 'python']
[0.307s] Level 1:colcon.colcon_core.package_identification:_identify(data/2024F_Gimgs) by extension 'cmake'
[0.307s] Level 1:colcon.colcon_core.package_identification:_identify(data/2024F_Gimgs) by extension 'python'
[0.307s] Level 1:colcon.colcon_core.package_identification:_identify(data/2024F_Gimgs) by extensions ['python_setup_py']
[0.307s] Level 1:colcon.colcon_core.package_identification:_identify(data/2024F_Gimgs) by extension 'python_setup_py'
[0.308s] Level 1:colcon.colcon_core.package_identification:_identify(data/2024F_Gimgs/images) by extensions ['ignore', 'ignore_ament_install']
[0.308s] Level 1:colcon.colcon_core.package_identification:_identify(data/2024F_Gimgs/images) by extension 'ignore'
[0.308s] Level 1:colcon.colcon_core.package_identification:_identify(data/2024F_Gimgs/images) by extension 'ignore_ament_install'
[0.308s] Level 1:colcon.colcon_core.package_identification:_identify(data/2024F_Gimgs/images) by extensions ['colcon_pkg']
[0.308s] Level 1:colcon.colcon_core.package_identification:_identify(data/2024F_Gimgs/images) by extension 'colcon_pkg'
[0.308s] Level 1:colcon.colcon_core.package_identification:_identify(data/2024F_Gimgs/images) by extensions ['colcon_meta']
[0.308s] Level 1:colcon.colcon_core.package_identification:_identify(data/2024F_Gimgs/images) by extension 'colcon_meta'
[0.308s] Level 1:colcon.colcon_core.package_identification:_identify(data/2024F_Gimgs/images) by extensions ['ros']
[0.308s] Level 1:colcon.colcon_core.package_identification:_identify(data/2024F_Gimgs/images) by extension 'ros'
[0.308s] Level 1:colcon.colcon_core.package_identification:_identify(data/2024F_Gimgs/images) by extensions ['cmake', 'python']
[0.308s] Level 1:colcon.colcon_core.package_identification:_identify(data/2024F_Gimgs/images) by extension 'cmake'
[0.308s] Level 1:colcon.colcon_core.package_identification:_identify(data/2024F_Gimgs/images) by extension 'python'
[0.308s] Level 1:colcon.colcon_core.package_identification:_identify(data/2024F_Gimgs/images) by extensions ['python_setup_py']
[0.308s] Level 1:colcon.colcon_core.package_identification:_identify(data/2024F_Gimgs/images) by extension 'python_setup_py'
[0.308s] Level 1:colcon.colcon_core.package_identification:_identify(data/2024F_imgs) by extensions ['ignore', 'ignore_ament_install']
[0.308s] Level 1:colcon.colcon_core.package_identification:_identify(data/2024F_imgs) by extension 'ignore'
[0.309s] Level 1:colcon.colcon_core.package_identification:_identify(data/2024F_imgs) by extension 'ignore_ament_install'
[0.309s] Level 1:colcon.colcon_core.package_identification:_identify(data/2024F_imgs) by extensions ['colcon_pkg']
[0.309s] Level 1:colcon.colcon_core.package_identification:_identify(data/2024F_imgs) by extension 'colcon_pkg'
[0.309s] Level 1:colcon.colcon_core.package_identification:_identify(data/2024F_imgs) by extensions ['colcon_meta']
[0.309s] Level 1:colcon.colcon_core.package_identification:_identify(data/2024F_imgs) by extension 'colcon_meta'
[0.309s] Level 1:colcon.colcon_core.package_identification:_identify(data/2024F_imgs) by extensions ['ros']
[0.309s] Level 1:colcon.colcon_core.package_identification:_identify(data/2024F_imgs) by extension 'ros'
[0.309s] Level 1:colcon.colcon_core.package_identification:_identify(data/2024F_imgs) by extensions ['cmake', 'python']
[0.309s] Level 1:colcon.colcon_core.package_identification:_identify(data/2024F_imgs) by extension 'cmake'
[0.309s] Level 1:colcon.colcon_core.package_identification:_identify(data/2024F_imgs) by extension 'python'
[0.309s] Level 1:colcon.colcon_core.package_identification:_identify(data/2024F_imgs) by extensions ['python_setup_py']
[0.309s] Level 1:colcon.colcon_core.package_identification:_identify(data/2024F_imgs) by extension 'python_setup_py'
[0.309s] Level 1:colcon.colcon_core.package_identification:_identify(data/2025S_imgs) by extensions ['ignore', 'ignore_ament_install']
[0.309s] Level 1:colcon.colcon_core.package_identification:_identify(data/2025S_imgs) by extension 'ignore'
[0.309s] Level 1:colcon.colcon_core.package_identification:_identify(data/2025S_imgs) by extension 'ignore_ament_install'
[0.309s] Level 1:colcon.colcon_core.package_identification:_identify(data/2025S_imgs) by extensions ['colcon_pkg']
[0.309s] Level 1:colcon.colcon_core.package_identification:_identify(data/2025S_imgs) by extension 'colcon_pkg'
[0.309s] Level 1:colcon.colcon_core.package_identification:_identify(data/2025S_imgs) by extensions ['colcon_meta']
[0.309s] Level 1:colcon.colcon_core.package_identification:_identify(data/2025S_imgs) by extension 'colcon_meta'
[0.309s] Level 1:colcon.colcon_core.package_identification:_identify(data/2025S_imgs) by extensions ['ros']
[0.309s] Level 1:colcon.colcon_core.package_identification:_identify(data/2025S_imgs) by extension 'ros'
[0.309s] Level 1:colcon.colcon_core.package_identification:_identify(data/2025S_imgs) by extensions ['cmake', 'python']
[0.309s] Level 1:colcon.colcon_core.package_identification:_identify(data/2025S_imgs) by extension 'cmake'
[0.309s] Level 1:colcon.colcon_core.package_identification:_identify(data/2025S_imgs) by extension 'python'
[0.309s] Level 1:colcon.colcon_core.package_identification:_identify(data/2025S_imgs) by extensions ['python_setup_py']
[0.309s] Level 1:colcon.colcon_core.package_identification:_identify(data/2025S_imgs) by extension 'python_setup_py'
[0.310s] Level 1:colcon.colcon_core.package_identification:_identify(install) by extensions ['ignore', 'ignore_ament_install']
[0.310s] Level 1:colcon.colcon_core.package_identification:_identify(install) by extension 'ignore'
[0.310s] Level 1:colcon.colcon_core.package_identification:_identify(install) ignored
[0.310s] Level 1:colcon.colcon_core.package_identification:_identify(log) by extensions ['ignore', 'ignore_ament_install']
[0.310s] Level 1:colcon.colcon_core.package_identification:_identify(log) by extension 'ignore'
[0.310s] Level 1:colcon.colcon_core.package_identification:_identify(log) ignored
[0.310s] Level 1:colcon.colcon_core.package_identification:_identify(src) by extensions ['ignore', 'ignore_ament_install']
[0.310s] Level 1:colcon.colcon_core.package_identification:_identify(src) by extension 'ignore'
[0.310s] Level 1:colcon.colcon_core.package_identification:_identify(src) by extension 'ignore_ament_install'
[0.310s] Level 1:colcon.colcon_core.package_identification:_identify(src) by extensions ['colcon_pkg']
[0.310s] Level 1:colcon.colcon_core.package_identification:_identify(src) by extension 'colcon_pkg'
[0.310s] Level 1:colcon.colcon_core.package_identification:_identify(src) by extensions ['colcon_meta']
[0.310s] Level 1:colcon.colcon_core.package_identification:_identify(src) by extension 'colcon_meta'
[0.310s] Level 1:colcon.colcon_core.package_identification:_identify(src) by extensions ['ros']
[0.310s] Level 1:colcon.colcon_core.package_identification:_identify(src) by extension 'ros'
[0.310s] Level 1:colcon.colcon_core.package_identification:_identify(src) by extensions ['cmake', 'python']
[0.310s] Level 1:colcon.colcon_core.package_identification:_identify(src) by extension 'cmake'
[0.310s] Level 1:colcon.colcon_core.package_identification:_identify(src) by extension 'python'
[0.310s] Level 1:colcon.colcon_core.package_identification:_identify(src) by extensions ['python_setup_py']
[0.310s] Level 1:colcon.colcon_core.package_identification:_identify(src) by extension 'python_setup_py'
[0.310s] Level 1:colcon.colcon_core.package_identification:_identify(src/control) by extensions ['ignore', 'ignore_ament_install']
[0.310s] Level 1:colcon.colcon_core.package_identification:_identify(src/control) by extension 'ignore'
[0.310s] Level 1:colcon.colcon_core.package_identification:_identify(src/control) by extension 'ignore_ament_install'
[0.310s] Level 1:colcon.colcon_core.package_identification:_identify(src/control) by extensions ['colcon_pkg']
[0.310s] Level 1:colcon.colcon_core.package_identification:_identify(src/control) by extension 'colcon_pkg'
[0.310s] Level 1:colcon.colcon_core.package_identification:_identify(src/control) by extensions ['colcon_meta']
[0.310s] Level 1:colcon.colcon_core.package_identification:_identify(src/control) by extension 'colcon_meta'
[0.311s] Level 1:colcon.colcon_core.package_identification:_identify(src/control) by extensions ['ros']
[0.311s] Level 1:colcon.colcon_core.package_identification:_identify(src/control) by extension 'ros'
[0.313s] DEBUG:colcon.colcon_core.package_identification:Package 'src/control' with type 'ros.ament_cmake' and name 'control'
[0.313s] Level 1:colcon.colcon_core.package_identification:_identify(src/print_fixed_odometry) by extensions ['ignore', 'ignore_ament_install']
[0.313s] Level 1:colcon.colcon_core.package_identification:_identify(src/print_fixed_odometry) by extension 'ignore'
[0.313s] Level 1:colcon.colcon_core.package_identification:_identify(src/print_fixed_odometry) by extension 'ignore_ament_install'
[0.313s] Level 1:colcon.colcon_core.package_identification:_identify(src/print_fixed_odometry) by extensions ['colcon_pkg']
[0.313s] Level 1:colcon.colcon_core.package_identification:_identify(src/print_fixed_odometry) by extension 'colcon_pkg'
[0.313s] Level 1:colcon.colcon_core.package_identification:_identify(src/print_fixed_odometry) by extensions ['colcon_meta']
[0.313s] Level 1:colcon.colcon_core.package_identification:_identify(src/print_fixed_odometry) by extension 'colcon_meta'
[0.313s] Level 1:colcon.colcon_core.package_identification:_identify(src/print_fixed_odometry) by extensions ['ros']
[0.313s] Level 1:colcon.colcon_core.package_identification:_identify(src/print_fixed_odometry) by extension 'ros'
[0.314s] DEBUG:colcon.colcon_core.package_identification:Package 'src/print_fixed_odometry' with type 'ros.ament_python' and name 'print_fixed_odometry'
[0.314s] Level 1:colcon.colcon_core.package_identification:_identify(src/read_sign) by extensions ['ignore', 'ignore_ament_install']
[0.314s] Level 1:colcon.colcon_core.package_identification:_identify(src/read_sign) by extension 'ignore'
[0.314s] Level 1:colcon.colcon_core.package_identification:_identify(src/read_sign) by extension 'ignore_ament_install'
[0.314s] Level 1:colcon.colcon_core.package_identification:_identify(src/read_sign) by extensions ['colcon_pkg']
[0.314s] Level 1:colcon.colcon_core.package_identification:_identify(src/read_sign) by extension 'colcon_pkg'
[0.314s] Level 1:colcon.colcon_core.package_identification:_identify(src/read_sign) by extensions ['colcon_meta']
[0.314s] Level 1:colcon.colcon_core.package_identification:_identify(src/read_sign) by extension 'colcon_meta'
[0.314s] Level 1:colcon.colcon_core.package_identification:_identify(src/read_sign) by extensions ['ros']
[0.314s] Level 1:colcon.colcon_core.package_identification:_identify(src/read_sign) by extension 'ros'
[0.314s] DEBUG:colcon.colcon_core.package_identification:Package 'src/read_sign' with type 'ros.ament_python' and name 'read_sign'
[0.314s] Level 1:colcon.colcon_core.package_discovery:discover_packages(recursive) using defaults
[0.315s] Level 1:colcon.colcon_core.package_discovery:discover_packages(ignore) discover
[0.315s] Level 1:colcon.colcon_core.package_discovery:discover_packages(ignore) using defaults
[0.315s] Level 1:colcon.colcon_core.package_discovery:discover_packages(path) discover
[0.315s] Level 1:colcon.colcon_core.package_discovery:discover_packages(path) using defaults
[0.335s] Level 1:colcon.colcon_core.package_discovery:discover_packages(prefix_path) check parameters
[0.335s] Level 1:colcon.colcon_core.package_discovery:discover_packages(prefix_path) discover
[0.337s] DEBUG:colcon.colcon_installed_package_information.package_discovery:Found 3 installed packages in /home/jblevins32/IRR_final/install
[0.339s] DEBUG:colcon.colcon_installed_package_information.package_discovery:Found 420 installed packages in /opt/ros/humble
[0.341s] Level 1:colcon.colcon_core.package_discovery:discover_packages(prefix_path) using defaults
[0.387s] Level 5:colcon.colcon_core.verb:set package 'control' build argument 'cmake_args' from command line to '['-DCMAKE_BUILD_TYPE=Debug']'
[0.387s] Level 5:colcon.colcon_core.verb:set package 'control' build argument 'cmake_target' from command line to 'None'
[0.387s] Level 5:colcon.colcon_core.verb:set package 'control' build argument 'cmake_target_skip_unavailable' from command line to 'False'
[0.387s] Level 5:colcon.colcon_core.verb:set package 'control' build argument 'cmake_clean_cache' from command line to 'False'
[0.387s] Level 5:colcon.colcon_core.verb:set package 'control' build argument 'cmake_clean_first' from command line to 'False'
[0.387s] Level 5:colcon.colcon_core.verb:set package 'control' build argument 'cmake_force_configure' from command line to 'False'
[0.387s] Level 5:colcon.colcon_core.verb:set package 'control' build argument 'ament_cmake_args' from command line to 'None'
[0.387s] Level 5:colcon.colcon_core.verb:set package 'control' build argument 'catkin_cmake_args' from command line to 'None'
[0.387s] Level 5:colcon.colcon_core.verb:set package 'control' build argument 'catkin_skip_building_tests' from command line to 'False'
[0.387s] DEBUG:colcon.colcon_core.verb:Building package 'control' with the following arguments: {'ament_cmake_args': None, 'build_base': '/home/jblevins32/IRR_final/build/control', 'catkin_cmake_args': None, 'catkin_skip_building_tests': False, 'cmake_args': ['-DCMAKE_BUILD_TYPE=Debug'], 'cmake_clean_cache': False, 'cmake_clean_first': False, 'cmake_force_configure': False, 'cmake_target': None, 'cmake_target_skip_unavailable': False, 'install_base': '/home/jblevins32/IRR_final/install/control', 'merge_install': False, 'path': '/home/jblevins32/IRR_final/src/control', 'symlink_install': True, 'test_result_base': None}
[0.388s] Level 5:colcon.colcon_core.verb:set package 'print_fixed_odometry' build argument 'cmake_args' from command line to '['-DCMAKE_BUILD_TYPE=Debug']'
[0.388s] Level 5:colcon.colcon_core.verb:set package 'print_fixed_odometry' build argument 'cmake_target' from command line to 'None'
[0.388s] Level 5:colcon.colcon_core.verb:set package 'print_fixed_odometry' build argument 'cmake_target_skip_unavailable' from command line to 'False'
[0.388s] Level 5:colcon.colcon_core.verb:set package 'print_fixed_odometry' build argument 'cmake_clean_cache' from command line to 'False'
[0.388s] Level 5:colcon.colcon_core.verb:set package 'print_fixed_odometry' build argument 'cmake_clean_first' from command line to 'False'
[0.388s] Level 5:colcon.colcon_core.verb:set package 'print_fixed_odometry' build argument 'cmake_force_configure' from command line to 'False'
[0.388s] Level 5:colcon.colcon_core.verb:set package 'print_fixed_odometry' build argument 'ament_cmake_args' from command line to 'None'
[0.388s] Level 5:colcon.colcon_core.verb:set package 'print_fixed_odometry' build argument 'catkin_cmake_args' from command line to 'None'
[0.388s] Level 5:colcon.colcon_core.verb:set package 'print_fixed_odometry' build argument 'catkin_skip_building_tests' from command line to 'False'
[0.388s] DEBUG:colcon.colcon_core.verb:Building package 'print_fixed_odometry' with the following arguments: {'ament_cmake_args': None, 'build_base': '/home/jblevins32/IRR_final/build/print_fixed_odometry', 'catkin_cmake_args': None, 'catkin_skip_building_tests': False, 'cmake_args': ['-DCMAKE_BUILD_TYPE=Debug'], 'cmake_clean_cache': False, 'cmake_clean_first': False, 'cmake_force_configure': False, 'cmake_target': None, 'cmake_target_skip_unavailable': False, 'install_base': '/home/jblevins32/IRR_final/install/print_fixed_odometry', 'merge_install': False, 'path': '/home/jblevins32/IRR_final/src/print_fixed_odometry', 'symlink_install': True, 'test_result_base': None}
[0.388s] Level 5:colcon.colcon_core.verb:set package 'read_sign' build argument 'cmake_args' from command line to '['-DCMAKE_BUILD_TYPE=Debug']'
[0.388s] Level 5:colcon.colcon_core.verb:set package 'read_sign' build argument 'cmake_target' from command line to 'None'
[0.388s] Level 5:colcon.colcon_core.verb:set package 'read_sign' build argument 'cmake_target_skip_unavailable' from command line to 'False'
[0.388s] Level 5:colcon.colcon_core.verb:set package 'read_sign' build argument 'cmake_clean_cache' from command line to 'False'
[0.388s] Level 5:colcon.colcon_core.verb:set package 'read_sign' build argument 'cmake_clean_first' from command line to 'False'
[0.388s] Level 5:colcon.colcon_core.verb:set package 'read_sign' build argument 'cmake_force_configure' from command line to 'False'
[0.388s] Level 5:colcon.colcon_core.verb:set package 'read_sign' build argument 'ament_cmake_args' from command line to 'None'
[0.388s] Level 5:colcon.colcon_core.verb:set package 'read_sign' build argument 'catkin_cmake_args' from command line to 'None'
[0.388s] Level 5:colcon.colcon_core.verb:set package 'read_sign' build argument 'catkin_skip_building_tests' from command line to 'False'
[0.388s] DEBUG:colcon.colcon_core.verb:Building package 'read_sign' with the following arguments: {'ament_cmake_args': None, 'build_base': '/home/jblevins32/IRR_final/build/read_sign', 'catkin_cmake_args': None, 'catkin_skip_building_tests': False, 'cmake_args': ['-DCMAKE_BUILD_TYPE=Debug'], 'cmake_clean_cache': False, 'cmake_clean_first': False, 'cmake_force_configure': False, 'cmake_target': None, 'cmake_target_skip_unavailable': False, 'install_base': '/home/jblevins32/IRR_final/install/read_sign', 'merge_install': False, 'path': '/home/jblevins32/IRR_final/src/read_sign', 'symlink_install': True, 'test_result_base': None}
[0.388s] INFO:colcon.colcon_core.executor:Executing jobs using 'parallel' executor
[0.389s] DEBUG:colcon.colcon_parallel_executor.executor.parallel:run_until_complete
[0.389s] INFO:colcon.colcon_ros.task.ament_cmake.build:Building ROS package in '/home/jblevins32/IRR_final/src/control' with build type 'ament_cmake'
[0.389s] INFO:colcon.colcon_cmake.task.cmake.build:Building CMake package in '/home/jblevins32/IRR_final/src/control'
[0.391s] INFO:colcon.colcon_core.plugin_system:Skipping extension 'colcon_core.shell.bat': Not used on non-Windows systems
[0.391s] INFO:colcon.colcon_core.shell:Skip shell extension 'powershell' for command environment: Not usable outside of PowerShell
[0.391s] DEBUG:colcon.colcon_core.shell:Skip shell extension 'dsv' for command environment
[0.395s] INFO:colcon.colcon_ros.task.ament_python.build:Building ROS package in '/home/jblevins32/IRR_final/src/print_fixed_odometry' with build type 'ament_python'
[0.395s] Level 1:colcon.colcon_core.shell:create_environment_hook('print_fixed_odometry', 'ament_prefix_path')
[0.395s] INFO:colcon.colcon_core.shell:Creating environment hook '/home/jblevins32/IRR_final/install/print_fixed_odometry/share/print_fixed_odometry/hook/ament_prefix_path.ps1'
[0.396s] INFO:colcon.colcon_core.shell:Creating environment descriptor '/home/jblevins32/IRR_final/install/print_fixed_odometry/share/print_fixed_odometry/hook/ament_prefix_path.dsv'
[0.396s] INFO:colcon.colcon_core.shell:Creating environment hook '/home/jblevins32/IRR_final/install/print_fixed_odometry/share/print_fixed_odometry/hook/ament_prefix_path.sh'
[0.397s] INFO:colcon.colcon_core.shell:Skip shell extension 'powershell' for command environment: Not usable outside of PowerShell
[0.397s] DEBUG:colcon.colcon_core.shell:Skip shell extension 'dsv' for command environment
[0.400s] INFO:colcon.colcon_ros.task.ament_python.build:Building ROS package in '/home/jblevins32/IRR_final/src/read_sign' with build type 'ament_python'
[0.401s] Level 1:colcon.colcon_core.shell:create_environment_hook('read_sign', 'ament_prefix_path')
[0.401s] INFO:colcon.colcon_core.shell:Creating environment hook '/home/jblevins32/IRR_final/install/read_sign/share/read_sign/hook/ament_prefix_path.ps1'
[0.402s] INFO:colcon.colcon_core.shell:Creating environment descriptor '/home/jblevins32/IRR_final/install/read_sign/share/read_sign/hook/ament_prefix_path.dsv'
[0.402s] INFO:colcon.colcon_core.shell:Creating environment hook '/home/jblevins32/IRR_final/install/read_sign/share/read_sign/hook/ament_prefix_path.sh'
[0.403s] INFO:colcon.colcon_core.shell:Skip shell extension 'powershell' for command environment: Not usable outside of PowerShell
[0.404s] DEBUG:colcon.colcon_core.shell:Skip shell extension 'dsv' for command environment
[0.415s] DEBUG:colcon.colcon_core.event_handler.log_command:Invoking command in '/home/jblevins32/IRR_final/build/control': CMAKE_PREFIX_PATH=${CMAKE_PREFIX_PATH}:/home/jblevins32/IRR_final/install/read_sign:/home/jblevins32/IRR_final/install/print_fixed_odometry:/opt/ros/humble DEBUGINFOD_URLS=https://debuginfod.ubuntu.com /usr/bin/cmake /home/jblevins32/IRR_final/src/control -DCMAKE_BUILD_TYPE=Debug -DAMENT_CMAKE_SYMLINK_INSTALL=1 -DCMAKE_INSTALL_PREFIX=/home/jblevins32/IRR_final/install/control
[0.721s] INFO:colcon.colcon_core.task.python.build:Building Python package in '/home/jblevins32/IRR_final/src/print_fixed_odometry'
[0.722s] INFO:colcon.colcon_core.shell:Skip shell extension 'powershell' for command environment: Not usable outside of PowerShell
[0.722s] DEBUG:colcon.colcon_core.shell:Skip shell extension 'dsv' for command environment
[1.026s] INFO:colcon.colcon_core.task.python.build:Building Python package in '/home/jblevins32/IRR_final/src/read_sign'
[1.027s] INFO:colcon.colcon_core.shell:Skip shell extension 'powershell' for command environment: Not usable outside of PowerShell
[1.027s] DEBUG:colcon.colcon_core.shell:Skip shell extension 'dsv' for command environment
[1.127s] DEBUG:colcon.colcon_core.event_handler.log_command:Invoked command in '/home/jblevins32/IRR_final/build/control' returned '0': CMAKE_PREFIX_PATH=${CMAKE_PREFIX_PATH}:/home/jblevins32/IRR_final/install/read_sign:/home/jblevins32/IRR_final/install/print_fixed_odometry:/opt/ros/humble DEBUGINFOD_URLS=https://debuginfod.ubuntu.com /usr/bin/cmake /home/jblevins32/IRR_final/src/control -DCMAKE_BUILD_TYPE=Debug -DAMENT_CMAKE_SYMLINK_INSTALL=1 -DCMAKE_INSTALL_PREFIX=/home/jblevins32/IRR_final/install/control
[1.130s] DEBUG:colcon.colcon_core.event_handler.log_command:Invoking command in '/home/jblevins32/IRR_final/build/control': CMAKE_PREFIX_PATH=${CMAKE_PREFIX_PATH}:/home/jblevins32/IRR_final/install/read_sign:/home/jblevins32/IRR_final/install/print_fixed_odometry:/opt/ros/humble DEBUGINFOD_URLS=https://debuginfod.ubuntu.com /usr/bin/cmake --build /home/jblevins32/IRR_final/build/control -- -j28 -l28
[1.426s] DEBUG:colcon.colcon_core.task.python.build:While undoing a previous installation files outside the Python library path are being ignored: /home/jblevins32/IRR_final/install/print_fixed_odometry/share/ament_index/resource_index/packages/print_fixed_odometry
[1.426s] DEBUG:colcon.colcon_core.task.python.build:While undoing a previous installation files outside the Python library path are being ignored: /home/jblevins32/IRR_final/install/print_fixed_odometry/share/print_fixed_odometry/package.xml
[1.426s] DEBUG:colcon.colcon_core.task.python.build:While undoing a previous installation files outside the Python library path are being ignored: /home/jblevins32/IRR_final/install/print_fixed_odometry/lib/print_fixed_odometry/zero_odom
[1.431s] DEBUG:colcon.colcon_core.event_handler.log_command:Invoking command in '/home/jblevins32/IRR_final/build/print_fixed_odometry': DEBUGINFOD_URLS=https://debuginfod.ubuntu.com PYTHONPATH=/home/jblevins32/IRR_final/build/print_fixed_odometry/prefix_override:/usr/lib/python3/dist-packages/colcon_core/task/python/colcon_distutils_commands:/home/jblevins32/IRR_final/install/print_fixed_odometry/lib/python3.10/site-packages:${PYTHONPATH} /usr/bin/python3 -W ignore:setup.py install is deprecated -W ignore:easy_install command is deprecated setup.py develop --editable --build-directory /home/jblevins32/IRR_final/build/print_fixed_odometry/build --no-deps symlink_data --force
[1.437s] DEBUG:colcon.colcon_core.task.python.build:While undoing a previous installation files outside the Python library path are being ignored: /home/jblevins32/IRR_final/install/read_sign/share/ament_index/resource_index/packages/read_sign
[1.437s] DEBUG:colcon.colcon_core.task.python.build:While undoing a previous installation files outside the Python library path are being ignored: /home/jblevins32/IRR_final/install/read_sign/share/read_sign/package.xml
[1.437s] DEBUG:colcon.colcon_core.task.python.build:While undoing a previous installation files outside the Python library path are being ignored: /home/jblevins32/IRR_final/install/read_sign/lib/read_sign/read_sign_pubsub
[1.441s] DEBUG:colcon.colcon_core.event_handler.log_command:Invoking command in '/home/jblevins32/IRR_final/build/read_sign': DEBUGINFOD_URLS=https://debuginfod.ubuntu.com PYTHONPATH=/home/jblevins32/IRR_final/build/read_sign/prefix_override:/usr/lib/python3/dist-packages/colcon_core/task/python/colcon_distutils_commands:/home/jblevins32/IRR_final/install/read_sign/lib/python3.10/site-packages:${PYTHONPATH} /usr/bin/python3 -W ignore:setup.py install is deprecated -W ignore:easy_install command is deprecated setup.py develop --editable --build-directory /home/jblevins32/IRR_final/build/read_sign/build --no-deps symlink_data --force
[2.005s] Level 1:colcon.colcon_core.shell:create_environment_hook('print_fixed_odometry', 'pythonpath_develop')
[2.005s] INFO:colcon.colcon_core.shell:Creating environment hook '/home/jblevins32/IRR_final/build/print_fixed_odometry/share/print_fixed_odometry/hook/pythonpath_develop.ps1'
[2.005s] DEBUG:colcon.colcon_core.event_handler.log_command:Invoked command in '/home/jblevins32/IRR_final/build/print_fixed_odometry' returned '0': DEBUGINFOD_URLS=https://debuginfod.ubuntu.com PYTHONPATH=/home/jblevins32/IRR_final/build/print_fixed_odometry/prefix_override:/usr/lib/python3/dist-packages/colcon_core/task/python/colcon_distutils_commands:/home/jblevins32/IRR_final/install/print_fixed_odometry/lib/python3.10/site-packages:${PYTHONPATH} /usr/bin/python3 -W ignore:setup.py install is deprecated -W ignore:easy_install command is deprecated setup.py develop --editable --build-directory /home/jblevins32/IRR_final/build/print_fixed_odometry/build --no-deps symlink_data --force
[2.006s] INFO:colcon.colcon_core.shell:Creating environment descriptor '/home/jblevins32/IRR_final/build/print_fixed_odometry/share/print_fixed_odometry/hook/pythonpath_develop.dsv'
[2.007s] INFO:colcon.colcon_core.shell:Creating environment hook '/home/jblevins32/IRR_final/build/print_fixed_odometry/share/print_fixed_odometry/hook/pythonpath_develop.sh'
[2.009s] Level 1:colcon.colcon_core.environment:checking '/home/jblevins32/IRR_final/install/print_fixed_odometry' for CMake module files
[2.009s] Level 1:colcon.colcon_core.environment:checking '/home/jblevins32/IRR_final/install/print_fixed_odometry' for CMake config files
[2.010s] Level 1:colcon.colcon_core.environment:checking '/home/jblevins32/IRR_final/install/print_fixed_odometry/lib'
[2.010s] Level 1:colcon.colcon_core.environment:checking '/home/jblevins32/IRR_final/install/print_fixed_odometry/bin'
[2.010s] Level 1:colcon.colcon_core.environment:checking '/home/jblevins32/IRR_final/install/print_fixed_odometry/lib/pkgconfig/print_fixed_odometry.pc'
[2.010s] Level 1:colcon.colcon_core.environment:checking '/home/jblevins32/IRR_final/install/print_fixed_odometry/lib/python3.10/site-packages'
[2.010s] Level 1:colcon.colcon_core.shell:create_environment_hook('print_fixed_odometry', 'pythonpath')
[2.010s] INFO:colcon.colcon_core.shell:Creating environment hook '/home/jblevins32/IRR_final/install/print_fixed_odometry/share/print_fixed_odometry/hook/pythonpath.ps1'
[2.011s] INFO:colcon.colcon_core.shell:Creating environment descriptor '/home/jblevins32/IRR_final/install/print_fixed_odometry/share/print_fixed_odometry/hook/pythonpath.dsv'
[2.011s] INFO:colcon.colcon_core.shell:Creating environment hook '/home/jblevins32/IRR_final/install/print_fixed_odometry/share/print_fixed_odometry/hook/pythonpath.sh'
[2.012s] Level 1:colcon.colcon_core.environment:checking '/home/jblevins32/IRR_final/install/print_fixed_odometry/bin'
[2.012s] Level 1:colcon.colcon_core.environment:create_environment_scripts_only(print_fixed_odometry)
[2.012s] INFO:colcon.colcon_core.shell:Creating package script '/home/jblevins32/IRR_final/install/print_fixed_odometry/share/print_fixed_odometry/package.ps1'
[2.014s] INFO:colcon.colcon_core.shell:Creating package descriptor '/home/jblevins32/IRR_final/install/print_fixed_odometry/share/print_fixed_odometry/package.dsv'
[2.015s] INFO:colcon.colcon_core.shell:Creating package script '/home/jblevins32/IRR_final/install/print_fixed_odometry/share/print_fixed_odometry/package.sh'
[2.016s] INFO:colcon.colcon_core.shell:Creating package script '/home/jblevins32/IRR_final/install/print_fixed_odometry/share/print_fixed_odometry/package.bash'
[2.018s] INFO:colcon.colcon_core.shell:Creating package script '/home/jblevins32/IRR_final/install/print_fixed_odometry/share/print_fixed_odometry/package.zsh'
[2.019s] Level 1:colcon.colcon_core.environment:create_file_with_runtime_dependencies(/home/jblevins32/IRR_final/install/print_fixed_odometry/share/colcon-core/packages/print_fixed_odometry)
[2.043s] Level 1:colcon.colcon_core.shell:create_environment_hook('read_sign', 'pythonpath_develop')
[2.043s] INFO:colcon.colcon_core.shell:Creating environment hook '/home/jblevins32/IRR_final/build/read_sign/share/read_sign/hook/pythonpath_develop.ps1'
[2.044s] DEBUG:colcon.colcon_core.event_handler.log_command:Invoked command in '/home/jblevins32/IRR_final/build/read_sign' returned '0': DEBUGINFOD_URLS=https://debuginfod.ubuntu.com PYTHONPATH=/home/jblevins32/IRR_final/build/read_sign/prefix_override:/usr/lib/python3/dist-packages/colcon_core/task/python/colcon_distutils_commands:/home/jblevins32/IRR_final/install/read_sign/lib/python3.10/site-packages:${PYTHONPATH} /usr/bin/python3 -W ignore:setup.py install is deprecated -W ignore:easy_install command is deprecated setup.py develop --editable --build-directory /home/jblevins32/IRR_final/build/read_sign/build --no-deps symlink_data --force
[2.045s] INFO:colcon.colcon_core.shell:Creating environment descriptor '/home/jblevins32/IRR_final/build/read_sign/share/read_sign/hook/pythonpath_develop.dsv'
[2.046s] INFO:colcon.colcon_core.shell:Creating environment hook '/home/jblevins32/IRR_final/build/read_sign/share/read_sign/hook/pythonpath_develop.sh'
[2.047s] Level 1:colcon.colcon_core.environment:checking '/home/jblevins32/IRR_final/install/read_sign' for CMake module files
[2.047s] Level 1:colcon.colcon_core.environment:checking '/home/jblevins32/IRR_final/install/read_sign' for CMake config files
[2.048s] Level 1:colcon.colcon_core.environment:checking '/home/jblevins32/IRR_final/install/read_sign/lib'
[2.048s] Level 1:colcon.colcon_core.environment:checking '/home/jblevins32/IRR_final/install/read_sign/bin'
[2.048s] Level 1:colcon.colcon_core.environment:checking '/home/jblevins32/IRR_final/install/read_sign/lib/pkgconfig/read_sign.pc'
[2.049s] Level 1:colcon.colcon_core.environment:checking '/home/jblevins32/IRR_final/install/read_sign/lib/python3.10/site-packages'
[2.049s] Level 1:colcon.colcon_core.shell:create_environment_hook('read_sign', 'pythonpath')
[2.049s] INFO:colcon.colcon_core.shell:Creating environment hook '/home/jblevins32/IRR_final/install/read_sign/share/read_sign/hook/pythonpath.ps1'
[2.050s] INFO:colcon.colcon_core.shell:Creating environment descriptor '/home/jblevins32/IRR_final/install/read_sign/share/read_sign/hook/pythonpath.dsv'
[2.050s] INFO:colcon.colcon_core.shell:Creating environment hook '/home/jblevins32/IRR_final/install/read_sign/share/read_sign/hook/pythonpath.sh'
[2.051s] Level 1:colcon.colcon_core.environment:checking '/home/jblevins32/IRR_final/install/read_sign/bin'
[2.051s] Level 1:colcon.colcon_core.environment:create_environment_scripts_only(read_sign)
[2.052s] INFO:colcon.colcon_core.shell:Creating package script '/home/jblevins32/IRR_final/install/read_sign/share/read_sign/package.ps1'
[2.053s] INFO:colcon.colcon_core.shell:Creating package descriptor '/home/jblevins32/IRR_final/install/read_sign/share/read_sign/package.dsv'
[2.054s] INFO:colcon.colcon_core.shell:Creating package script '/home/jblevins32/IRR_final/install/read_sign/share/read_sign/package.sh'
[2.054s] INFO:colcon.colcon_core.shell:Creating package script '/home/jblevins32/IRR_final/install/read_sign/share/read_sign/package.bash'
[2.055s] INFO:colcon.colcon_core.shell:Creating package script '/home/jblevins32/IRR_final/install/read_sign/share/read_sign/package.zsh'
[2.055s] Level 1:colcon.colcon_core.environment:create_file_with_runtime_dependencies(/home/jblevins32/IRR_final/install/read_sign/share/colcon-core/packages/read_sign)
[2.183s] DEBUG:colcon.colcon_core.event_handler.log_command:Invoked command in '/home/jblevins32/IRR_final/build/control' returned '0': CMAKE_PREFIX_PATH=${CMAKE_PREFIX_PATH}:/home/jblevins32/IRR_final/install/read_sign:/home/jblevins32/IRR_final/install/print_fixed_odometry:/opt/ros/humble DEBUGINFOD_URLS=https://debuginfod.ubuntu.com /usr/bin/cmake --build /home/jblevins32/IRR_final/build/control -- -j28 -l28
[2.197s] DEBUG:colcon.colcon_core.event_handler.log_command:Invoking command in '/home/jblevins32/IRR_final/build/control': CMAKE_PREFIX_PATH=${CMAKE_PREFIX_PATH}:/home/jblevins32/IRR_final/install/read_sign:/home/jblevins32/IRR_final/install/print_fixed_odometry:/opt/ros/humble DEBUGINFOD_URLS=https://debuginfod.ubuntu.com /usr/bin/cmake --install /home/jblevins32/IRR_final/build/control
[2.394s] Level 1:colcon.colcon_core.environment:create_environment_scripts_only(control)
[2.394s] Level 1:colcon.colcon_core.environment:checking '/home/jblevins32/IRR_final/install/control' for CMake module files
[2.395s] DEBUG:colcon.colcon_core.event_handler.log_command:Invoked command in '/home/jblevins32/IRR_final/build/control' returned '0': CMAKE_PREFIX_PATH=${CMAKE_PREFIX_PATH}:/home/jblevins32/IRR_final/install/read_sign:/home/jblevins32/IRR_final/install/print_fixed_odometry:/opt/ros/humble DEBUGINFOD_URLS=https://debuginfod.ubuntu.com /usr/bin/cmake --install /home/jblevins32/IRR_final/build/control
[2.396s] Level 1:colcon.colcon_core.environment:checking '/home/jblevins32/IRR_final/install/control' for CMake config files
[2.396s] Level 1:colcon.colcon_core.shell:create_environment_hook('control', 'cmake_prefix_path')
[2.396s] INFO:colcon.colcon_core.shell:Creating environment hook '/home/jblevins32/IRR_final/install/control/share/control/hook/cmake_prefix_path.ps1'
[2.397s] INFO:colcon.colcon_core.shell:Creating environment descriptor '/home/jblevins32/IRR_final/install/control/share/control/hook/cmake_prefix_path.dsv'
[2.398s] INFO:colcon.colcon_core.shell:Creating environment hook '/home/jblevins32/IRR_final/install/control/share/control/hook/cmake_prefix_path.sh'
[2.398s] Level 1:colcon.colcon_core.environment:checking '/home/jblevins32/IRR_final/install/control/lib'
[2.398s] Level 1:colcon.colcon_core.environment:checking '/home/jblevins32/IRR_final/install/control/bin'
[2.398s] Level 1:colcon.colcon_core.environment:checking '/home/jblevins32/IRR_final/install/control/lib/pkgconfig/control.pc'
[2.399s] Level 1:colcon.colcon_core.environment:checking '/home/jblevins32/IRR_final/install/control/lib/python3.10/site-packages'
[2.399s] Level 1:colcon.colcon_core.environment:checking '/home/jblevins32/IRR_final/install/control/bin'
[2.399s] INFO:colcon.colcon_core.shell:Creating package script '/home/jblevins32/IRR_final/install/control/share/control/package.ps1'
[2.400s] INFO:colcon.colcon_core.shell:Creating package descriptor '/home/jblevins32/IRR_final/install/control/share/control/package.dsv'
[2.400s] INFO:colcon.colcon_core.shell:Creating package script '/home/jblevins32/IRR_final/install/control/share/control/package.sh'
[2.400s] INFO:colcon.colcon_core.shell:Creating package script '/home/jblevins32/IRR_final/install/control/share/control/package.bash'
[2.401s] INFO:colcon.colcon_core.shell:Creating package script '/home/jblevins32/IRR_final/install/control/share/control/package.zsh'
[2.401s] Level 1:colcon.colcon_core.environment:create_file_with_runtime_dependencies(/home/jblevins32/IRR_final/install/control/share/colcon-core/packages/control)
[2.402s] Level 1:colcon.colcon_core.environment:create_environment_scripts_only(control)
[2.402s] Level 1:colcon.colcon_core.environment:checking '/home/jblevins32/IRR_final/install/control' for CMake module files
[2.402s] Level 1:colcon.colcon_core.environment:checking '/home/jblevins32/IRR_final/install/control' for CMake config files
[2.402s] Level 1:colcon.colcon_core.shell:create_environment_hook('control', 'cmake_prefix_path')
[2.402s] INFO:colcon.colcon_core.shell:Creating environment hook '/home/jblevins32/IRR_final/install/control/share/control/hook/cmake_prefix_path.ps1'
[2.403s] INFO:colcon.colcon_core.shell:Creating environment descriptor '/home/jblevins32/IRR_final/install/control/share/control/hook/cmake_prefix_path.dsv'
[2.403s] INFO:colcon.colcon_core.shell:Creating environment hook '/home/jblevins32/IRR_final/install/control/share/control/hook/cmake_prefix_path.sh'
[2.403s] Level 1:colcon.colcon_core.environment:checking '/home/jblevins32/IRR_final/install/control/lib'
[2.403s] Level 1:colcon.colcon_core.environment:checking '/home/jblevins32/IRR_final/install/control/bin'
[2.403s] Level 1:colcon.colcon_core.environment:checking '/home/jblevins32/IRR_final/install/control/lib/pkgconfig/control.pc'
[2.403s] Level 1:colcon.colcon_core.environment:checking '/home/jblevins32/IRR_final/install/control/lib/python3.10/site-packages'
[2.404s] Level 1:colcon.colcon_core.environment:checking '/home/jblevins32/IRR_final/install/control/bin'
[2.404s] INFO:colcon.colcon_core.shell:Creating package script '/home/jblevins32/IRR_final/install/control/share/control/package.ps1'
[2.404s] INFO:colcon.colcon_core.shell:Creating package descriptor '/home/jblevins32/IRR_final/install/control/share/control/package.dsv'
[2.404s] INFO:colcon.colcon_core.shell:Creating package script '/home/jblevins32/IRR_final/install/control/share/control/package.sh'
[2.405s] INFO:colcon.colcon_core.shell:Creating package script '/home/jblevins32/IRR_final/install/control/share/control/package.bash'
[2.405s] INFO:colcon.colcon_core.shell:Creating package script '/home/jblevins32/IRR_final/install/control/share/control/package.zsh'
[2.405s] Level 1:colcon.colcon_core.environment:create_file_with_runtime_dependencies(/home/jblevins32/IRR_final/install/control/share/colcon-core/packages/control)
[2.405s] DEBUG:colcon.colcon_parallel_executor.executor.parallel:closing loop
[2.406s] DEBUG:colcon.colcon_parallel_executor.executor.parallel:loop closed
[2.406s] DEBUG:colcon.colcon_parallel_executor.executor.parallel:run_until_complete finished with '0'
[2.406s] DEBUG:colcon.colcon_core.event_reactor:joining thread
[2.411s] INFO:colcon.colcon_core.plugin_system:Skipping extension 'colcon_notification.desktop_notification.terminal_notifier': Not used on non-Darwin systems
[2.411s] INFO:colcon.colcon_core.plugin_system:Skipping extension 'colcon_notification.desktop_notification.win32': Not used on non-Windows systems
[2.411s] INFO:colcon.colcon_notification.desktop_notification:Sending desktop notification using 'notify2'
[2.431s] DEBUG:colcon.colcon_core.event_reactor:joined thread
[2.432s] INFO:colcon.colcon_core.shell:Creating prefix script '/home/jblevins32/IRR_final/install/local_setup.ps1'
[2.434s] INFO:colcon.colcon_core.shell:Creating prefix util module '/home/jblevins32/IRR_final/install/_local_setup_util_ps1.py'
[2.436s] INFO:colcon.colcon_core.shell:Creating prefix chain script '/home/jblevins32/IRR_final/install/setup.ps1'
[2.437s] INFO:colcon.colcon_core.shell:Creating prefix script '/home/jblevins32/IRR_final/install/local_setup.sh'
[2.438s] INFO:colcon.colcon_core.shell:Creating prefix util module '/home/jblevins32/IRR_final/install/_local_setup_util_sh.py'
[2.439s] INFO:colcon.colcon_core.shell:Creating prefix chain script '/home/jblevins32/IRR_final/install/setup.sh'
[2.440s] INFO:colcon.colcon_core.shell:Creating prefix script '/home/jblevins32/IRR_final/install/local_setup.bash'
[2.441s] INFO:colcon.colcon_core.shell:Creating prefix chain script '/home/jblevins32/IRR_final/install/setup.bash'
[2.442s] INFO:colcon.colcon_core.shell:Creating prefix script '/home/jblevins32/IRR_final/install/local_setup.zsh'
[2.443s] INFO:colcon.colcon_core.shell:Creating prefix chain script '/home/jblevins32/IRR_final/install/setup.zsh'
