[1.967s] Invoking command in '/home/jblevins32/IRR_final/src/print_fixed_odometry': DEBUGINFOD_URLS=https://debuginfod.ubuntu.com PYTHONPATH=/home/jblevins32/IRR_final/build/print_fixed_odometry/prefix_override:/usr/lib/python3/dist-packages/colcon_core/task/python/colcon_distutils_commands:/home/jblevins32/IRR_final/install/print_fixed_odometry/lib/python3.10/site-packages:${PYTHONPATH} /usr/bin/python3 -W ignore:setup.py install is deprecated -W ignore:easy_install command is deprecated setup.py egg_info --egg-base ../../build/print_fixed_odometry build --build-base /home/jblevins32/IRR_final/build/print_fixed_odometry/build install --record /home/jblevins32/IRR_final/build/print_fixed_odometry/install.log --single-version-externally-managed install_data
[2.500s] running egg_info
[2.501s] writing ../../build/print_fixed_odometry/print_fixed_odometry.egg-info/PKG-INFO
[2.502s] writing dependency_links to ../../build/print_fixed_odometry/print_fixed_odometry.egg-info/dependency_links.txt
[2.502s] writing entry points to ../../build/print_fixed_odometry/print_fixed_odometry.egg-info/entry_points.txt
[2.502s] writing requirements to ../../build/print_fixed_odometry/print_fixed_odometry.egg-info/requires.txt
[2.502s] writing top-level names to ../../build/print_fixed_odometry/print_fixed_odometry.egg-info/top_level.txt
[2.507s] reading manifest file '../../build/print_fixed_odometry/print_fixed_odometry.egg-info/SOURCES.txt'
[2.509s] writing manifest file '../../build/print_fixed_odometry/print_fixed_odometry.egg-info/SOURCES.txt'
[2.509s] running build
[2.509s] running build_py
[2.510s] running install
[2.510s] running install_lib
[2.513s] running install_data
[2.513s] running install_egg_info
[2.517s] removing '/home/jblevins32/IRR_final/install/print_fixed_odometry/lib/python3.10/site-packages/print_fixed_odometry-0.0.0-py3.10.egg-info' (and everything under it)
[2.517s] Copying ../../build/print_fixed_odometry/print_fixed_odometry.egg-info to /home/jblevins32/IRR_final/install/print_fixed_odometry/lib/python3.10/site-packages/print_fixed_odometry-0.0.0-py3.10.egg-info
[2.518s] running install_scripts
[2.565s] Installing zero_odom script to /home/jblevins32/IRR_final/install/print_fixed_odometry/lib/print_fixed_odometry
[2.566s] writing list of installed files to '/home/jblevins32/IRR_final/build/print_fixed_odometry/install.log'
[2.612s] Invoked command in '/home/jblevins32/IRR_final/src/print_fixed_odometry' returned '0': DEBUGINFOD_URLS=https://debuginfod.ubuntu.com PYTHONPATH=/home/jblevins32/IRR_final/build/print_fixed_odometry/prefix_override:/usr/lib/python3/dist-packages/colcon_core/task/python/colcon_distutils_commands:/home/jblevins32/IRR_final/install/print_fixed_odometry/lib/python3.10/site-packages:${PYTHONPATH} /usr/bin/python3 -W ignore:setup.py install is deprecated -W ignore:easy_install command is deprecated setup.py egg_info --egg-base ../../build/print_fixed_odometry build --build-base /home/jblevins32/IRR_final/build/print_fixed_odometry/build install --record /home/jblevins32/IRR_final/build/print_fixed_odometry/install.log --single-version-externally-managed install_data
