[35m[1mConsolidate compiler generated dependencies of target get_control[0m
[ 50%] [32mBuilding CXX object CMakeFiles/get_control.dir/src/get_control.cpp.o[0m
In file included from [01m[K/opt/ros/humble/include/rclcpp/rclcpp/logging.hpp:24[m[K,
                 from [01m[K/opt/ros/humble/include/rclcpp/rclcpp/client.hpp:40[m[K,
                 from [01m[K/opt/ros/humble/include/rclcpp/rclcpp/callback_group.hpp:24[m[K,
                 from [01m[K/opt/ros/humble/include/rclcpp/rclcpp/any_executable.hpp:20[m[K,
                 from [01m[K/opt/ros/humble/include/rclcpp/rclcpp/memory_strategy.hpp:25[m[K,
                 from [01m[K/opt/ros/humble/include/rclcpp/rclcpp/memory_strategies.hpp:18[m[K,
                 from [01m[K/opt/ros/humble/include/rclcpp/rclcpp/executor_options.hpp:20[m[K,
                 from [01m[K/opt/ros/humble/include/rclcpp/rclcpp/executor.hpp:37[m[K,
                 from [01m[K/opt/ros/humble/include/rclcpp/rclcpp/executors/multi_threaded_executor.hpp:25[m[K,
                 from [01m[K/opt/ros/humble/include/rclcpp/rclcpp/executors.hpp:21[m[K,
                 from [01m[K/opt/ros/humble/include/rclcpp/rclcpp/rclcpp.hpp:155[m[K,
                 from [01m[K/home/jblevins32/IRR_final/src/control/src/get_control.cpp:1[m[K:
[01m[K/home/jblevins32/IRR_final/src/control/src/get_control.cpp:[m[K In member function ‘[01m[Kvoid control::timer_callback()[m[K’:
[01m[K/home/jblevins32/IRR_final/src/control/src/get_control.cpp:142:43:[m[K [01;35m[Kwarning: [m[Kformat ‘[01m[K%d[m[K’ expects argument of type ‘[01m[Kint[m[K’, but argument 5 has type ‘[01m[Kdouble[m[K’ [[01;35m[K]8;;https://gcc.gnu.org/onlinedocs/gcc/Warning-Options.html#index-Wformat=-Wformat=]8;;[m[K]
  142 |           RCLCPP_INFO(this->get_logger(), [01;35m[K"Scan_min: [%d]"[m[K, [32m[Kscan_min[m[K);
      |                                           [01;35m[K^~~~~~~~~~~~~~~~[m[K  [32m[K~~~~~~~~[m[K
      |                                                             [32m[K|[m[K
      |                                                             [32m[Kdouble[m[K
[01m[K/home/jblevins32/IRR_final/src/control/src/get_control.cpp:142:56:[m[K [01;36m[Knote: [m[Kformat string is defined here
  142 |           RCLCPP_INFO(this->get_logger(), "Scan_min: [[01;36m[K%d[m[K]", scan_min);
      |                                                       [01;36m[K~^[m[K
      |                                                        [01;36m[K|[m[K
      |                                                        [01;36m[Kint[m[K
      |                                                       [32m[K%f[m[K
[100%] [32m[1mLinking CXX executable get_control[0m
[100%] Built target get_control
-- Install configuration: "Debug"
-- Execute custom install script
-- Up-to-date symlink: /home/jblevins32/IRR_final/install/control/lib/control/get_control
-- Up-to-date symlink: /home/jblevins32/IRR_final/install/control/share/ament_index/resource_index/package_run_dependencies/control
-- Up-to-date symlink: /home/jblevins32/IRR_final/install/control/share/ament_index/resource_index/parent_prefix_path/control
-- Up-to-date symlink: /home/jblevins32/IRR_final/install/control/share/control/environment/ament_prefix_path.sh
-- Up-to-date symlink: /home/jblevins32/IRR_final/install/control/share/control/environment/ament_prefix_path.dsv
-- Up-to-date symlink: /home/jblevins32/IRR_final/install/control/share/control/environment/path.sh
-- Up-to-date symlink: /home/jblevins32/IRR_final/install/control/share/control/environment/path.dsv
-- Up-to-date symlink: /home/jblevins32/IRR_final/install/control/share/control/local_setup.bash
-- Up-to-date symlink: /home/jblevins32/IRR_final/install/control/share/control/local_setup.sh
-- Up-to-date symlink: /home/jblevins32/IRR_final/install/control/share/control/local_setup.zsh
-- Up-to-date symlink: /home/jblevins32/IRR_final/install/control/share/control/local_setup.dsv
-- Symlinking: /home/jblevins32/IRR_final/install/control/share/control/package.dsv
-- Up-to-date symlink: /home/jblevins32/IRR_final/install/control/share/ament_index/resource_index/packages/control
-- Up-to-date symlink: /home/jblevins32/IRR_final/install/control/share/control/cmake/controlConfig.cmake
-- Up-to-date symlink: /home/jblevins32/IRR_final/install/control/share/control/cmake/controlConfig-version.cmake
-- Up-to-date symlink: /home/jblevins32/IRR_final/install/control/share/control/package.xml
