[ 50%] [32mBuilding CXX object CMakeFiles/get_control.dir/src/get_control.cpp.o[0m
[100%] [32m[1mLinking CXX executable get_control[0m
[100%] Built target get_control
-- Install configuration: ""
-- Installing: /home/jblevins32/IRR_final/install/control/lib/control/get_control
-- Set runtime path of "/home/jblevins32/IRR_final/install/control/lib/control/get_control" to ""
-- Up-to-date: /home/jblevins32/IRR_final/install/control/share/ament_index/resource_index/package_run_dependencies/control
-- Up-to-date: /home/jblevins32/IRR_final/install/control/share/ament_index/resource_index/parent_prefix_path/control
-- Up-to-date: /home/jblevins32/IRR_final/install/control/share/control/environment/ament_prefix_path.sh
-- Up-to-date: /home/jblevins32/IRR_final/install/control/share/control/environment/ament_prefix_path.dsv
-- Up-to-date: /home/jblevins32/IRR_final/install/control/share/control/environment/path.sh
-- Up-to-date: /home/jblevins32/IRR_final/install/control/share/control/environment/path.dsv
-- Up-to-date: /home/jblevins32/IRR_final/install/control/share/control/local_setup.bash
-- Up-to-date: /home/jblevins32/IRR_final/install/control/share/control/local_setup.sh
-- Up-to-date: /home/jblevins32/IRR_final/install/control/share/control/local_setup.zsh
-- Up-to-date: /home/jblevins32/IRR_final/install/control/share/control/local_setup.dsv
-- Installing: /home/jblevins32/IRR_final/install/control/share/control/package.dsv
-- Up-to-date: /home/jblevins32/IRR_final/install/control/share/ament_index/resource_index/packages/control
-- Up-to-date: /home/jblevins32/IRR_final/install/control/share/control/cmake/controlConfig.cmake
-- Up-to-date: /home/jblevins32/IRR_final/install/control/share/control/cmake/controlConfig-version.cmake
-- Up-to-date: /home/jblevins32/IRR_final/install/control/share/control/package.xml
