[0.086s] DEBUG:colcon:Command line arguments: ['/usr/bin/colcon', 'build']
[0.086s] DEBUG:colcon:Parsed command line arguments: Namespace(log_base=None, log_level=None, verb_name='build', build_base='build', install_base='install', merge_install=False, symlink_install=False, test_result_base=None, continue_on_error=False, executor='parallel', parallel_workers=28, event_handlers=None, ignore_user_meta=False, metas=['./colcon.meta'], base_paths=['.'], packages_ignore=None, packages_ignore_regex=None, paths=None, packages_up_to=None, packages_up_to_regex=None, packages_above=None, packages_above_and_dependencies=None, packages_above_depth=None, packages_select_by_dep=None, packages_skip_by_dep=None, packages_skip_up_to=None, packages_select_build_failed=False, packages_skip_build_finished=False, packages_select_test_failures=False, packages_skip_test_passed=False, packages_select=None, packages_skip=None, packages_select_regex=None, packages_skip_regex=None, packages_start=None, packages_end=None, allow_overriding=[], cmake_args=None, cmake_target=None, cmake_target_skip_unavailable=False, cmake_clean_cache=False, cmake_clean_first=False, cmake_force_configure=False, ament_cmake_args=None, catkin_cmake_args=None, catkin_skip_building_tests=False, mixin_files=None, mixin=None, verb_parser=<colcon_mixin.mixin.mixin_argument.MixinArgumentDecorator object at 0x720b5a2589d0>, verb_extension=<colcon_core.verb.build.BuildVerb object at 0x720b5a3c9f30>, main=<bound method BuildVerb.main of <colcon_core.verb.build.BuildVerb object at 0x720b5a3c9f30>>, mixin_verb=('build',))
[0.248s] Level 1:colcon.colcon_core.package_discovery:discover_packages(colcon_meta) check parameters
[0.249s] Level 1:colcon.colcon_core.package_discovery:discover_packages(recursive) check parameters
[0.249s] Level 1:colcon.colcon_core.package_discovery:discover_packages(ignore) check parameters
[0.249s] Level 1:colcon.colcon_core.package_discovery:discover_packages(path) check parameters
[0.249s] Level 1:colcon.colcon_core.package_discovery:discover_packages(colcon_meta) discover
[0.249s] Level 1:colcon.colcon_core.package_discovery:discover_packages(recursive) discover
[0.249s] INFO:colcon.colcon_core.package_discovery:Crawling recursively for packages in '/home/jblevins32/IRR_final'
[0.249s] Level 1:colcon.colcon_core.package_identification:_identify(.) by extensions ['ignore', 'ignore_ament_install']
[0.249s] Level 1:colcon.colcon_core.package_identification:_identify(.) by extension 'ignore'
[0.249s] Level 1:colcon.colcon_core.package_identification:_identify(.) by extension 'ignore_ament_install'
[0.249s] Level 1:colcon.colcon_core.package_identification:_identify(.) by extensions ['colcon_pkg']
[0.249s] Level 1:colcon.colcon_core.package_identification:_identify(.) by extension 'colcon_pkg'
[0.249s] Level 1:colcon.colcon_core.package_identification:_identify(.) by extensions ['colcon_meta']
[0.249s] Level 1:colcon.colcon_core.package_identification:_identify(.) by extension 'colcon_meta'
[0.249s] Level 1:colcon.colcon_core.package_identification:_identify(.) by extensions ['ros']
[0.249s] Level 1:colcon.colcon_core.package_identification:_identify(.) by extension 'ros'
[0.269s] Level 1:colcon.colcon_core.package_identification:_identify(.) by extensions ['cmake', 'python']
[0.269s] Level 1:colcon.colcon_core.package_identification:_identify(.) by extension 'cmake'
[0.269s] Level 1:colcon.colcon_core.package_identification:_identify(.) by extension 'python'
[0.269s] Level 1:colcon.colcon_core.package_identification:_identify(.) by extensions ['python_setup_py']
[0.269s] Level 1:colcon.colcon_core.package_identification:_identify(.) by extension 'python_setup_py'
[0.269s] Level 1:colcon.colcon_core.package_identification:_identify(__pycache__) by extensions ['ignore', 'ignore_ament_install']
[0.269s] Level 1:colcon.colcon_core.package_identification:_identify(__pycache__) by extension 'ignore'
[0.269s] Level 1:colcon.colcon_core.package_identification:_identify(__pycache__) by extension 'ignore_ament_install'
[0.269s] Level 1:colcon.colcon_core.package_identification:_identify(__pycache__) by extensions ['colcon_pkg']
[0.269s] Level 1:colcon.colcon_core.package_identification:_identify(__pycache__) by extension 'colcon_pkg'
[0.269s] Level 1:colcon.colcon_core.package_identification:_identify(__pycache__) by extensions ['colcon_meta']
[0.269s] Level 1:colcon.colcon_core.package_identification:_identify(__pycache__) by extension 'colcon_meta'
[0.269s] Level 1:colcon.colcon_core.package_identification:_identify(__pycache__) by extensions ['ros']
[0.269s] Level 1:colcon.colcon_core.package_identification:_identify(__pycache__) by extension 'ros'
[0.269s] Level 1:colcon.colcon_core.package_identification:_identify(__pycache__) by extensions ['cmake', 'python']
[0.269s] Level 1:colcon.colcon_core.package_identification:_identify(__pycache__) by extension 'cmake'
[0.269s] Level 1:colcon.colcon_core.package_identification:_identify(__pycache__) by extension 'python'
[0.269s] Level 1:colcon.colcon_core.package_identification:_identify(__pycache__) by extensions ['python_setup_py']
[0.270s] Level 1:colcon.colcon_core.package_identification:_identify(__pycache__) by extension 'python_setup_py'
[0.270s] Level 1:colcon.colcon_core.package_identification:_identify(build) by extensions ['ignore', 'ignore_ament_install']
[0.270s] Level 1:colcon.colcon_core.package_identification:_identify(build) by extension 'ignore'
[0.270s] Level 1:colcon.colcon_core.package_identification:_identify(build) ignored
[0.270s] Level 1:colcon.colcon_core.package_identification:_identify(data) by extensions ['ignore', 'ignore_ament_install']
[0.270s] Level 1:colcon.colcon_core.package_identification:_identify(data) by extension 'ignore'
[0.270s] Level 1:colcon.colcon_core.package_identification:_identify(data) by extension 'ignore_ament_install'
[0.270s] Level 1:colcon.colcon_core.package_identification:_identify(data) by extensions ['colcon_pkg']
[0.270s] Level 1:colcon.colcon_core.package_identification:_identify(data) by extension 'colcon_pkg'
[0.270s] Level 1:colcon.colcon_core.package_identification:_identify(data) by extensions ['colcon_meta']
[0.270s] Level 1:colcon.colcon_core.package_identification:_identify(data) by extension 'colcon_meta'
[0.270s] Level 1:colcon.colcon_core.package_identification:_identify(data) by extensions ['ros']
[0.270s] Level 1:colcon.colcon_core.package_identification:_identify(data) by extension 'ros'
[0.270s] Level 1:colcon.colcon_core.package_identification:_identify(data) by extensions ['cmake', 'python']
[0.270s] Level 1:colcon.colcon_core.package_identification:_identify(data) by extension 'cmake'
[0.270s] Level 1:colcon.colcon_core.package_identification:_identify(data) by extension 'python'
[0.270s] Level 1:colcon.colcon_core.package_identification:_identify(data) by extensions ['python_setup_py']
[0.270s] Level 1:colcon.colcon_core.package_identification:_identify(data) by extension 'python_setup_py'
[0.270s] Level 1:colcon.colcon_core.package_identification:_identify(data/2024F_Gimgs) by extensions ['ignore', 'ignore_ament_install']
[0.270s] Level 1:colcon.colcon_core.package_identification:_identify(data/2024F_Gimgs) by extension 'ignore'
[0.271s] Level 1:colcon.colcon_core.package_identification:_identify(data/2024F_Gimgs) by extension 'ignore_ament_install'
[0.271s] Level 1:colcon.colcon_core.package_identification:_identify(data/2024F_Gimgs) by extensions ['colcon_pkg']
[0.271s] Level 1:colcon.colcon_core.package_identification:_identify(data/2024F_Gimgs) by extension 'colcon_pkg'
[0.271s] Level 1:colcon.colcon_core.package_identification:_identify(data/2024F_Gimgs) by extensions ['colcon_meta']
[0.271s] Level 1:colcon.colcon_core.package_identification:_identify(data/2024F_Gimgs) by extension 'colcon_meta'
[0.271s] Level 1:colcon.colcon_core.package_identification:_identify(data/2024F_Gimgs) by extensions ['ros']
[0.271s] Level 1:colcon.colcon_core.package_identification:_identify(data/2024F_Gimgs) by extension 'ros'
[0.271s] Level 1:colcon.colcon_core.package_identification:_identify(data/2024F_Gimgs) by extensions ['cmake', 'python']
[0.271s] Level 1:colcon.colcon_core.package_identification:_identify(data/2024F_Gimgs) by extension 'cmake'
[0.271s] Level 1:colcon.colcon_core.package_identification:_identify(data/2024F_Gimgs) by extension 'python'
[0.271s] Level 1:colcon.colcon_core.package_identification:_identify(data/2024F_Gimgs) by extensions ['python_setup_py']
[0.271s] Level 1:colcon.colcon_core.package_identification:_identify(data/2024F_Gimgs) by extension 'python_setup_py'
[0.271s] Level 1:colcon.colcon_core.package_identification:_identify(data/2024F_Gimgs/images) by extensions ['ignore', 'ignore_ament_install']
[0.271s] Level 1:colcon.colcon_core.package_identification:_identify(data/2024F_Gimgs/images) by extension 'ignore'
[0.271s] Level 1:colcon.colcon_core.package_identification:_identify(data/2024F_Gimgs/images) by extension 'ignore_ament_install'
[0.271s] Level 1:colcon.colcon_core.package_identification:_identify(data/2024F_Gimgs/images) by extensions ['colcon_pkg']
[0.271s] Level 1:colcon.colcon_core.package_identification:_identify(data/2024F_Gimgs/images) by extension 'colcon_pkg'
[0.271s] Level 1:colcon.colcon_core.package_identification:_identify(data/2024F_Gimgs/images) by extensions ['colcon_meta']
[0.271s] Level 1:colcon.colcon_core.package_identification:_identify(data/2024F_Gimgs/images) by extension 'colcon_meta'
[0.271s] Level 1:colcon.colcon_core.package_identification:_identify(data/2024F_Gimgs/images) by extensions ['ros']
[0.271s] Level 1:colcon.colcon_core.package_identification:_identify(data/2024F_Gimgs/images) by extension 'ros'
[0.271s] Level 1:colcon.colcon_core.package_identification:_identify(data/2024F_Gimgs/images) by extensions ['cmake', 'python']
[0.271s] Level 1:colcon.colcon_core.package_identification:_identify(data/2024F_Gimgs/images) by extension 'cmake'
[0.271s] Level 1:colcon.colcon_core.package_identification:_identify(data/2024F_Gimgs/images) by extension 'python'
[0.271s] Level 1:colcon.colcon_core.package_identification:_identify(data/2024F_Gimgs/images) by extensions ['python_setup_py']
[0.271s] Level 1:colcon.colcon_core.package_identification:_identify(data/2024F_Gimgs/images) by extension 'python_setup_py'
[0.272s] Level 1:colcon.colcon_core.package_identification:_identify(data/2024F_imgs) by extensions ['ignore', 'ignore_ament_install']
[0.272s] Level 1:colcon.colcon_core.package_identification:_identify(data/2024F_imgs) by extension 'ignore'
[0.272s] Level 1:colcon.colcon_core.package_identification:_identify(data/2024F_imgs) by extension 'ignore_ament_install'
[0.272s] Level 1:colcon.colcon_core.package_identification:_identify(data/2024F_imgs) by extensions ['colcon_pkg']
[0.272s] Level 1:colcon.colcon_core.package_identification:_identify(data/2024F_imgs) by extension 'colcon_pkg'
[0.272s] Level 1:colcon.colcon_core.package_identification:_identify(data/2024F_imgs) by extensions ['colcon_meta']
[0.272s] Level 1:colcon.colcon_core.package_identification:_identify(data/2024F_imgs) by extension 'colcon_meta'
[0.272s] Level 1:colcon.colcon_core.package_identification:_identify(data/2024F_imgs) by extensions ['ros']
[0.272s] Level 1:colcon.colcon_core.package_identification:_identify(data/2024F_imgs) by extension 'ros'
[0.272s] Level 1:colcon.colcon_core.package_identification:_identify(data/2024F_imgs) by extensions ['cmake', 'python']
[0.272s] Level 1:colcon.colcon_core.package_identification:_identify(data/2024F_imgs) by extension 'cmake'
[0.272s] Level 1:colcon.colcon_core.package_identification:_identify(data/2024F_imgs) by extension 'python'
[0.272s] Level 1:colcon.colcon_core.package_identification:_identify(data/2024F_imgs) by extensions ['python_setup_py']
[0.272s] Level 1:colcon.colcon_core.package_identification:_identify(data/2024F_imgs) by extension 'python_setup_py'
[0.272s] Level 1:colcon.colcon_core.package_identification:_identify(data/2025S_imgs) by extensions ['ignore', 'ignore_ament_install']
[0.272s] Level 1:colcon.colcon_core.package_identification:_identify(data/2025S_imgs) by extension 'ignore'
[0.272s] Level 1:colcon.colcon_core.package_identification:_identify(data/2025S_imgs) by extension 'ignore_ament_install'
[0.272s] Level 1:colcon.colcon_core.package_identification:_identify(data/2025S_imgs) by extensions ['colcon_pkg']
[0.272s] Level 1:colcon.colcon_core.package_identification:_identify(data/2025S_imgs) by extension 'colcon_pkg'
[0.272s] Level 1:colcon.colcon_core.package_identification:_identify(data/2025S_imgs) by extensions ['colcon_meta']
[0.272s] Level 1:colcon.colcon_core.package_identification:_identify(data/2025S_imgs) by extension 'colcon_meta'
[0.272s] Level 1:colcon.colcon_core.package_identification:_identify(data/2025S_imgs) by extensions ['ros']
[0.272s] Level 1:colcon.colcon_core.package_identification:_identify(data/2025S_imgs) by extension 'ros'
[0.272s] Level 1:colcon.colcon_core.package_identification:_identify(data/2025S_imgs) by extensions ['cmake', 'python']
[0.272s] Level 1:colcon.colcon_core.package_identification:_identify(data/2025S_imgs) by extension 'cmake'
[0.272s] Level 1:colcon.colcon_core.package_identification:_identify(data/2025S_imgs) by extension 'python'
[0.272s] Level 1:colcon.colcon_core.package_identification:_identify(data/2025S_imgs) by extensions ['python_setup_py']
[0.272s] Level 1:colcon.colcon_core.package_identification:_identify(data/2025S_imgs) by extension 'python_setup_py'
[0.273s] Level 1:colcon.colcon_core.package_identification:_identify(install) by extensions ['ignore', 'ignore_ament_install']
[0.273s] Level 1:colcon.colcon_core.package_identification:_identify(install) by extension 'ignore'
[0.273s] Level 1:colcon.colcon_core.package_identification:_identify(install) ignored
[0.273s] Level 1:colcon.colcon_core.package_identification:_identify(log) by extensions ['ignore', 'ignore_ament_install']
[0.273s] Level 1:colcon.colcon_core.package_identification:_identify(log) by extension 'ignore'
[0.273s] Level 1:colcon.colcon_core.package_identification:_identify(log) ignored
[0.273s] Level 1:colcon.colcon_core.package_identification:_identify(src) by extensions ['ignore', 'ignore_ament_install']
[0.273s] Level 1:colcon.colcon_core.package_identification:_identify(src) by extension 'ignore'
[0.273s] Level 1:colcon.colcon_core.package_identification:_identify(src) by extension 'ignore_ament_install'
[0.273s] Level 1:colcon.colcon_core.package_identification:_identify(src) by extensions ['colcon_pkg']
[0.273s] Level 1:colcon.colcon_core.package_identification:_identify(src) by extension 'colcon_pkg'
[0.273s] Level 1:colcon.colcon_core.package_identification:_identify(src) by extensions ['colcon_meta']
[0.273s] Level 1:colcon.colcon_core.package_identification:_identify(src) by extension 'colcon_meta'
[0.273s] Level 1:colcon.colcon_core.package_identification:_identify(src) by extensions ['ros']
[0.273s] Level 1:colcon.colcon_core.package_identification:_identify(src) by extension 'ros'
[0.273s] Level 1:colcon.colcon_core.package_identification:_identify(src) by extensions ['cmake', 'python']
[0.273s] Level 1:colcon.colcon_core.package_identification:_identify(src) by extension 'cmake'
[0.273s] Level 1:colcon.colcon_core.package_identification:_identify(src) by extension 'python'
[0.273s] Level 1:colcon.colcon_core.package_identification:_identify(src) by extensions ['python_setup_py']
[0.273s] Level 1:colcon.colcon_core.package_identification:_identify(src) by extension 'python_setup_py'
[0.273s] Level 1:colcon.colcon_core.package_identification:_identify(src/control) by extensions ['ignore', 'ignore_ament_install']
[0.273s] Level 1:colcon.colcon_core.package_identification:_identify(src/control) by extension 'ignore'
[0.273s] Level 1:colcon.colcon_core.package_identification:_identify(src/control) by extension 'ignore_ament_install'
[0.273s] Level 1:colcon.colcon_core.package_identification:_identify(src/control) by extensions ['colcon_pkg']
[0.273s] Level 1:colcon.colcon_core.package_identification:_identify(src/control) by extension 'colcon_pkg'
[0.274s] Level 1:colcon.colcon_core.package_identification:_identify(src/control) by extensions ['colcon_meta']
[0.274s] Level 1:colcon.colcon_core.package_identification:_identify(src/control) by extension 'colcon_meta'
[0.274s] Level 1:colcon.colcon_core.package_identification:_identify(src/control) by extensions ['ros']
[0.274s] Level 1:colcon.colcon_core.package_identification:_identify(src/control) by extension 'ros'
[0.276s] DEBUG:colcon.colcon_core.package_identification:Package 'src/control' with type 'ros.ament_cmake' and name 'control'
[0.276s] Level 1:colcon.colcon_core.package_identification:_identify(src/print_fixed_odometry) by extensions ['ignore', 'ignore_ament_install']
[0.276s] Level 1:colcon.colcon_core.package_identification:_identify(src/print_fixed_odometry) by extension 'ignore'
[0.276s] Level 1:colcon.colcon_core.package_identification:_identify(src/print_fixed_odometry) by extension 'ignore_ament_install'
[0.276s] Level 1:colcon.colcon_core.package_identification:_identify(src/print_fixed_odometry) by extensions ['colcon_pkg']
[0.276s] Level 1:colcon.colcon_core.package_identification:_identify(src/print_fixed_odometry) by extension 'colcon_pkg'
[0.276s] Level 1:colcon.colcon_core.package_identification:_identify(src/print_fixed_odometry) by extensions ['colcon_meta']
[0.276s] Level 1:colcon.colcon_core.package_identification:_identify(src/print_fixed_odometry) by extension 'colcon_meta'
[0.276s] Level 1:colcon.colcon_core.package_identification:_identify(src/print_fixed_odometry) by extensions ['ros']
[0.276s] Level 1:colcon.colcon_core.package_identification:_identify(src/print_fixed_odometry) by extension 'ros'
[0.277s] DEBUG:colcon.colcon_core.package_identification:Package 'src/print_fixed_odometry' with type 'ros.ament_python' and name 'print_fixed_odometry'
[0.277s] Level 1:colcon.colcon_core.package_identification:_identify(src/read_sign) by extensions ['ignore', 'ignore_ament_install']
[0.277s] Level 1:colcon.colcon_core.package_identification:_identify(src/read_sign) by extension 'ignore'
[0.277s] Level 1:colcon.colcon_core.package_identification:_identify(src/read_sign) by extension 'ignore_ament_install'
[0.277s] Level 1:colcon.colcon_core.package_identification:_identify(src/read_sign) by extensions ['colcon_pkg']
[0.277s] Level 1:colcon.colcon_core.package_identification:_identify(src/read_sign) by extension 'colcon_pkg'
[0.277s] Level 1:colcon.colcon_core.package_identification:_identify(src/read_sign) by extensions ['colcon_meta']
[0.277s] Level 1:colcon.colcon_core.package_identification:_identify(src/read_sign) by extension 'colcon_meta'
[0.277s] Level 1:colcon.colcon_core.package_identification:_identify(src/read_sign) by extensions ['ros']
[0.277s] Level 1:colcon.colcon_core.package_identification:_identify(src/read_sign) by extension 'ros'
[0.278s] DEBUG:colcon.colcon_core.package_identification:Package 'src/read_sign' with type 'ros.ament_python' and name 'read_sign'
[0.278s] Level 1:colcon.colcon_core.package_discovery:discover_packages(recursive) using defaults
[0.278s] Level 1:colcon.colcon_core.package_discovery:discover_packages(ignore) discover
[0.278s] Level 1:colcon.colcon_core.package_discovery:discover_packages(ignore) using defaults
[0.278s] Level 1:colcon.colcon_core.package_discovery:discover_packages(path) discover
[0.278s] Level 1:colcon.colcon_core.package_discovery:discover_packages(path) using defaults
[0.295s] Level 1:colcon.colcon_core.package_discovery:discover_packages(prefix_path) check parameters
[0.295s] Level 1:colcon.colcon_core.package_discovery:discover_packages(prefix_path) discover
[0.296s] DEBUG:colcon.colcon_installed_package_information.package_discovery:Found 3 installed packages in /home/jblevins32/IRR_final/install
[0.298s] DEBUG:colcon.colcon_installed_package_information.package_discovery:Found 420 installed packages in /opt/ros/humble
[0.299s] Level 1:colcon.colcon_core.package_discovery:discover_packages(prefix_path) using defaults
[0.336s] Level 5:colcon.colcon_core.verb:set package 'control' build argument 'cmake_args' from command line to 'None'
[0.336s] Level 5:colcon.colcon_core.verb:set package 'control' build argument 'cmake_target' from command line to 'None'
[0.336s] Level 5:colcon.colcon_core.verb:set package 'control' build argument 'cmake_target_skip_unavailable' from command line to 'False'
[0.336s] Level 5:colcon.colcon_core.verb:set package 'control' build argument 'cmake_clean_cache' from command line to 'False'
[0.336s] Level 5:colcon.colcon_core.verb:set package 'control' build argument 'cmake_clean_first' from command line to 'False'
[0.336s] Level 5:colcon.colcon_core.verb:set package 'control' build argument 'cmake_force_configure' from command line to 'False'
[0.336s] Level 5:colcon.colcon_core.verb:set package 'control' build argument 'ament_cmake_args' from command line to 'None'
[0.336s] Level 5:colcon.colcon_core.verb:set package 'control' build argument 'catkin_cmake_args' from command line to 'None'
[0.336s] Level 5:colcon.colcon_core.verb:set package 'control' build argument 'catkin_skip_building_tests' from command line to 'False'
[0.337s] DEBUG:colcon.colcon_core.verb:Building package 'control' with the following arguments: {'ament_cmake_args': None, 'build_base': '/home/jblevins32/IRR_final/build/control', 'catkin_cmake_args': None, 'catkin_skip_building_tests': False, 'cmake_args': None, 'cmake_clean_cache': False, 'cmake_clean_first': False, 'cmake_force_configure': False, 'cmake_target': None, 'cmake_target_skip_unavailable': False, 'install_base': '/home/jblevins32/IRR_final/install/control', 'merge_install': False, 'path': '/home/jblevins32/IRR_final/src/control', 'symlink_install': False, 'test_result_base': None}
[0.337s] Level 5:colcon.colcon_core.verb:set package 'print_fixed_odometry' build argument 'cmake_args' from command line to 'None'
[0.337s] Level 5:colcon.colcon_core.verb:set package 'print_fixed_odometry' build argument 'cmake_target' from command line to 'None'
[0.337s] Level 5:colcon.colcon_core.verb:set package 'print_fixed_odometry' build argument 'cmake_target_skip_unavailable' from command line to 'False'
[0.337s] Level 5:colcon.colcon_core.verb:set package 'print_fixed_odometry' build argument 'cmake_clean_cache' from command line to 'False'
[0.337s] Level 5:colcon.colcon_core.verb:set package 'print_fixed_odometry' build argument 'cmake_clean_first' from command line to 'False'
[0.337s] Level 5:colcon.colcon_core.verb:set package 'print_fixed_odometry' build argument 'cmake_force_configure' from command line to 'False'
[0.337s] Level 5:colcon.colcon_core.verb:set package 'print_fixed_odometry' build argument 'ament_cmake_args' from command line to 'None'
[0.337s] Level 5:colcon.colcon_core.verb:set package 'print_fixed_odometry' build argument 'catkin_cmake_args' from command line to 'None'
[0.337s] Level 5:colcon.colcon_core.verb:set package 'print_fixed_odometry' build argument 'catkin_skip_building_tests' from command line to 'False'
[0.337s] DEBUG:colcon.colcon_core.verb:Building package 'print_fixed_odometry' with the following arguments: {'ament_cmake_args': None, 'build_base': '/home/jblevins32/IRR_final/build/print_fixed_odometry', 'catkin_cmake_args': None, 'catkin_skip_building_tests': False, 'cmake_args': None, 'cmake_clean_cache': False, 'cmake_clean_first': False, 'cmake_force_configure': False, 'cmake_target': None, 'cmake_target_skip_unavailable': False, 'install_base': '/home/jblevins32/IRR_final/install/print_fixed_odometry', 'merge_install': False, 'path': '/home/jblevins32/IRR_final/src/print_fixed_odometry', 'symlink_install': False, 'test_result_base': None}
[0.337s] Level 5:colcon.colcon_core.verb:set package 'read_sign' build argument 'cmake_args' from command line to 'None'
[0.337s] Level 5:colcon.colcon_core.verb:set package 'read_sign' build argument 'cmake_target' from command line to 'None'
[0.337s] Level 5:colcon.colcon_core.verb:set package 'read_sign' build argument 'cmake_target_skip_unavailable' from command line to 'False'
[0.337s] Level 5:colcon.colcon_core.verb:set package 'read_sign' build argument 'cmake_clean_cache' from command line to 'False'
[0.337s] Level 5:colcon.colcon_core.verb:set package 'read_sign' build argument 'cmake_clean_first' from command line to 'False'
[0.337s] Level 5:colcon.colcon_core.verb:set package 'read_sign' build argument 'cmake_force_configure' from command line to 'False'
[0.337s] Level 5:colcon.colcon_core.verb:set package 'read_sign' build argument 'ament_cmake_args' from command line to 'None'
[0.337s] Level 5:colcon.colcon_core.verb:set package 'read_sign' build argument 'catkin_cmake_args' from command line to 'None'
[0.337s] Level 5:colcon.colcon_core.verb:set package 'read_sign' build argument 'catkin_skip_building_tests' from command line to 'False'
[0.337s] DEBUG:colcon.colcon_core.verb:Building package 'read_sign' with the following arguments: {'ament_cmake_args': None, 'build_base': '/home/jblevins32/IRR_final/build/read_sign', 'catkin_cmake_args': None, 'catkin_skip_building_tests': False, 'cmake_args': None, 'cmake_clean_cache': False, 'cmake_clean_first': False, 'cmake_force_configure': False, 'cmake_target': None, 'cmake_target_skip_unavailable': False, 'install_base': '/home/jblevins32/IRR_final/install/read_sign', 'merge_install': False, 'path': '/home/jblevins32/IRR_final/src/read_sign', 'symlink_install': False, 'test_result_base': None}
[0.338s] INFO:colcon.colcon_core.executor:Executing jobs using 'parallel' executor
[0.339s] DEBUG:colcon.colcon_parallel_executor.executor.parallel:run_until_complete
[0.339s] INFO:colcon.colcon_ros.task.ament_cmake.build:Building ROS package in '/home/jblevins32/IRR_final/src/control' with build type 'ament_cmake'
[0.339s] INFO:colcon.colcon_cmake.task.cmake.build:Building CMake package in '/home/jblevins32/IRR_final/src/control'
[0.341s] INFO:colcon.colcon_core.plugin_system:Skipping extension 'colcon_core.shell.bat': Not used on non-Windows systems
[0.341s] INFO:colcon.colcon_core.shell:Skip shell extension 'powershell' for command environment: Not usable outside of PowerShell
[0.341s] DEBUG:colcon.colcon_core.shell:Skip shell extension 'dsv' for command environment
[0.344s] INFO:colcon.colcon_ros.task.ament_python.build:Building ROS package in '/home/jblevins32/IRR_final/src/print_fixed_odometry' with build type 'ament_python'
[0.344s] Level 1:colcon.colcon_core.shell:create_environment_hook('print_fixed_odometry', 'ament_prefix_path')
[0.345s] INFO:colcon.colcon_core.shell:Creating environment hook '/home/jblevins32/IRR_final/install/print_fixed_odometry/share/print_fixed_odometry/hook/ament_prefix_path.ps1'
[0.345s] INFO:colcon.colcon_core.shell:Creating environment descriptor '/home/jblevins32/IRR_final/install/print_fixed_odometry/share/print_fixed_odometry/hook/ament_prefix_path.dsv'
[0.346s] INFO:colcon.colcon_core.shell:Creating environment hook '/home/jblevins32/IRR_final/install/print_fixed_odometry/share/print_fixed_odometry/hook/ament_prefix_path.sh'
[0.346s] INFO:colcon.colcon_core.shell:Skip shell extension 'powershell' for command environment: Not usable outside of PowerShell
[0.346s] DEBUG:colcon.colcon_core.shell:Skip shell extension 'dsv' for command environment
[0.349s] INFO:colcon.colcon_ros.task.ament_python.build:Building ROS package in '/home/jblevins32/IRR_final/src/read_sign' with build type 'ament_python'
[0.349s] Level 1:colcon.colcon_core.shell:create_environment_hook('read_sign', 'ament_prefix_path')
[0.350s] INFO:colcon.colcon_core.shell:Creating environment hook '/home/jblevins32/IRR_final/install/read_sign/share/read_sign/hook/ament_prefix_path.ps1'
[0.350s] INFO:colcon.colcon_core.shell:Creating environment descriptor '/home/jblevins32/IRR_final/install/read_sign/share/read_sign/hook/ament_prefix_path.dsv'
[0.350s] INFO:colcon.colcon_core.shell:Creating environment hook '/home/jblevins32/IRR_final/install/read_sign/share/read_sign/hook/ament_prefix_path.sh'
[0.351s] INFO:colcon.colcon_core.shell:Skip shell extension 'powershell' for command environment: Not usable outside of PowerShell
[0.351s] DEBUG:colcon.colcon_core.shell:Skip shell extension 'dsv' for command environment
[0.361s] DEBUG:colcon.colcon_core.event_handler.log_command:Invoking command in '/home/jblevins32/IRR_final/build/control': CMAKE_PREFIX_PATH=${CMAKE_PREFIX_PATH}:/home/jblevins32/IRR_final/install/read_sign:/home/jblevins32/IRR_final/install/print_fixed_odometry:/opt/ros/humble DEBUGINFOD_URLS=https://debuginfod.ubuntu.com /usr/bin/cmake --build /home/jblevins32/IRR_final/build/control -- -j28 -l28
[0.652s] INFO:colcon.colcon_core.task.python.build:Building Python package in '/home/jblevins32/IRR_final/src/print_fixed_odometry'
[0.652s] INFO:colcon.colcon_core.shell:Skip shell extension 'powershell' for command environment: Not usable outside of PowerShell
[0.652s] DEBUG:colcon.colcon_core.shell:Skip shell extension 'dsv' for command environment
[0.986s] INFO:colcon.colcon_core.task.python.build:Building Python package in '/home/jblevins32/IRR_final/src/read_sign'
[0.986s] INFO:colcon.colcon_core.shell:Skip shell extension 'powershell' for command environment: Not usable outside of PowerShell
[0.986s] DEBUG:colcon.colcon_core.shell:Skip shell extension 'dsv' for command environment
[1.369s] DEBUG:colcon.colcon_core.event_handler.log_command:Invoking command in '/home/jblevins32/IRR_final/src/read_sign': DEBUGINFOD_URLS=https://debuginfod.ubuntu.com PYTHONPATH=/home/jblevins32/IRR_final/build/read_sign/prefix_override:/usr/lib/python3/dist-packages/colcon_core/task/python/colcon_distutils_commands:/home/jblevins32/IRR_final/install/read_sign/lib/python3.10/site-packages:${PYTHONPATH} /usr/bin/python3 -W ignore:setup.py install is deprecated -W ignore:easy_install command is deprecated setup.py egg_info --egg-base ../../build/read_sign build --build-base /home/jblevins32/IRR_final/build/read_sign/build install --record /home/jblevins32/IRR_final/build/read_sign/install.log --single-version-externally-managed install_data
[1.401s] DEBUG:colcon.colcon_core.event_handler.log_command:Invoking command in '/home/jblevins32/IRR_final/src/print_fixed_odometry': DEBUGINFOD_URLS=https://debuginfod.ubuntu.com PYTHONPATH=/home/jblevins32/IRR_final/build/print_fixed_odometry/prefix_override:/usr/lib/python3/dist-packages/colcon_core/task/python/colcon_distutils_commands:/home/jblevins32/IRR_final/install/print_fixed_odometry/lib/python3.10/site-packages:${PYTHONPATH} /usr/bin/python3 -W ignore:setup.py install is deprecated -W ignore:easy_install command is deprecated setup.py egg_info --egg-base ../../build/print_fixed_odometry build --build-base /home/jblevins32/IRR_final/build/print_fixed_odometry/build install --record /home/jblevins32/IRR_final/build/print_fixed_odometry/install.log --single-version-externally-managed install_data
[1.684s] DEBUG:colcon.colcon_core.event_handler.log_command:Invoked command in '/home/jblevins32/IRR_final/src/read_sign' returned '0': DEBUGINFOD_URLS=https://debuginfod.ubuntu.com PYTHONPATH=/home/jblevins32/IRR_final/build/read_sign/prefix_override:/usr/lib/python3/dist-packages/colcon_core/task/python/colcon_distutils_commands:/home/jblevins32/IRR_final/install/read_sign/lib/python3.10/site-packages:${PYTHONPATH} /usr/bin/python3 -W ignore:setup.py install is deprecated -W ignore:easy_install command is deprecated setup.py egg_info --egg-base ../../build/read_sign build --build-base /home/jblevins32/IRR_final/build/read_sign/build install --record /home/jblevins32/IRR_final/build/read_sign/install.log --single-version-externally-managed install_data
[1.686s] Level 1:colcon.colcon_core.environment:checking '/home/jblevins32/IRR_final/install/read_sign' for CMake module files
[1.686s] Level 1:colcon.colcon_core.environment:checking '/home/jblevins32/IRR_final/install/read_sign' for CMake config files
[1.687s] Level 1:colcon.colcon_core.environment:checking '/home/jblevins32/IRR_final/install/read_sign/lib'
[1.687s] Level 1:colcon.colcon_core.environment:checking '/home/jblevins32/IRR_final/install/read_sign/bin'
[1.687s] Level 1:colcon.colcon_core.environment:checking '/home/jblevins32/IRR_final/install/read_sign/lib/pkgconfig/read_sign.pc'
[1.687s] Level 1:colcon.colcon_core.environment:checking '/home/jblevins32/IRR_final/install/read_sign/lib/python3.10/site-packages'
[1.687s] Level 1:colcon.colcon_core.shell:create_environment_hook('read_sign', 'pythonpath')
[1.687s] INFO:colcon.colcon_core.shell:Creating environment hook '/home/jblevins32/IRR_final/install/read_sign/share/read_sign/hook/pythonpath.ps1'
[1.688s] INFO:colcon.colcon_core.shell:Creating environment descriptor '/home/jblevins32/IRR_final/install/read_sign/share/read_sign/hook/pythonpath.dsv'
[1.688s] INFO:colcon.colcon_core.shell:Creating environment hook '/home/jblevins32/IRR_final/install/read_sign/share/read_sign/hook/pythonpath.sh'
[1.689s] Level 1:colcon.colcon_core.environment:checking '/home/jblevins32/IRR_final/install/read_sign/bin'
[1.689s] Level 1:colcon.colcon_core.environment:create_environment_scripts_only(read_sign)
[1.689s] INFO:colcon.colcon_core.shell:Creating package script '/home/jblevins32/IRR_final/install/read_sign/share/read_sign/package.ps1'
[1.690s] INFO:colcon.colcon_core.shell:Creating package descriptor '/home/jblevins32/IRR_final/install/read_sign/share/read_sign/package.dsv'
[1.690s] INFO:colcon.colcon_core.shell:Creating package script '/home/jblevins32/IRR_final/install/read_sign/share/read_sign/package.sh'
[1.691s] INFO:colcon.colcon_core.shell:Creating package script '/home/jblevins32/IRR_final/install/read_sign/share/read_sign/package.bash'
[1.692s] INFO:colcon.colcon_core.shell:Creating package script '/home/jblevins32/IRR_final/install/read_sign/share/read_sign/package.zsh'
[1.692s] Level 1:colcon.colcon_core.environment:create_file_with_runtime_dependencies(/home/jblevins32/IRR_final/install/read_sign/share/colcon-core/packages/read_sign)
[1.722s] Level 1:colcon.colcon_core.environment:checking '/home/jblevins32/IRR_final/install/print_fixed_odometry' for CMake module files
[1.723s] DEBUG:colcon.colcon_core.event_handler.log_command:Invoked command in '/home/jblevins32/IRR_final/src/print_fixed_odometry' returned '0': DEBUGINFOD_URLS=https://debuginfod.ubuntu.com PYTHONPATH=/home/jblevins32/IRR_final/build/print_fixed_odometry/prefix_override:/usr/lib/python3/dist-packages/colcon_core/task/python/colcon_distutils_commands:/home/jblevins32/IRR_final/install/print_fixed_odometry/lib/python3.10/site-packages:${PYTHONPATH} /usr/bin/python3 -W ignore:setup.py install is deprecated -W ignore:easy_install command is deprecated setup.py egg_info --egg-base ../../build/print_fixed_odometry build --build-base /home/jblevins32/IRR_final/build/print_fixed_odometry/build install --record /home/jblevins32/IRR_final/build/print_fixed_odometry/install.log --single-version-externally-managed install_data
[1.724s] Level 1:colcon.colcon_core.environment:checking '/home/jblevins32/IRR_final/install/print_fixed_odometry' for CMake config files
[1.724s] Level 1:colcon.colcon_core.environment:checking '/home/jblevins32/IRR_final/install/print_fixed_odometry/lib'
[1.725s] Level 1:colcon.colcon_core.environment:checking '/home/jblevins32/IRR_final/install/print_fixed_odometry/bin'
[1.725s] Level 1:colcon.colcon_core.environment:checking '/home/jblevins32/IRR_final/install/print_fixed_odometry/lib/pkgconfig/print_fixed_odometry.pc'
[1.725s] Level 1:colcon.colcon_core.environment:checking '/home/jblevins32/IRR_final/install/print_fixed_odometry/lib/python3.10/site-packages'
[1.725s] Level 1:colcon.colcon_core.shell:create_environment_hook('print_fixed_odometry', 'pythonpath')
[1.725s] INFO:colcon.colcon_core.shell:Creating environment hook '/home/jblevins32/IRR_final/install/print_fixed_odometry/share/print_fixed_odometry/hook/pythonpath.ps1'
[1.726s] INFO:colcon.colcon_core.shell:Creating environment descriptor '/home/jblevins32/IRR_final/install/print_fixed_odometry/share/print_fixed_odometry/hook/pythonpath.dsv'
[1.727s] INFO:colcon.colcon_core.shell:Creating environment hook '/home/jblevins32/IRR_final/install/print_fixed_odometry/share/print_fixed_odometry/hook/pythonpath.sh'
[1.727s] Level 1:colcon.colcon_core.environment:checking '/home/jblevins32/IRR_final/install/print_fixed_odometry/bin'
[1.727s] Level 1:colcon.colcon_core.environment:create_environment_scripts_only(print_fixed_odometry)
[1.728s] INFO:colcon.colcon_core.shell:Creating package script '/home/jblevins32/IRR_final/install/print_fixed_odometry/share/print_fixed_odometry/package.ps1'
[1.728s] INFO:colcon.colcon_core.shell:Creating package descriptor '/home/jblevins32/IRR_final/install/print_fixed_odometry/share/print_fixed_odometry/package.dsv'
[1.729s] INFO:colcon.colcon_core.shell:Creating package script '/home/jblevins32/IRR_final/install/print_fixed_odometry/share/print_fixed_odometry/package.sh'
[1.729s] INFO:colcon.colcon_core.shell:Creating package script '/home/jblevins32/IRR_final/install/print_fixed_odometry/share/print_fixed_odometry/package.bash'
[1.730s] INFO:colcon.colcon_core.shell:Creating package script '/home/jblevins32/IRR_final/install/print_fixed_odometry/share/print_fixed_odometry/package.zsh'
[1.730s] Level 1:colcon.colcon_core.environment:create_file_with_runtime_dependencies(/home/jblevins32/IRR_final/install/print_fixed_odometry/share/colcon-core/packages/print_fixed_odometry)
[14.285s] DEBUG:colcon.colcon_core.event_handler.log_command:Invoked command in '/home/jblevins32/IRR_final/build/control' returned '0': CMAKE_PREFIX_PATH=${CMAKE_PREFIX_PATH}:/home/jblevins32/IRR_final/install/read_sign:/home/jblevins32/IRR_final/install/print_fixed_odometry:/opt/ros/humble DEBUGINFOD_URLS=https://debuginfod.ubuntu.com /usr/bin/cmake --build /home/jblevins32/IRR_final/build/control -- -j28 -l28
[14.302s] DEBUG:colcon.colcon_core.event_handler.log_command:Invoking command in '/home/jblevins32/IRR_final/build/control': CMAKE_PREFIX_PATH=${CMAKE_PREFIX_PATH}:/home/jblevins32/IRR_final/install/read_sign:/home/jblevins32/IRR_final/install/print_fixed_odometry:/opt/ros/humble DEBUGINFOD_URLS=https://debuginfod.ubuntu.com /usr/bin/cmake --install /home/jblevins32/IRR_final/build/control
[14.329s] Level 1:colcon.colcon_core.environment:create_environment_scripts_only(control)
[14.329s] Level 1:colcon.colcon_core.environment:checking '/home/jblevins32/IRR_final/install/control' for CMake module files
[14.330s] DEBUG:colcon.colcon_core.event_handler.log_command:Invoked command in '/home/jblevins32/IRR_final/build/control' returned '0': CMAKE_PREFIX_PATH=${CMAKE_PREFIX_PATH}:/home/jblevins32/IRR_final/install/read_sign:/home/jblevins32/IRR_final/install/print_fixed_odometry:/opt/ros/humble DEBUGINFOD_URLS=https://debuginfod.ubuntu.com /usr/bin/cmake --install /home/jblevins32/IRR_final/build/control
[14.330s] Level 1:colcon.colcon_core.environment:checking '/home/jblevins32/IRR_final/install/control' for CMake config files
[14.331s] Level 1:colcon.colcon_core.shell:create_environment_hook('control', 'cmake_prefix_path')
[14.331s] INFO:colcon.colcon_core.shell:Creating environment hook '/home/jblevins32/IRR_final/install/control/share/control/hook/cmake_prefix_path.ps1'
[14.332s] INFO:colcon.colcon_core.shell:Creating environment descriptor '/home/jblevins32/IRR_final/install/control/share/control/hook/cmake_prefix_path.dsv'
[14.332s] INFO:colcon.colcon_core.shell:Creating environment hook '/home/jblevins32/IRR_final/install/control/share/control/hook/cmake_prefix_path.sh'
[14.333s] Level 1:colcon.colcon_core.environment:checking '/home/jblevins32/IRR_final/install/control/lib'
[14.333s] Level 1:colcon.colcon_core.environment:checking '/home/jblevins32/IRR_final/install/control/bin'
[14.333s] Level 1:colcon.colcon_core.environment:checking '/home/jblevins32/IRR_final/install/control/lib/pkgconfig/control.pc'
[14.333s] Level 1:colcon.colcon_core.environment:checking '/home/jblevins32/IRR_final/install/control/lib/python3.10/site-packages'
[14.334s] Level 1:colcon.colcon_core.environment:checking '/home/jblevins32/IRR_final/install/control/bin'
[14.334s] INFO:colcon.colcon_core.shell:Creating package script '/home/jblevins32/IRR_final/install/control/share/control/package.ps1'
[14.335s] INFO:colcon.colcon_core.shell:Creating package descriptor '/home/jblevins32/IRR_final/install/control/share/control/package.dsv'
[14.336s] INFO:colcon.colcon_core.shell:Creating package script '/home/jblevins32/IRR_final/install/control/share/control/package.sh'
[14.337s] INFO:colcon.colcon_core.shell:Creating package script '/home/jblevins32/IRR_final/install/control/share/control/package.bash'
[14.337s] INFO:colcon.colcon_core.shell:Creating package script '/home/jblevins32/IRR_final/install/control/share/control/package.zsh'
[14.338s] Level 1:colcon.colcon_core.environment:create_file_with_runtime_dependencies(/home/jblevins32/IRR_final/install/control/share/colcon-core/packages/control)
[14.338s] Level 1:colcon.colcon_core.environment:create_environment_scripts_only(control)
[14.339s] Level 1:colcon.colcon_core.environment:checking '/home/jblevins32/IRR_final/install/control' for CMake module files
[14.339s] Level 1:colcon.colcon_core.environment:checking '/home/jblevins32/IRR_final/install/control' for CMake config files
[14.340s] Level 1:colcon.colcon_core.shell:create_environment_hook('control', 'cmake_prefix_path')
[14.340s] INFO:colcon.colcon_core.shell:Creating environment hook '/home/jblevins32/IRR_final/install/control/share/control/hook/cmake_prefix_path.ps1'
[14.341s] INFO:colcon.colcon_core.shell:Creating environment descriptor '/home/jblevins32/IRR_final/install/control/share/control/hook/cmake_prefix_path.dsv'
[14.341s] INFO:colcon.colcon_core.shell:Creating environment hook '/home/jblevins32/IRR_final/install/control/share/control/hook/cmake_prefix_path.sh'
[14.343s] Level 1:colcon.colcon_core.environment:checking '/home/jblevins32/IRR_final/install/control/lib'
[14.343s] Level 1:colcon.colcon_core.environment:checking '/home/jblevins32/IRR_final/install/control/bin'
[14.343s] Level 1:colcon.colcon_core.environment:checking '/home/jblevins32/IRR_final/install/control/lib/pkgconfig/control.pc'
[14.343s] Level 1:colcon.colcon_core.environment:checking '/home/jblevins32/IRR_final/install/control/lib/python3.10/site-packages'
[14.343s] Level 1:colcon.colcon_core.environment:checking '/home/jblevins32/IRR_final/install/control/bin'
[14.344s] INFO:colcon.colcon_core.shell:Creating package script '/home/jblevins32/IRR_final/install/control/share/control/package.ps1'
[14.345s] INFO:colcon.colcon_core.shell:Creating package descriptor '/home/jblevins32/IRR_final/install/control/share/control/package.dsv'
[14.345s] INFO:colcon.colcon_core.shell:Creating package script '/home/jblevins32/IRR_final/install/control/share/control/package.sh'
[14.346s] INFO:colcon.colcon_core.shell:Creating package script '/home/jblevins32/IRR_final/install/control/share/control/package.bash'
[14.346s] INFO:colcon.colcon_core.shell:Creating package script '/home/jblevins32/IRR_final/install/control/share/control/package.zsh'
[14.347s] Level 1:colcon.colcon_core.environment:create_file_with_runtime_dependencies(/home/jblevins32/IRR_final/install/control/share/colcon-core/packages/control)
[14.347s] DEBUG:colcon.colcon_parallel_executor.executor.parallel:closing loop
[14.348s] DEBUG:colcon.colcon_parallel_executor.executor.parallel:loop closed
[14.348s] DEBUG:colcon.colcon_parallel_executor.executor.parallel:run_until_complete finished with '0'
[14.348s] DEBUG:colcon.colcon_core.event_reactor:joining thread
[14.355s] INFO:colcon.colcon_core.plugin_system:Skipping extension 'colcon_notification.desktop_notification.terminal_notifier': Not used on non-Darwin systems
[14.355s] INFO:colcon.colcon_core.plugin_system:Skipping extension 'colcon_notification.desktop_notification.win32': Not used on non-Windows systems
[14.355s] INFO:colcon.colcon_notification.desktop_notification:Sending desktop notification using 'notify2'
[14.371s] DEBUG:colcon.colcon_core.event_reactor:joined thread
[14.372s] INFO:colcon.colcon_core.shell:Creating prefix script '/home/jblevins32/IRR_final/install/local_setup.ps1'
[14.373s] INFO:colcon.colcon_core.shell:Creating prefix util module '/home/jblevins32/IRR_final/install/_local_setup_util_ps1.py'
[14.374s] INFO:colcon.colcon_core.shell:Creating prefix chain script '/home/jblevins32/IRR_final/install/setup.ps1'
[14.375s] INFO:colcon.colcon_core.shell:Creating prefix script '/home/jblevins32/IRR_final/install/local_setup.sh'
[14.375s] INFO:colcon.colcon_core.shell:Creating prefix util module '/home/jblevins32/IRR_final/install/_local_setup_util_sh.py'
[14.376s] INFO:colcon.colcon_core.shell:Creating prefix chain script '/home/jblevins32/IRR_final/install/setup.sh'
[14.377s] INFO:colcon.colcon_core.shell:Creating prefix script '/home/jblevins32/IRR_final/install/local_setup.bash'
[14.377s] INFO:colcon.colcon_core.shell:Creating prefix chain script '/home/jblevins32/IRR_final/install/setup.bash'
[14.378s] INFO:colcon.colcon_core.shell:Creating prefix script '/home/jblevins32/IRR_final/install/local_setup.zsh'
[14.378s] INFO:colcon.colcon_core.shell:Creating prefix chain script '/home/jblevins32/IRR_final/install/setup.zsh'
