[0.023s] Invoking command in '/home/jblevins32/IRR_final/build/control': CMAKE_PREFIX_PATH=${CMAKE_PREFIX_PATH}:/home/jblevins32/IRR_final/install/read_sign:/home/jblevins32/IRR_final/install/print_fixed_odometry:/opt/ros/humble DEBUGINFOD_URLS=https://debuginfod.ubuntu.com /usr/bin/cmake --build /home/jblevins32/IRR_final/build/control -- -j28 -l28
[0.395s] -- Found ament_cmake: 1.3.11 (/opt/ros/humble/share/ament_cmake/cmake)
[0.395s] -- Override CMake install command with custom implementation using symlinks instead of copying resources
[0.395s] -- Found rclcpp: 16.0.12 (/opt/ros/humble/share/rclcpp/cmake)
[0.396s] -- Found rosidl_generator_c: 3.1.6 (/opt/ros/humble/share/rosidl_generator_c/cmake)
[0.396s] -- Found rosidl_adapter: 3.1.6 (/opt/ros/humble/share/rosidl_adapter/cmake)
[0.396s] -- Found rosidl_generator_cpp: 3.1.6 (/opt/ros/humble/share/rosidl_generator_cpp/cmake)
[0.396s] -- Using all available rosidl_typesupport_c: rosidl_typesupport_fastrtps_c;rosidl_typesupport_introspection_c
[0.396s] -- Using all available rosidl_typesupport_cpp: rosidl_typesupport_fastrtps_cpp;rosidl_typesupport_introspection_cpp
[0.396s] -- Found rmw_implementation_cmake: 6.1.2 (/opt/ros/humble/share/rmw_implementation_cmake/cmake)
[0.396s] -- Found rmw_fastrtps_cpp: 6.2.7 (/opt/ros/humble/share/rmw_fastrtps_cpp/cmake)
[0.458s] -- Using RMW implementation 'rmw_fastrtps_cpp' as default
[0.503s] -- Found geometry_msgs: 4.8.0 (/opt/ros/humble/share/geometry_msgs/cmake)
[0.515s] -- Found nav_msgs: 4.8.0 (/opt/ros/humble/share/nav_msgs/cmake)
[0.540s] -- Found sensor_msgs: 4.8.0 (/opt/ros/humble/share/sensor_msgs/cmake)
[0.555s] -- Found tf2_geometry_msgs: 0.25.12 (/opt/ros/humble/share/tf2_geometry_msgs/cmake)
[0.558s] -- Found eigen3_cmake_module: 0.1.1 (/opt/ros/humble/share/eigen3_cmake_module/cmake)
[0.559s] -- Ensuring Eigen3 include directory is part of orocos-kdl CMake target
[0.648s] -- Found ament_lint_auto: 0.12.12 (/opt/ros/humble/share/ament_lint_auto/cmake)
[0.745s] -- Added test 'cppcheck' to perform static code analysis on C / C++ code
[0.745s] -- Configured cppcheck include dirs: $<BUILD_INTERFACE:/home/jblevins32/IRR_final/src/control/include>
[0.746s] -- Configured cppcheck exclude dirs and/or files: 
[0.746s] -- Added test 'lint_cmake' to check CMake code style
[0.747s] -- Added test 'uncrustify' to check C / C++ code style
[0.747s] -- Configured uncrustify additional arguments: 
[0.747s] -- Added test 'xmllint' to check XML markup files
[0.748s] -- Configuring done
[0.759s] -- Generating done
[0.763s] -- Build files have been written to: /home/jblevins32/IRR_final/build/control
[0.795s] [35m[1mConsolidate compiler generated dependencies of target get_control[0m
[0.820s] [100%] Built target get_control
[0.837s] Invoked command in '/home/jblevins32/IRR_final/build/control' returned '0': CMAKE_PREFIX_PATH=${CMAKE_PREFIX_PATH}:/home/jblevins32/IRR_final/install/read_sign:/home/jblevins32/IRR_final/install/print_fixed_odometry:/opt/ros/humble DEBUGINFOD_URLS=https://debuginfod.ubuntu.com /usr/bin/cmake --build /home/jblevins32/IRR_final/build/control -- -j28 -l28
[0.847s] Invoking command in '/home/jblevins32/IRR_final/build/control': CMAKE_PREFIX_PATH=${CMAKE_PREFIX_PATH}:/home/jblevins32/IRR_final/install/read_sign:/home/jblevins32/IRR_final/install/print_fixed_odometry:/opt/ros/humble DEBUGINFOD_URLS=https://debuginfod.ubuntu.com /usr/bin/cmake --install /home/jblevins32/IRR_final/build/control
[0.857s] -- Install configuration: "Debug"
[0.857s] -- Execute custom install script
[0.857s] -- Up-to-date symlink: /home/jblevins32/IRR_final/install/control/lib/control/get_control
[0.858s] -- Up-to-date symlink: /home/jblevins32/IRR_final/install/control/share/ament_index/resource_index/package_run_dependencies/control
[0.858s] -- Up-to-date symlink: /home/jblevins32/IRR_final/install/control/share/ament_index/resource_index/parent_prefix_path/control
[0.858s] -- Up-to-date symlink: /home/jblevins32/IRR_final/install/control/share/control/environment/ament_prefix_path.sh
[0.858s] -- Up-to-date symlink: /home/jblevins32/IRR_final/install/control/share/control/environment/ament_prefix_path.dsv
[0.858s] -- Up-to-date symlink: /home/jblevins32/IRR_final/install/control/share/control/environment/path.sh
[0.858s] -- Up-to-date symlink: /home/jblevins32/IRR_final/install/control/share/control/environment/path.dsv
[0.859s] -- Up-to-date symlink: /home/jblevins32/IRR_final/install/control/share/control/local_setup.bash
[0.859s] -- Up-to-date symlink: /home/jblevins32/IRR_final/install/control/share/control/local_setup.sh
[0.859s] -- Up-to-date symlink: /home/jblevins32/IRR_final/install/control/share/control/local_setup.zsh
[0.859s] -- Up-to-date symlink: /home/jblevins32/IRR_final/install/control/share/control/local_setup.dsv
[0.859s] -- Symlinking: /home/jblevins32/IRR_final/install/control/share/control/package.dsv
[0.869s] -- Up-to-date symlink: /home/jblevins32/IRR_final/install/control/share/ament_index/resource_index/packages/control
[0.869s] -- Up-to-date symlink: /home/jblevins32/IRR_final/install/control/share/control/cmake/controlConfig.cmake
[0.870s] -- Up-to-date symlink: /home/jblevins32/IRR_final/install/control/share/control/cmake/controlConfig-version.cmake
[0.870s] -- Up-to-date symlink: /home/jblevins32/IRR_final/install/control/share/control/package.xml
[0.873s] Invoked command in '/home/jblevins32/IRR_final/build/control' returned '0': CMAKE_PREFIX_PATH=${CMAKE_PREFIX_PATH}:/home/jblevins32/IRR_final/install/read_sign:/home/jblevins32/IRR_final/install/print_fixed_odometry:/opt/ros/humble DEBUGINFOD_URLS=https://debuginfod.ubuntu.com /usr/bin/cmake --install /home/jblevins32/IRR_final/build/control
