[0.013s] Invoking command in '/home/jblevins32/IRR_final/build/control': CMAKE_PREFIX_PATH=/opt/ros/humble DEBUGINFOD_URLS=https://debuginfod.ubuntu.com /usr/bin/cmake --build /home/jblevins32/IRR_final/build/control -- -j28 -l28
[0.208s] [35m[1mConsolidate compiler generated dependencies of target get_control[0m
[0.208s] [100%] Built target get_control
[0.407s] Invoked command in '/home/jblevins32/IRR_final/build/control' returned '0': CMAKE_PREFIX_PATH=/opt/ros/humble DEBUGINFOD_URLS=https://debuginfod.ubuntu.com /usr/bin/cmake --build /home/jblevins32/IRR_final/build/control -- -j28 -l28
[0.412s] Invoking command in '/home/jblevins32/IRR_final/build/control': CMAKE_PREFIX_PATH=/opt/ros/humble DEBUGINFOD_URLS=https://debuginfod.ubuntu.com /usr/bin/cmake --install /home/jblevins32/IRR_final/build/control
[0.421s] -- Install configuration: ""
[0.422s] -- Up-to-date: /home/jblevins32/IRR_final/install/control/lib/control/get_control
[0.422s] -- Up-to-date: /home/jblevins32/IRR_final/install/control/share/ament_index/resource_index/package_run_dependencies/control
[0.422s] -- Up-to-date: /home/jblevins32/IRR_final/install/control/share/ament_index/resource_index/parent_prefix_path/control
[0.423s] -- Up-to-date: /home/jblevins32/IRR_final/install/control/share/control/environment/ament_prefix_path.sh
[0.423s] -- Up-to-date: /home/jblevins32/IRR_final/install/control/share/control/environment/ament_prefix_path.dsv
[0.423s] -- Up-to-date: /home/jblevins32/IRR_final/install/control/share/control/environment/path.sh
[0.423s] -- Up-to-date: /home/jblevins32/IRR_final/install/control/share/control/environment/path.dsv
[0.423s] -- Up-to-date: /home/jblevins32/IRR_final/install/control/share/control/local_setup.bash
[0.423s] -- Up-to-date: /home/jblevins32/IRR_final/install/control/share/control/local_setup.sh
[0.423s] -- Up-to-date: /home/jblevins32/IRR_final/install/control/share/control/local_setup.zsh
[0.423s] -- Up-to-date: /home/jblevins32/IRR_final/install/control/share/control/local_setup.dsv
[0.423s] -- Installing: /home/jblevins32/IRR_final/install/control/share/control/package.dsv
[0.423s] -- Up-to-date: /home/jblevins32/IRR_final/install/control/share/ament_index/resource_index/packages/control
[0.423s] -- Up-to-date: /home/jblevins32/IRR_final/install/control/share/control/cmake/controlConfig.cmake
[0.424s] -- Up-to-date: /home/jblevins32/IRR_final/install/control/share/control/cmake/controlConfig-version.cmake
[0.424s] -- Up-to-date: /home/jblevins32/IRR_final/install/control/share/control/package.xml
[0.424s] Invoked command in '/home/jblevins32/IRR_final/build/control' returned '0': CMAKE_PREFIX_PATH=/opt/ros/humble DEBUGINFOD_URLS=https://debuginfod.ubuntu.com /usr/bin/cmake --install /home/jblevins32/IRR_final/build/control
