[0.021s] Invoking command in '/home/jblevins32/IRR_final/build/control': CMAKE_PREFIX_PATH=${CMAKE_PREFIX_PATH}:/home/jblevins32/IRR_final/install/read_sign:/home/jblevins32/IRR_final/install/print_fixed_odometry:/opt/ros/humble DEBUGINFOD_URLS=https://debuginfod.ubuntu.com /usr/bin/cmake --build /home/jblevins32/IRR_final/build/control -- -j28 -l28
[0.307s] [35m[1mConsolidate compiler generated dependencies of target get_control[0m
[0.308s] [ 50%] [32mBuilding CXX object CMakeFiles/get_control.dir/src/get_control.cpp.o[0m
[2.807s] [01m[K/home/jblevins32/IRR_final/src/control/src/get_control.cpp:[m[K In member function ‘[01m[Kvoid control::timer_callback()[m[K’:
[2.807s] [01m[K/home/jblevins32/IRR_final/src/control/src/get_control.cpp:126:16:[m[K [01;35m[Kwarning: [m[Kunused variable ‘[01m[Kcurrent_dist_x[m[K’ [[01;35m[K]8;;https://gcc.gnu.org/onlinedocs/gcc/Warning-Options.html#index-Wunused-variable-Wunused-variable]8;;[m[K]
[2.808s]   126 |           auto [01;35m[Kcurrent_dist_x[m[K = recent_odom.pose.pose.position.x;
[2.808s]       |                [01;35m[K^~~~~~~~~~~~~~[m[K
[2.808s] [01m[K/home/jblevins32/IRR_final/src/control/src/get_control.cpp:127:16:[m[K [01;35m[Kwarning: [m[Kunused variable ‘[01m[Kcurrent_dist_y[m[K’ [[01;35m[K]8;;https://gcc.gnu.org/onlinedocs/gcc/Warning-Options.html#index-Wunused-variable-Wunused-variable]8;;[m[K]
[2.808s]   127 |           auto [01;35m[Kcurrent_dist_y[m[K = recent_odom.pose.pose.position.y;
[2.808s]       |                [01;35m[K^~~~~~~~~~~~~~[m[K
[14.187s] [100%] [32m[1mLinking CXX executable get_control[0m
[15.047s] [100%] Built target get_control
[15.064s] Invoked command in '/home/jblevins32/IRR_final/build/control' returned '0': CMAKE_PREFIX_PATH=${CMAKE_PREFIX_PATH}:/home/jblevins32/IRR_final/install/read_sign:/home/jblevins32/IRR_final/install/print_fixed_odometry:/opt/ros/humble DEBUGINFOD_URLS=https://debuginfod.ubuntu.com /usr/bin/cmake --build /home/jblevins32/IRR_final/build/control -- -j28 -l28
[15.081s] Invoking command in '/home/jblevins32/IRR_final/build/control': CMAKE_PREFIX_PATH=${CMAKE_PREFIX_PATH}:/home/jblevins32/IRR_final/install/read_sign:/home/jblevins32/IRR_final/install/print_fixed_odometry:/opt/ros/humble DEBUGINFOD_URLS=https://debuginfod.ubuntu.com /usr/bin/cmake --install /home/jblevins32/IRR_final/build/control
[15.095s] -- Install configuration: "Debug"
[15.095s] -- Execute custom install script
[15.095s] -- Up-to-date symlink: /home/jblevins32/IRR_final/install/control/lib/control/get_control
[15.096s] -- Up-to-date symlink: /home/jblevins32/IRR_final/install/control/share/ament_index/resource_index/package_run_dependencies/control
[15.096s] -- Up-to-date symlink: /home/jblevins32/IRR_final/install/control/share/ament_index/resource_index/parent_prefix_path/control
[15.097s] -- Up-to-date symlink: /home/jblevins32/IRR_final/install/control/share/control/environment/ament_prefix_path.sh
[15.097s] -- Up-to-date symlink: /home/jblevins32/IRR_final/install/control/share/control/environment/ament_prefix_path.dsv
[15.097s] -- Up-to-date symlink: /home/jblevins32/IRR_final/install/control/share/control/environment/path.sh
[15.098s] -- Up-to-date symlink: /home/jblevins32/IRR_final/install/control/share/control/environment/path.dsv
[15.098s] -- Up-to-date symlink: /home/jblevins32/IRR_final/install/control/share/control/local_setup.bash
[15.098s] -- Up-to-date symlink: /home/jblevins32/IRR_final/install/control/share/control/local_setup.sh
[15.099s] -- Up-to-date symlink: /home/jblevins32/IRR_final/install/control/share/control/local_setup.zsh
[15.099s] -- Up-to-date symlink: /home/jblevins32/IRR_final/install/control/share/control/local_setup.dsv
[15.099s] -- Symlinking: /home/jblevins32/IRR_final/install/control/share/control/package.dsv
[15.109s] -- Up-to-date symlink: /home/jblevins32/IRR_final/install/control/share/ament_index/resource_index/packages/control
[15.110s] -- Up-to-date symlink: /home/jblevins32/IRR_final/install/control/share/control/cmake/controlConfig.cmake
[15.110s] -- Up-to-date symlink: /home/jblevins32/IRR_final/install/control/share/control/cmake/controlConfig-version.cmake
[15.110s] -- Up-to-date symlink: /home/jblevins32/IRR_final/install/control/share/control/package.xml
[15.113s] Invoked command in '/home/jblevins32/IRR_final/build/control' returned '0': CMAKE_PREFIX_PATH=${CMAKE_PREFIX_PATH}:/home/jblevins32/IRR_final/install/read_sign:/home/jblevins32/IRR_final/install/print_fixed_odometry:/opt/ros/humble DEBUGINFOD_URLS=https://debuginfod.ubuntu.com /usr/bin/cmake --install /home/jblevins32/IRR_final/build/control
