[0.020s] Invoking command in '/home/jblevins32/IRR_final/build/control': CMAKE_PREFIX_PATH=${CMAKE_PREFIX_PATH}:/home/jblevins32/IRR_final/install/read_sign:/home/jblevins32/IRR_final/install/print_fixed_odometry:/opt/ros/humble DEBUGINFOD_URLS=https://debuginfod.ubuntu.com /usr/bin/cmake --build /home/jblevins32/IRR_final/build/control -- -j28 -l28
[0.343s] [ 50%] [32mBuilding CXX object CMakeFiles/get_control.dir/src/get_control.cpp.o[0m
[15.320s] [100%] [32m[1mLinking CXX executable get_control[0m
[16.202s] [100%] Built target get_control
[16.215s] Invoked command in '/home/jblevins32/IRR_final/build/control' returned '0': CMAKE_PREFIX_PATH=${CMAKE_PREFIX_PATH}:/home/jblevins32/IRR_final/install/read_sign:/home/jblevins32/IRR_final/install/print_fixed_odometry:/opt/ros/humble DEBUGINFOD_URLS=https://debuginfod.ubuntu.com /usr/bin/cmake --build /home/jblevins32/IRR_final/build/control -- -j28 -l28
[16.225s] Invoking command in '/home/jblevins32/IRR_final/build/control': CMAKE_PREFIX_PATH=${CMAKE_PREFIX_PATH}:/home/jblevins32/IRR_final/install/read_sign:/home/jblevins32/IRR_final/install/print_fixed_odometry:/opt/ros/humble DEBUGINFOD_URLS=https://debuginfod.ubuntu.com /usr/bin/cmake --install /home/jblevins32/IRR_final/build/control
[16.234s] -- Install configuration: "Debug"
[16.235s] -- Execute custom install script
[16.235s] -- Up-to-date symlink: /home/jblevins32/IRR_final/install/control/lib/control/get_control
[16.236s] -- Up-to-date symlink: /home/jblevins32/IRR_final/install/control/share/ament_index/resource_index/package_run_dependencies/control
[16.236s] -- Up-to-date symlink: /home/jblevins32/IRR_final/install/control/share/ament_index/resource_index/parent_prefix_path/control
[16.236s] -- Up-to-date symlink: /home/jblevins32/IRR_final/install/control/share/control/environment/ament_prefix_path.sh
[16.236s] -- Up-to-date symlink: /home/jblevins32/IRR_final/install/control/share/control/environment/ament_prefix_path.dsv
[16.236s] -- Up-to-date symlink: /home/jblevins32/IRR_final/install/control/share/control/environment/path.sh
[16.236s] -- Up-to-date symlink: /home/jblevins32/IRR_final/install/control/share/control/environment/path.dsv
[16.236s] -- Up-to-date symlink: /home/jblevins32/IRR_final/install/control/share/control/local_setup.bash
[16.237s] -- Up-to-date symlink: /home/jblevins32/IRR_final/install/control/share/control/local_setup.sh
[16.237s] -- Up-to-date symlink: /home/jblevins32/IRR_final/install/control/share/control/local_setup.zsh
[16.237s] -- Up-to-date symlink: /home/jblevins32/IRR_final/install/control/share/control/local_setup.dsv
[16.237s] -- Symlinking: /home/jblevins32/IRR_final/install/control/share/control/package.dsv
[16.249s] -- Up-to-date symlink: /home/jblevins32/IRR_final/install/control/share/ament_index/resource_index/packages/control
[16.249s] -- Up-to-date symlink: /home/jblevins32/IRR_final/install/control/share/control/cmake/controlConfig.cmake
[16.249s] -- Up-to-date symlink: /home/jblevins32/IRR_final/install/control/share/control/cmake/controlConfig-version.cmake
[16.249s] -- Up-to-date symlink: /home/jblevins32/IRR_final/install/control/share/control/package.xml
[16.251s] Invoked command in '/home/jblevins32/IRR_final/build/control' returned '0': CMAKE_PREFIX_PATH=${CMAKE_PREFIX_PATH}:/home/jblevins32/IRR_final/install/read_sign:/home/jblevins32/IRR_final/install/print_fixed_odometry:/opt/ros/humble DEBUGINFOD_URLS=https://debuginfod.ubuntu.com /usr/bin/cmake --install /home/jblevins32/IRR_final/build/control
