[1.998s] Invoking command in '/home/jblevins32/IRR_final/src/read_sign': DEBUGINFOD_URLS=https://debuginfod.ubuntu.com PYTHONPATH=/home/jblevins32/IRR_final/build/read_sign/prefix_override:/usr/lib/python3/dist-packages/colcon_core/task/python/colcon_distutils_commands:/home/jblevins32/IRR_final/install/read_sign/lib/python3.10/site-packages:${PYTHONPATH} /usr/bin/python3 -W ignore:setup.py install is deprecated -W ignore:easy_install command is deprecated setup.py egg_info --egg-base ../../build/read_sign build --build-base /home/jblevins32/IRR_final/build/read_sign/build install --record /home/jblevins32/IRR_final/build/read_sign/install.log --single-version-externally-managed install_data
[2.651s] running egg_info
[2.652s] writing ../../build/read_sign/read_sign.egg-info/PKG-INFO
[2.653s] writing dependency_links to ../../build/read_sign/read_sign.egg-info/dependency_links.txt
[2.653s] writing entry points to ../../build/read_sign/read_sign.egg-info/entry_points.txt
[2.654s] writing requirements to ../../build/read_sign/read_sign.egg-info/requires.txt
[2.654s] writing top-level names to ../../build/read_sign/read_sign.egg-info/top_level.txt
[2.658s] reading manifest file '../../build/read_sign/read_sign.egg-info/SOURCES.txt'
[2.660s] writing manifest file '../../build/read_sign/read_sign.egg-info/SOURCES.txt'
[2.660s] running build
[2.660s] running build_py
[2.661s] running install
[2.661s] running install_lib
[2.664s] running install_data
[2.665s] running install_egg_info
[2.668s] removing '/home/jblevins32/IRR_final/install/read_sign/lib/python3.10/site-packages/read_sign-0.0.0-py3.10.egg-info' (and everything under it)
[2.669s] Copying ../../build/read_sign/read_sign.egg-info to /home/jblevins32/IRR_final/install/read_sign/lib/python3.10/site-packages/read_sign-0.0.0-py3.10.egg-info
[2.671s] running install_scripts
[2.711s] Installing read_sign_pubsub script to /home/jblevins32/IRR_final/install/read_sign/lib/read_sign
[2.711s] writing list of installed files to '/home/jblevins32/IRR_final/build/read_sign/install.log'
[2.756s] Invoked command in '/home/jblevins32/IRR_final/src/read_sign' returned '0': DEBUGINFOD_URLS=https://debuginfod.ubuntu.com PYTHONPATH=/home/jblevins32/IRR_final/build/read_sign/prefix_override:/usr/lib/python3/dist-packages/colcon_core/task/python/colcon_distutils_commands:/home/jblevins32/IRR_final/install/read_sign/lib/python3.10/site-packages:${PYTHONPATH} /usr/bin/python3 -W ignore:setup.py install is deprecated -W ignore:easy_install command is deprecated setup.py egg_info --egg-base ../../build/read_sign build --build-base /home/jblevins32/IRR_final/build/read_sign/build install --record /home/jblevins32/IRR_final/build/read_sign/install.log --single-version-externally-managed install_data
