[0.021s] Invoking command in '/home/jblevins32/IRR_final/build/control': CMAKE_PREFIX_PATH=${CMAKE_PREFIX_PATH}:/home/jblevins32/IRR_final/install/read_sign:/home/jblevins32/IRR_final/install/print_fixed_odometry:/opt/ros/humble DEBUGINFOD_URLS=https://debuginfod.ubuntu.com /usr/bin/cmake --build /home/jblevins32/IRR_final/build/control -- -j28 -l28
[0.312s] [35m[1mConsolidate compiler generated dependencies of target get_control[0m
[0.312s] [ 50%] [32mBuilding CXX object CMakeFiles/get_control.dir/src/get_control.cpp.o[0m
[18.879s] [100%] [32m[1mLinking CXX executable get_control[0m
[20.597s] [100%] Built target get_control
[20.615s] Invoked command in '/home/jblevins32/IRR_final/build/control' returned '0': CMAKE_PREFIX_PATH=${CMAKE_PREFIX_PATH}:/home/jblevins32/IRR_final/install/read_sign:/home/jblevins32/IRR_final/install/print_fixed_odometry:/opt/ros/humble DEBUGINFOD_URLS=https://debuginfod.ubuntu.com /usr/bin/cmake --build /home/jblevins32/IRR_final/build/control -- -j28 -l28
[20.632s] Invoking command in '/home/jblevins32/IRR_final/build/control': CMAKE_PREFIX_PATH=${CMAKE_PREFIX_PATH}:/home/jblevins32/IRR_final/install/read_sign:/home/jblevins32/IRR_final/install/print_fixed_odometry:/opt/ros/humble DEBUGINFOD_URLS=https://debuginfod.ubuntu.com /usr/bin/cmake --install /home/jblevins32/IRR_final/build/control
[20.644s] -- Install configuration: "Debug"
[20.645s] -- Execute custom install script
[20.646s] -- Up-to-date symlink: /home/jblevins32/IRR_final/install/control/lib/control/get_control
[20.646s] -- Up-to-date symlink: /home/jblevins32/IRR_final/install/control/share/ament_index/resource_index/package_run_dependencies/control
[20.646s] -- Up-to-date symlink: /home/jblevins32/IRR_final/install/control/share/ament_index/resource_index/parent_prefix_path/control
[20.647s] -- Up-to-date symlink: /home/jblevins32/IRR_final/install/control/share/control/environment/ament_prefix_path.sh
[20.647s] -- Up-to-date symlink: /home/jblevins32/IRR_final/install/control/share/control/environment/ament_prefix_path.dsv
[20.647s] -- Up-to-date symlink: /home/jblevins32/IRR_final/install/control/share/control/environment/path.sh
[20.648s] -- Up-to-date symlink: /home/jblevins32/IRR_final/install/control/share/control/environment/path.dsv
[20.648s] -- Up-to-date symlink: /home/jblevins32/IRR_final/install/control/share/control/local_setup.bash
[20.648s] -- Up-to-date symlink: /home/jblevins32/IRR_final/install/control/share/control/local_setup.sh
[20.648s] -- Up-to-date symlink: /home/jblevins32/IRR_final/install/control/share/control/local_setup.zsh
[20.648s] -- Up-to-date symlink: /home/jblevins32/IRR_final/install/control/share/control/local_setup.dsv
[20.648s] -- Symlinking: /home/jblevins32/IRR_final/install/control/share/control/package.dsv
[20.665s] -- Up-to-date symlink: /home/jblevins32/IRR_final/install/control/share/ament_index/resource_index/packages/control
[20.665s] -- Up-to-date symlink: /home/jblevins32/IRR_final/install/control/share/control/cmake/controlConfig.cmake
[20.665s] -- Up-to-date symlink: /home/jblevins32/IRR_final/install/control/share/control/cmake/controlConfig-version.cmake
[20.665s] -- Up-to-date symlink: /home/jblevins32/IRR_final/install/control/share/control/package.xml
[20.670s] Invoked command in '/home/jblevins32/IRR_final/build/control' returned '0': CMAKE_PREFIX_PATH=${CMAKE_PREFIX_PATH}:/home/jblevins32/IRR_final/install/read_sign:/home/jblevins32/IRR_final/install/print_fixed_odometry:/opt/ros/humble DEBUGINFOD_URLS=https://debuginfod.ubuntu.com /usr/bin/cmake --install /home/jblevins32/IRR_final/build/control
