[0.017s] Invoking command in '/home/jblevins32/IRR_final/build/control': CMAKE_PREFIX_PATH=${CMAKE_PREFIX_PATH}:/home/jblevins32/IRR_final/install/read_sign:/home/jblevins32/IRR_final/install/print_fixed_odometry:/opt/ros/humble DEBUGINFOD_URLS=https://debuginfod.ubuntu.com /usr/bin/cmake --build /home/jblevins32/IRR_final/build/control -- -j28 -l28
[0.248s] [35m[1mConsolidate compiler generated dependencies of target get_control[0m
[0.249s] [ 50%] [32mBuilding CXX object CMakeFiles/get_control.dir/src/get_control.cpp.o[0m
[11.325s] [100%] [32m[1mLinking CXX executable get_control[0m
[11.970s] [100%] Built target get_control
[11.981s] Invoked command in '/home/jblevins32/IRR_final/build/control' returned '0': CMAKE_PREFIX_PATH=${CMAKE_PREFIX_PATH}:/home/jblevins32/IRR_final/install/read_sign:/home/jblevins32/IRR_final/install/print_fixed_odometry:/opt/ros/humble DEBUGINFOD_URLS=https://debuginfod.ubuntu.com /usr/bin/cmake --build /home/jblevins32/IRR_final/build/control -- -j28 -l28
[11.991s] Invoking command in '/home/jblevins32/IRR_final/build/control': CMAKE_PREFIX_PATH=${CMAKE_PREFIX_PATH}:/home/jblevins32/IRR_final/install/read_sign:/home/jblevins32/IRR_final/install/print_fixed_odometry:/opt/ros/humble DEBUGINFOD_URLS=https://debuginfod.ubuntu.com /usr/bin/cmake --install /home/jblevins32/IRR_final/build/control
[11.996s] -- Install configuration: "Debug"
[11.996s] -- Execute custom install script
[11.996s] -- Up-to-date symlink: /home/jblevins32/IRR_final/install/control/lib/control/get_control
[11.996s] -- Up-to-date symlink: /home/jblevins32/IRR_final/install/control/share/ament_index/resource_index/package_run_dependencies/control
[11.996s] -- Up-to-date symlink: /home/jblevins32/IRR_final/install/control/share/ament_index/resource_index/parent_prefix_path/control
[11.997s] -- Up-to-date symlink: /home/jblevins32/IRR_final/install/control/share/control/environment/ament_prefix_path.sh
[11.997s] -- Up-to-date symlink: /home/jblevins32/IRR_final/install/control/share/control/environment/ament_prefix_path.dsv
[11.997s] -- Up-to-date symlink: /home/jblevins32/IRR_final/install/control/share/control/environment/path.sh
[11.997s] -- Up-to-date symlink: /home/jblevins32/IRR_final/install/control/share/control/environment/path.dsv
[11.997s] -- Up-to-date symlink: /home/jblevins32/IRR_final/install/control/share/control/local_setup.bash
[11.997s] -- Up-to-date symlink: /home/jblevins32/IRR_final/install/control/share/control/local_setup.sh
[11.997s] -- Up-to-date symlink: /home/jblevins32/IRR_final/install/control/share/control/local_setup.zsh
[11.997s] -- Up-to-date symlink: /home/jblevins32/IRR_final/install/control/share/control/local_setup.dsv
[11.997s] -- Symlinking: /home/jblevins32/IRR_final/install/control/share/control/package.dsv
[12.007s] -- Up-to-date symlink: /home/jblevins32/IRR_final/install/control/share/ament_index/resource_index/packages/control
[12.007s] -- Up-to-date symlink: /home/jblevins32/IRR_final/install/control/share/control/cmake/controlConfig.cmake
[12.007s] -- Up-to-date symlink: /home/jblevins32/IRR_final/install/control/share/control/cmake/controlConfig-version.cmake
[12.007s] -- Up-to-date symlink: /home/jblevins32/IRR_final/install/control/share/control/package.xml
[12.010s] Invoked command in '/home/jblevins32/IRR_final/build/control' returned '0': CMAKE_PREFIX_PATH=${CMAKE_PREFIX_PATH}:/home/jblevins32/IRR_final/install/read_sign:/home/jblevins32/IRR_final/install/print_fixed_odometry:/opt/ros/humble DEBUGINFOD_URLS=https://debuginfod.ubuntu.com /usr/bin/cmake --install /home/jblevins32/IRR_final/build/control
