[0.015s] Invoking command in '/home/jblevins32/IRR_final/build/control': CMAKE_PREFIX_PATH=${CMAKE_PREFIX_PATH}:/home/jblevins32/IRR_final/install/read_sign:/home/jblevins32/IRR_final/install/print_fixed_odometry:/opt/ros/humble DEBUGINFOD_URLS=https://debuginfod.ubuntu.com /usr/bin/cmake --build /home/jblevins32/IRR_final/build/control -- -j28 -l28
[0.225s] [35m[1mConsolidate compiler generated dependencies of target get_control[0m
[0.226s] [ 50%] [32mBuilding CXX object CMakeFiles/get_control.dir/src/get_control.cpp.o[0m
[1.773s] In file included from [01m[K/opt/ros/humble/include/rclcpp/rclcpp/logging.hpp:24[m[K,
[1.774s]                  from [01m[K/opt/ros/humble/include/rclcpp/rclcpp/client.hpp:40[m[K,
[1.774s]                  from [01m[K/opt/ros/humble/include/rclcpp/rclcpp/callback_group.hpp:24[m[K,
[1.774s]                  from [01m[K/opt/ros/humble/include/rclcpp/rclcpp/any_executable.hpp:20[m[K,
[1.774s]                  from [01m[K/opt/ros/humble/include/rclcpp/rclcpp/memory_strategy.hpp:25[m[K,
[1.774s]                  from [01m[K/opt/ros/humble/include/rclcpp/rclcpp/memory_strategies.hpp:18[m[K,
[1.774s]                  from [01m[K/opt/ros/humble/include/rclcpp/rclcpp/executor_options.hpp:20[m[K,
[1.774s]                  from [01m[K/opt/ros/humble/include/rclcpp/rclcpp/executor.hpp:37[m[K,
[1.774s]                  from [01m[K/opt/ros/humble/include/rclcpp/rclcpp/executors/multi_threaded_executor.hpp:25[m[K,
[1.774s]                  from [01m[K/opt/ros/humble/include/rclcpp/rclcpp/executors.hpp:21[m[K,
[1.774s]                  from [01m[K/opt/ros/humble/include/rclcpp/rclcpp/rclcpp.hpp:155[m[K,
[1.774s]                  from [01m[K/home/jblevins32/IRR_final/src/control/src/get_control.cpp:1[m[K:
[1.774s] [01m[K/home/jblevins32/IRR_final/src/control/src/get_control.cpp:[m[K In member function ‘[01m[Kvoid control::timer_callback()[m[K’:
[1.774s] [01m[K/home/jblevins32/IRR_final/src/control/src/get_control.cpp:111:41:[m[K [01;35m[Kwarning: [m[Kformat ‘[01m[K%d[m[K’ expects argument of type ‘[01m[Kint[m[K’, but argument 5 has type ‘[01m[Kstd::vector<float>[m[K’ [[01;35m[K]8;;https://gcc.gnu.org/onlinedocs/gcc/Warning-Options.html#index-Wformat=-Wformat=]8;;[m[K]
[1.774s]   111 |         RCLCPP_INFO(this->get_logger(), [01;35m[K"Received all %d"[m[K, current_scan);
[1.774s]       |                                         [01;35m[K^~~~~~~~~~~~~~~~~[m[K
[1.774s] [01m[K/home/jblevins32/IRR_final/src/control/src/get_control.cpp:111:56:[m[K [01;36m[Knote: [m[Kformat string is defined here
[1.774s]   111 |         RCLCPP_INFO(this->get_logger(), "Received all [01;36m[K%d[m[K", current_scan);
[1.774s]       |                                                       [01;36m[K~^[m[K
[1.774s]       |                                                        [01;36m[K|[m[K
[1.774s]       |                                                        [01;36m[Kint[m[K
[9.297s] [100%] [32m[1mLinking CXX executable get_control[0m
[9.893s] [100%] Built target get_control
[9.903s] Invoked command in '/home/jblevins32/IRR_final/build/control' returned '0': CMAKE_PREFIX_PATH=${CMAKE_PREFIX_PATH}:/home/jblevins32/IRR_final/install/read_sign:/home/jblevins32/IRR_final/install/print_fixed_odometry:/opt/ros/humble DEBUGINFOD_URLS=https://debuginfod.ubuntu.com /usr/bin/cmake --build /home/jblevins32/IRR_final/build/control -- -j28 -l28
[9.912s] Invoking command in '/home/jblevins32/IRR_final/build/control': CMAKE_PREFIX_PATH=${CMAKE_PREFIX_PATH}:/home/jblevins32/IRR_final/install/read_sign:/home/jblevins32/IRR_final/install/print_fixed_odometry:/opt/ros/humble DEBUGINFOD_URLS=https://debuginfod.ubuntu.com /usr/bin/cmake --install /home/jblevins32/IRR_final/build/control
[9.918s] -- Install configuration: ""
[9.918s] -- Installing: /home/jblevins32/IRR_final/install/control/lib/control/get_control
[9.924s] -- Set runtime path of "/home/jblevins32/IRR_final/install/control/lib/control/get_control" to ""
[9.924s] -- Up-to-date: /home/jblevins32/IRR_final/install/control/share/ament_index/resource_index/package_run_dependencies/control
[9.924s] -- Up-to-date: /home/jblevins32/IRR_final/install/control/share/ament_index/resource_index/parent_prefix_path/control
[9.924s] -- Up-to-date: /home/jblevins32/IRR_final/install/control/share/control/environment/ament_prefix_path.sh
[9.924s] -- Up-to-date: /home/jblevins32/IRR_final/install/control/share/control/environment/ament_prefix_path.dsv
[9.924s] -- Up-to-date: /home/jblevins32/IRR_final/install/control/share/control/environment/path.sh
[9.925s] -- Up-to-date: /home/jblevins32/IRR_final/install/control/share/control/environment/path.dsv
[9.925s] -- Up-to-date: /home/jblevins32/IRR_final/install/control/share/control/local_setup.bash
[9.925s] -- Up-to-date: /home/jblevins32/IRR_final/install/control/share/control/local_setup.sh
[9.925s] -- Up-to-date: /home/jblevins32/IRR_final/install/control/share/control/local_setup.zsh
[9.925s] -- Up-to-date: /home/jblevins32/IRR_final/install/control/share/control/local_setup.dsv
[9.925s] -- Installing: /home/jblevins32/IRR_final/install/control/share/control/package.dsv
[9.926s] -- Up-to-date: /home/jblevins32/IRR_final/install/control/share/ament_index/resource_index/packages/control
[9.926s] -- Up-to-date: /home/jblevins32/IRR_final/install/control/share/control/cmake/controlConfig.cmake
[9.926s] -- Up-to-date: /home/jblevins32/IRR_final/install/control/share/control/cmake/controlConfig-version.cmake
[9.926s] -- Up-to-date: /home/jblevins32/IRR_final/install/control/share/control/package.xml
[9.927s] Invoked command in '/home/jblevins32/IRR_final/build/control' returned '0': CMAKE_PREFIX_PATH=${CMAKE_PREFIX_PATH}:/home/jblevins32/IRR_final/install/read_sign:/home/jblevins32/IRR_final/install/print_fixed_odometry:/opt/ros/humble DEBUGINFOD_URLS=https://debuginfod.ubuntu.com /usr/bin/cmake --install /home/jblevins32/IRR_final/build/control
