-- Found ament_cmake: 1.3.11 (/opt/ros/humble/share/ament_cmake/cmake)
-- Found rclcpp: 16.0.12 (/opt/ros/humble/share/rclcpp/cmake)
-- Found rosidl_generator_c: 3.1.6 (/opt/ros/humble/share/rosidl_generator_c/cmake)
-- Found rosidl_adapter: 3.1.6 (/opt/ros/humble/share/rosidl_adapter/cmake)
-- Found rosidl_generator_cpp: 3.1.6 (/opt/ros/humble/share/rosidl_generator_cpp/cmake)
-- Using all available rosidl_typesupport_c: rosidl_typesupport_fastrtps_c;rosidl_typesupport_introspection_c
-- Using all available rosidl_typesupport_cpp: rosidl_typesupport_fastrtps_cpp;rosidl_typesupport_introspection_cpp
-- Found rmw_implementation_cmake: 6.1.2 (/opt/ros/humble/share/rmw_implementation_cmake/cmake)
-- Found rmw_fastrtps_cpp: 6.2.7 (/opt/ros/humble/share/rmw_fastrtps_cpp/cmake)
-- Using RMW implementation 'rmw_fastrtps_cpp' as default
-- Found geometry_msgs: 4.8.0 (/opt/ros/humble/share/geometry_msgs/cmake)
-- Found nav_msgs: 4.8.0 (/opt/ros/humble/share/nav_msgs/cmake)
-- Found sensor_msgs: 4.8.0 (/opt/ros/humble/share/sensor_msgs/cmake)
-- Found tf2_geometry_msgs: 0.25.12 (/opt/ros/humble/share/tf2_geometry_msgs/cmake)
-- Found eigen3_cmake_module: 0.1.1 (/opt/ros/humble/share/eigen3_cmake_module/cmake)
-- Ensuring Eigen3 include directory is part of orocos-kdl CMake target
-- Found ament_lint_auto: 0.12.12 (/opt/ros/humble/share/ament_lint_auto/cmake)
-- Added test 'cppcheck' to perform static code analysis on C / C++ code
-- Configured cppcheck include dirs: $<BUILD_INTERFACE:/home/jblevins32/IRR_final/src/control/include>
-- Configured cppcheck exclude dirs and/or files: 
-- Added test 'lint_cmake' to check CMake code style
-- Added test 'uncrustify' to check C / C++ code style
-- Configured uncrustify additional arguments: 
-- Added test 'xmllint' to check XML markup files
-- Configuring done
-- Generating done
-- Build files have been written to: /home/jblevins32/IRR_final/build/control
[35m[1mConsolidate compiler generated dependencies of target get_control[0m
[ 50%] [32mBuilding CXX object CMakeFiles/get_control.dir/src/get_control.cpp.o[0m
[100%] [32m[1mLinking CXX executable get_control[0m
[100%] Built target get_control
-- Install configuration: "Debug"
-- Installing: /home/jblevins32/IRR_final/install/control/lib/control/get_control
-- Set runtime path of "/home/jblevins32/IRR_final/install/control/lib/control/get_control" to ""
-- Up-to-date: /home/jblevins32/IRR_final/install/control/share/ament_index/resource_index/package_run_dependencies/control
-- Up-to-date: /home/jblevins32/IRR_final/install/control/share/ament_index/resource_index/parent_prefix_path/control
-- Up-to-date: /home/jblevins32/IRR_final/install/control/share/control/environment/ament_prefix_path.sh
-- Installing: /home/jblevins32/IRR_final/install/control/share/control/environment/ament_prefix_path.dsv
-- Up-to-date: /home/jblevins32/IRR_final/install/control/share/control/environment/path.sh
-- Installing: /home/jblevins32/IRR_final/install/control/share/control/environment/path.dsv
-- Up-to-date: /home/jblevins32/IRR_final/install/control/share/control/local_setup.bash
-- Up-to-date: /home/jblevins32/IRR_final/install/control/share/control/local_setup.sh
-- Up-to-date: /home/jblevins32/IRR_final/install/control/share/control/local_setup.zsh
-- Installing: /home/jblevins32/IRR_final/install/control/share/control/local_setup.dsv
-- Installing: /home/jblevins32/IRR_final/install/control/share/control/package.dsv
-- Up-to-date: /home/jblevins32/IRR_final/install/control/share/ament_index/resource_index/packages/control
-- Up-to-date: /home/jblevins32/IRR_final/install/control/share/control/cmake/controlConfig.cmake
-- Up-to-date: /home/jblevins32/IRR_final/install/control/share/control/cmake/controlConfig-version.cmake
-- Up-to-date: /home/jblevins32/IRR_final/install/control/share/control/package.xml
