[35m[1mConsolidate compiler generated dependencies of target get_control[0m
[ 50%] [32mBuilding CXX object CMakeFiles/get_control.dir/src/get_control.cpp.o[0m
[01m[K/home/jblevins32/IRR_final/src/control/src/get_control.cpp:[m[K In member function ‘[01m[Kvoid control::timer_callback()[m[K’:
[01m[K/home/jblevins32/IRR_final/src/control/src/get_control.cpp:138:16:[m[K [01;35m[Kwarning: [m[Kunused variable ‘[01m[Kcurrent_dist_x[m[K’ [[01;35m[K]8;;https://gcc.gnu.org/onlinedocs/gcc/Warning-Options.html#index-Wunused-variable-Wunused-variable]8;;[m[K]
  138 |           auto [01;35m[Kcurrent_dist_x[m[K = recent_odom.pose.pose.position.x;
      |                [01;35m[K^~~~~~~~~~~~~~[m[K
[01m[K/home/jblevins32/IRR_final/src/control/src/get_control.cpp:139:16:[m[K [01;35m[Kwarning: [m[Kunused variable ‘[01m[Kcurrent_dist_y[m[K’ [[01;35m[K]8;;https://gcc.gnu.org/onlinedocs/gcc/Warning-Options.html#index-Wunused-variable-Wunused-variable]8;;[m[K]
  139 |           auto [01;35m[Kcurrent_dist_y[m[K = recent_odom.pose.pose.position.y;
      |                [01;35m[K^~~~~~~~~~~~~~[m[K
[100%] [32m[1mLinking CXX executable get_control[0m
[100%] Built target get_control
-- Install configuration: "Debug"
-- Execute custom install script
-- Up-to-date symlink: /home/jblevins32/IRR_final/install/control/lib/control/get_control
-- Up-to-date symlink: /home/jblevins32/IRR_final/install/control/share/ament_index/resource_index/package_run_dependencies/control
-- Up-to-date symlink: /home/jblevins32/IRR_final/install/control/share/ament_index/resource_index/parent_prefix_path/control
-- Up-to-date symlink: /home/jblevins32/IRR_final/install/control/share/control/environment/ament_prefix_path.sh
-- Up-to-date symlink: /home/jblevins32/IRR_final/install/control/share/control/environment/ament_prefix_path.dsv
-- Up-to-date symlink: /home/jblevins32/IRR_final/install/control/share/control/environment/path.sh
-- Up-to-date symlink: /home/jblevins32/IRR_final/install/control/share/control/environment/path.dsv
-- Up-to-date symlink: /home/jblevins32/IRR_final/install/control/share/control/local_setup.bash
-- Up-to-date symlink: /home/jblevins32/IRR_final/install/control/share/control/local_setup.sh
-- Up-to-date symlink: /home/jblevins32/IRR_final/install/control/share/control/local_setup.zsh
-- Up-to-date symlink: /home/jblevins32/IRR_final/install/control/share/control/local_setup.dsv
-- Symlinking: /home/jblevins32/IRR_final/install/control/share/control/package.dsv
-- Up-to-date symlink: /home/jblevins32/IRR_final/install/control/share/ament_index/resource_index/packages/control
-- Up-to-date symlink: /home/jblevins32/IRR_final/install/control/share/control/cmake/controlConfig.cmake
-- Up-to-date symlink: /home/jblevins32/IRR_final/install/control/share/control/cmake/controlConfig-version.cmake
-- Up-to-date symlink: /home/jblevins32/IRR_final/install/control/share/control/package.xml
