[0.013s] Invoking command in '/home/jblevins32/IRR_final/build/control': CMAKE_PREFIX_PATH=${CMAKE_PREFIX_PATH}:/opt/ros/humble DEBUGINFOD_URLS=https://debuginfod.ubuntu.com /usr/bin/cmake /home/jblevins32/IRR_final/src/control -DCMAKE_INSTALL_PREFIX=/home/jblevins32/IRR_final/install/control
[0.058s] -- The C compiler identification is GNU 11.4.0
[0.102s] -- The CXX compiler identification is GNU 11.4.0
[0.108s] -- Detecting C compiler ABI info
[0.169s] -- Detecting C compiler ABI info - done
[0.176s] -- Check for working C compiler: /usr/bin/cc - skipped
[0.176s] -- Detecting C compile features
[0.176s] -- Detecting C compile features - done
[0.179s] -- Detecting CXX compiler ABI info
[0.247s] -- Detecting CXX compiler ABI info - done
[0.252s] -- Check for working CXX compiler: /usr/bin/c++ - skipped
[0.252s] -- Detecting CXX compile features
[0.252s] -- Detecting CXX compile features - done
[0.254s] -- Found ament_cmake: 1.3.11 (/opt/ros/humble/share/ament_cmake/cmake)
[0.364s] -- Found Python3: /usr/bin/python3 (found version "3.10.12") found components: Interpreter 
[0.434s] -- Found rclcpp: 16.0.12 (/opt/ros/humble/share/rclcpp/cmake)
[0.464s] -- Found rosidl_generator_c: 3.1.6 (/opt/ros/humble/share/rosidl_generator_c/cmake)
[0.467s] -- Found rosidl_adapter: 3.1.6 (/opt/ros/humble/share/rosidl_adapter/cmake)
[0.473s] -- Found rosidl_generator_cpp: 3.1.6 (/opt/ros/humble/share/rosidl_generator_cpp/cmake)
[0.481s] -- Using all available rosidl_typesupport_c: rosidl_typesupport_fastrtps_c;rosidl_typesupport_introspection_c
[0.492s] -- Using all available rosidl_typesupport_cpp: rosidl_typesupport_fastrtps_cpp;rosidl_typesupport_introspection_cpp
[0.521s] -- Found rmw_implementation_cmake: 6.1.2 (/opt/ros/humble/share/rmw_implementation_cmake/cmake)
[0.523s] -- Found rmw_fastrtps_cpp: 6.2.7 (/opt/ros/humble/share/rmw_fastrtps_cpp/cmake)
[0.594s] -- Found OpenSSL: /usr/lib/x86_64-linux-gnu/libcrypto.so (found version "3.0.2")  
[0.615s] -- Found FastRTPS: /opt/ros/humble/include  
[0.647s] -- Using RMW implementation 'rmw_fastrtps_cpp' as default
[0.653s] -- Looking for pthread.h
[0.712s] -- Looking for pthread.h - found
[0.712s] -- Performing Test CMAKE_HAVE_LIBC_PTHREAD
[0.772s] -- Performing Test CMAKE_HAVE_LIBC_PTHREAD - Success
[0.773s] -- Found Threads: TRUE  
[0.808s] -- Found geometry_msgs: 4.8.0 (/opt/ros/humble/share/geometry_msgs/cmake)
[0.817s] -- Found nav_msgs: 4.8.0 (/opt/ros/humble/share/nav_msgs/cmake)
[0.830s] -- Found sensor_msgs: 4.8.0 (/opt/ros/humble/share/sensor_msgs/cmake)
[0.843s] -- Found tf2_geometry_msgs: 0.25.12 (/opt/ros/humble/share/tf2_geometry_msgs/cmake)
[0.855s] -- Found eigen3_cmake_module: 0.1.1 (/opt/ros/humble/share/eigen3_cmake_module/cmake)
[0.856s] -- Found Eigen3: TRUE (found version "3.4.0") 
[0.856s] -- Ensuring Eigen3 include directory is part of orocos-kdl CMake target
[0.936s] -- Found ament_lint_auto: 0.12.12 (/opt/ros/humble/share/ament_lint_auto/cmake)
[1.001s] -- Added test 'cppcheck' to perform static code analysis on C / C++ code
[1.001s] -- Configured cppcheck include dirs: $<BUILD_INTERFACE:/home/jblevins32/IRR_final/src/control/include>
[1.001s] -- Configured cppcheck exclude dirs and/or files: 
[1.001s] -- Added test 'lint_cmake' to check CMake code style
[1.002s] -- Added test 'uncrustify' to check C / C++ code style
[1.002s] -- Configured uncrustify additional arguments: 
[1.002s] -- Added test 'xmllint' to check XML markup files
[1.002s] -- Configuring done
[1.010s] -- Generating done
[1.013s] -- Build files have been written to: /home/jblevins32/IRR_final/build/control
[1.021s] Invoked command in '/home/jblevins32/IRR_final/build/control' returned '0': CMAKE_PREFIX_PATH=${CMAKE_PREFIX_PATH}:/opt/ros/humble DEBUGINFOD_URLS=https://debuginfod.ubuntu.com /usr/bin/cmake /home/jblevins32/IRR_final/src/control -DCMAKE_INSTALL_PREFIX=/home/jblevins32/IRR_final/install/control
[1.022s] Invoking command in '/home/jblevins32/IRR_final/build/control': CMAKE_PREFIX_PATH=${CMAKE_PREFIX_PATH}:/opt/ros/humble DEBUGINFOD_URLS=https://debuginfod.ubuntu.com /usr/bin/cmake --build /home/jblevins32/IRR_final/build/control -- -j28 -l28
[1.063s] [ 50%] [32mBuilding CXX object CMakeFiles/get_control.dir/src/get_control.cpp.o[0m
[2.551s] [01m[K/home/jblevins32/IRR_final/src/control/src/get_control.cpp:[m[K In member function ‘[01m[Kvoid control::timer_callback()[m[K’:
[2.551s] [01m[K/home/jblevins32/IRR_final/src/control/src/get_control.cpp:103:17:[m[K [01;35m[Kwarning: [m[Kunused variable ‘[01m[Kobstacle_too_close[m[K’ [[01;35m[K]8;;https://gcc.gnu.org/onlinedocs/gcc/Warning-Options.html#index-Wunused-variable-Wunused-variable]8;;[m[K]
[2.551s]   103 |           float [01;35m[Kobstacle_too_close[m[K = 0.1; // back up if too close
[2.551s]       |                 [01;35m[K^~~~~~~~~~~~~~~~~~[m[K
[7.955s] [100%] [32m[1mLinking CXX executable get_control[0m
[8.348s] [100%] Built target get_control
[8.358s] Invoked command in '/home/jblevins32/IRR_final/build/control' returned '0': CMAKE_PREFIX_PATH=${CMAKE_PREFIX_PATH}:/opt/ros/humble DEBUGINFOD_URLS=https://debuginfod.ubuntu.com /usr/bin/cmake --build /home/jblevins32/IRR_final/build/control -- -j28 -l28
[8.366s] Invoking command in '/home/jblevins32/IRR_final/build/control': CMAKE_PREFIX_PATH=${CMAKE_PREFIX_PATH}:/opt/ros/humble DEBUGINFOD_URLS=https://debuginfod.ubuntu.com /usr/bin/cmake --install /home/jblevins32/IRR_final/build/control
[8.373s] -- Install configuration: ""
[8.373s] -- Installing: /home/jblevins32/IRR_final/install/control/lib/control/get_control
[8.376s] -- Set runtime path of "/home/jblevins32/IRR_final/install/control/lib/control/get_control" to ""
[8.376s] -- Installing: /home/jblevins32/IRR_final/install/control/share/ament_index/resource_index/package_run_dependencies/control
[8.376s] -- Installing: /home/jblevins32/IRR_final/install/control/share/ament_index/resource_index/parent_prefix_path/control
[8.376s] -- Installing: /home/jblevins32/IRR_final/install/control/share/control/environment/ament_prefix_path.sh
[8.376s] -- Installing: /home/jblevins32/IRR_final/install/control/share/control/environment/ament_prefix_path.dsv
[8.376s] -- Installing: /home/jblevins32/IRR_final/install/control/share/control/environment/path.sh
[8.376s] -- Installing: /home/jblevins32/IRR_final/install/control/share/control/environment/path.dsv
[8.377s] -- Installing: /home/jblevins32/IRR_final/install/control/share/control/local_setup.bash
[8.377s] -- Installing: /home/jblevins32/IRR_final/install/control/share/control/local_setup.sh
[8.377s] -- Installing: /home/jblevins32/IRR_final/install/control/share/control/local_setup.zsh
[8.377s] -- Installing: /home/jblevins32/IRR_final/install/control/share/control/local_setup.dsv
[8.377s] -- Installing: /home/jblevins32/IRR_final/install/control/share/control/package.dsv
[8.377s] -- Installing: /home/jblevins32/IRR_final/install/control/share/ament_index/resource_index/packages/control
[8.377s] -- Installing: /home/jblevins32/IRR_final/install/control/share/control/cmake/controlConfig.cmake
[8.377s] -- Installing: /home/jblevins32/IRR_final/install/control/share/control/cmake/controlConfig-version.cmake
[8.377s] -- Installing: /home/jblevins32/IRR_final/install/control/share/control/package.xml
[8.379s] Invoked command in '/home/jblevins32/IRR_final/build/control' returned '0': CMAKE_PREFIX_PATH=${CMAKE_PREFIX_PATH}:/opt/ros/humble DEBUGINFOD_URLS=https://debuginfod.ubuntu.com /usr/bin/cmake --install /home/jblevins32/IRR_final/build/control
