[0.468s] Invoking command in '/home/jblevins32/IRR_final/src/print_fixed_odometry': DEBUGINFOD_URLS=https://debuginfod.ubuntu.com PYTHONPATH=/home/jblevins32/IRR_final/build/print_fixed_odometry/prefix_override:/usr/lib/python3/dist-packages/colcon_core/task/python/colcon_distutils_commands:/home/jblevins32/IRR_final/install/print_fixed_odometry/lib/python3.10/site-packages:${PYTHONPATH} /usr/bin/python3 -W ignore:setup.py install is deprecated -W ignore:easy_install command is deprecated setup.py egg_info --egg-base ../../build/print_fixed_odometry build --build-base /home/jblevins32/IRR_final/build/print_fixed_odometry/build install --record /home/jblevins32/IRR_final/build/print_fixed_odometry/install.log --single-version-externally-managed install_data
[0.638s] running egg_info
[0.638s] creating ../../build/print_fixed_odometry/print_fixed_odometry.egg-info
[0.638s] writing ../../build/print_fixed_odometry/print_fixed_odometry.egg-info/PKG-INFO
[0.639s] writing dependency_links to ../../build/print_fixed_odometry/print_fixed_odometry.egg-info/dependency_links.txt
[0.639s] writing entry points to ../../build/print_fixed_odometry/print_fixed_odometry.egg-info/entry_points.txt
[0.639s] writing requirements to ../../build/print_fixed_odometry/print_fixed_odometry.egg-info/requires.txt
[0.639s] writing top-level names to ../../build/print_fixed_odometry/print_fixed_odometry.egg-info/top_level.txt
[0.639s] writing manifest file '../../build/print_fixed_odometry/print_fixed_odometry.egg-info/SOURCES.txt'
[0.640s] reading manifest file '../../build/print_fixed_odometry/print_fixed_odometry.egg-info/SOURCES.txt'
[0.640s] writing manifest file '../../build/print_fixed_odometry/print_fixed_odometry.egg-info/SOURCES.txt'
[0.640s] running build
[0.641s] running build_py
[0.641s] creating /home/jblevins32/IRR_final/build/print_fixed_odometry/build
[0.641s] creating /home/jblevins32/IRR_final/build/print_fixed_odometry/build/lib
[0.641s] creating /home/jblevins32/IRR_final/build/print_fixed_odometry/build/lib/print_fixed_odometry
[0.641s] copying print_fixed_odometry/zero.py -> /home/jblevins32/IRR_final/build/print_fixed_odometry/build/lib/print_fixed_odometry
[0.641s] copying print_fixed_odometry/__init__.py -> /home/jblevins32/IRR_final/build/print_fixed_odometry/build/lib/print_fixed_odometry
[0.641s] running install
[0.641s] running install_lib
[0.641s] creating /home/jblevins32/IRR_final/install/print_fixed_odometry/lib/python3.10/site-packages/print_fixed_odometry
[0.641s] copying /home/jblevins32/IRR_final/build/print_fixed_odometry/build/lib/print_fixed_odometry/zero.py -> /home/jblevins32/IRR_final/install/print_fixed_odometry/lib/python3.10/site-packages/print_fixed_odometry
[0.642s] copying /home/jblevins32/IRR_final/build/print_fixed_odometry/build/lib/print_fixed_odometry/__init__.py -> /home/jblevins32/IRR_final/install/print_fixed_odometry/lib/python3.10/site-packages/print_fixed_odometry
[0.642s] byte-compiling /home/jblevins32/IRR_final/install/print_fixed_odometry/lib/python3.10/site-packages/print_fixed_odometry/zero.py to zero.cpython-310.pyc
[0.642s] byte-compiling /home/jblevins32/IRR_final/install/print_fixed_odometry/lib/python3.10/site-packages/print_fixed_odometry/__init__.py to __init__.cpython-310.pyc
[0.642s] running install_data
[0.642s] creating /home/jblevins32/IRR_final/install/print_fixed_odometry/share/ament_index
[0.642s] creating /home/jblevins32/IRR_final/install/print_fixed_odometry/share/ament_index/resource_index
[0.643s] creating /home/jblevins32/IRR_final/install/print_fixed_odometry/share/ament_index/resource_index/packages
[0.643s] copying resource/print_fixed_odometry -> /home/jblevins32/IRR_final/install/print_fixed_odometry/share/ament_index/resource_index/packages
[0.643s] copying package.xml -> /home/jblevins32/IRR_final/install/print_fixed_odometry/share/print_fixed_odometry
[0.643s] running install_egg_info
[0.644s] Copying ../../build/print_fixed_odometry/print_fixed_odometry.egg-info to /home/jblevins32/IRR_final/install/print_fixed_odometry/lib/python3.10/site-packages/print_fixed_odometry-0.0.0-py3.10.egg-info
[0.644s] running install_scripts
[0.658s] Installing zero_odom script to /home/jblevins32/IRR_final/install/print_fixed_odometry/lib/print_fixed_odometry
[0.658s] writing list of installed files to '/home/jblevins32/IRR_final/build/print_fixed_odometry/install.log'
[0.674s] Invoked command in '/home/jblevins32/IRR_final/src/print_fixed_odometry' returned '0': DEBUGINFOD_URLS=https://debuginfod.ubuntu.com PYTHONPATH=/home/jblevins32/IRR_final/build/print_fixed_odometry/prefix_override:/usr/lib/python3/dist-packages/colcon_core/task/python/colcon_distutils_commands:/home/jblevins32/IRR_final/install/print_fixed_odometry/lib/python3.10/site-packages:${PYTHONPATH} /usr/bin/python3 -W ignore:setup.py install is deprecated -W ignore:easy_install command is deprecated setup.py egg_info --egg-base ../../build/print_fixed_odometry build --build-base /home/jblevins32/IRR_final/build/print_fixed_odometry/build install --record /home/jblevins32/IRR_final/build/print_fixed_odometry/install.log --single-version-externally-managed install_data
