[2.383s] Invoking command in '/home/jblevins32/IRR_final/src/read_sign': DEBUGINFOD_URLS=https://debuginfod.ubuntu.com PYTHONPATH=/home/jblevins32/IRR_final/build/read_sign/prefix_override:/usr/lib/python3/dist-packages/colcon_core/task/python/colcon_distutils_commands:/home/jblevins32/IRR_final/install/read_sign/lib/python3.10/site-packages:${PYTHONPATH} /usr/bin/python3 -W ignore:setup.py install is deprecated -W ignore:easy_install command is deprecated setup.py egg_info --egg-base ../../build/read_sign build --build-base /home/jblevins32/IRR_final/build/read_sign/build install --record /home/jblevins32/IRR_final/build/read_sign/install.log --single-version-externally-managed install_data
[3.063s] running egg_info
[3.065s] writing ../../build/read_sign/read_sign.egg-info/PKG-INFO
[3.066s] writing dependency_links to ../../build/read_sign/read_sign.egg-info/dependency_links.txt
[3.066s] writing entry points to ../../build/read_sign/read_sign.egg-info/entry_points.txt
[3.066s] writing requirements to ../../build/read_sign/read_sign.egg-info/requires.txt
[3.066s] writing top-level names to ../../build/read_sign/read_sign.egg-info/top_level.txt
[3.070s] reading manifest file '../../build/read_sign/read_sign.egg-info/SOURCES.txt'
[3.072s] writing manifest file '../../build/read_sign/read_sign.egg-info/SOURCES.txt'
[3.072s] running build
[3.072s] running build_py
[3.073s] running install
[3.074s] running install_lib
[3.077s] running install_data
[3.078s] running install_egg_info
[3.081s] removing '/home/jblevins32/IRR_final/install/read_sign/lib/python3.10/site-packages/read_sign-0.0.0-py3.10.egg-info' (and everything under it)
[3.081s] Copying ../../build/read_sign/read_sign.egg-info to /home/jblevins32/IRR_final/install/read_sign/lib/python3.10/site-packages/read_sign-0.0.0-py3.10.egg-info
[3.083s] running install_scripts
[3.129s] Installing read_sign_pubsub script to /home/jblevins32/IRR_final/install/read_sign/lib/read_sign
[3.130s] writing list of installed files to '/home/jblevins32/IRR_final/build/read_sign/install.log'
[3.177s] Invoked command in '/home/jblevins32/IRR_final/src/read_sign' returned '0': DEBUGINFOD_URLS=https://debuginfod.ubuntu.com PYTHONPATH=/home/jblevins32/IRR_final/build/read_sign/prefix_override:/usr/lib/python3/dist-packages/colcon_core/task/python/colcon_distutils_commands:/home/jblevins32/IRR_final/install/read_sign/lib/python3.10/site-packages:${PYTHONPATH} /usr/bin/python3 -W ignore:setup.py install is deprecated -W ignore:easy_install command is deprecated setup.py egg_info --egg-base ../../build/read_sign build --build-base /home/jblevins32/IRR_final/build/read_sign/build install --record /home/jblevins32/IRR_final/build/read_sign/install.log --single-version-externally-managed install_data
