[0.472s] Invoking command in '/home/jblevins32/IRR_final/src/read_sign': CONDA_PROMPT_MODIFIER=(IRR6) DEBUGINFOD_URLS=https://debuginfod.ubuntu.com PYTHONPATH=/home/jblevins32/IRR_final/build/read_sign/prefix_override:/usr/lib/python3/dist-packages/colcon_core/task/python/colcon_distutils_commands:/home/jblevins32/IRR_final/install/read_sign/lib/python3.10/site-packages:${PYTHONPATH} /usr/bin/python3 -W ignore:setup.py install is deprecated -W ignore:easy_install command is deprecated setup.py egg_info --egg-base ../../build/read_sign build --build-base /home/jblevins32/IRR_final/build/read_sign/build install --record /home/jblevins32/IRR_final/build/read_sign/install.log --single-version-externally-managed install_data
[0.667s] running egg_info
[0.668s] writing ../../build/read_sign/read_sign.egg-info/PKG-INFO
[0.668s] writing dependency_links to ../../build/read_sign/read_sign.egg-info/dependency_links.txt
[0.668s] writing entry points to ../../build/read_sign/read_sign.egg-info/entry_points.txt
[0.668s] writing requirements to ../../build/read_sign/read_sign.egg-info/requires.txt
[0.668s] writing top-level names to ../../build/read_sign/read_sign.egg-info/top_level.txt
[0.669s] reading manifest file '../../build/read_sign/read_sign.egg-info/SOURCES.txt'
[0.670s] writing manifest file '../../build/read_sign/read_sign.egg-info/SOURCES.txt'
[0.670s] running build
[0.670s] running build_py
[0.670s] copying read_sign/read_sign.py -> /home/jblevins32/IRR_final/build/read_sign/build/lib/read_sign
[0.670s] running install
[0.670s] running install_lib
[0.671s] copying /home/jblevins32/IRR_final/build/read_sign/build/lib/read_sign/read_sign.py -> /home/jblevins32/IRR_final/install/read_sign/lib/python3.10/site-packages/read_sign
[0.671s] byte-compiling /home/jblevins32/IRR_final/install/read_sign/lib/python3.10/site-packages/read_sign/read_sign.py to read_sign.cpython-310.pyc
[0.671s] running install_data
[0.671s] running install_egg_info
[0.673s] removing '/home/jblevins32/IRR_final/install/read_sign/lib/python3.10/site-packages/read_sign-0.0.0-py3.10.egg-info' (and everything under it)
[0.673s] Copying ../../build/read_sign/read_sign.egg-info to /home/jblevins32/IRR_final/install/read_sign/lib/python3.10/site-packages/read_sign-0.0.0-py3.10.egg-info
[0.673s] running install_scripts
[0.687s] Installing read_sign_pubsub script to /home/jblevins32/IRR_final/install/read_sign/lib/read_sign
[0.687s] writing list of installed files to '/home/jblevins32/IRR_final/build/read_sign/install.log'
[0.702s] Invoked command in '/home/jblevins32/IRR_final/src/read_sign' returned '0': CONDA_PROMPT_MODIFIER=(IRR6) DEBUGINFOD_URLS=https://debuginfod.ubuntu.com PYTHONPATH=/home/jblevins32/IRR_final/build/read_sign/prefix_override:/usr/lib/python3/dist-packages/colcon_core/task/python/colcon_distutils_commands:/home/jblevins32/IRR_final/install/read_sign/lib/python3.10/site-packages:${PYTHONPATH} /usr/bin/python3 -W ignore:setup.py install is deprecated -W ignore:easy_install command is deprecated setup.py egg_info --egg-base ../../build/read_sign build --build-base /home/jblevins32/IRR_final/build/read_sign/build install --record /home/jblevins32/IRR_final/build/read_sign/install.log --single-version-externally-managed install_data
