[0.081s] DEBUG:colcon:Command line arguments: ['/usr/bin/colcon', 'build']
[0.081s] DEBUG:colcon:Parsed command line arguments: Namespace(log_base=None, log_level=None, verb_name='build', build_base='build', install_base='install', merge_install=False, symlink_install=False, test_result_base=None, continue_on_error=False, executor='parallel', parallel_workers=28, event_handlers=None, ignore_user_meta=False, metas=['./colcon.meta'], base_paths=['.'], packages_ignore=None, packages_ignore_regex=None, paths=None, packages_up_to=None, packages_up_to_regex=None, packages_above=None, packages_above_and_dependencies=None, packages_above_depth=None, packages_select_by_dep=None, packages_skip_by_dep=None, packages_skip_up_to=None, packages_select_build_failed=False, packages_skip_build_finished=False, packages_select_test_failures=False, packages_skip_test_passed=False, packages_select=None, packages_skip=None, packages_select_regex=None, packages_skip_regex=None, packages_start=None, packages_end=None, allow_overriding=[], cmake_args=None, cmake_target=None, cmake_target_skip_unavailable=False, cmake_clean_cache=False, cmake_clean_first=False, cmake_force_configure=False, ament_cmake_args=None, catkin_cmake_args=None, catkin_skip_building_tests=False, mixin_files=None, mixin=None, verb_parser=<colcon_mixin.mixin.mixin_argument.MixinArgumentDecorator object at 0x70e883fb89d0>, verb_extension=<colcon_core.verb.build.BuildVerb object at 0x70e8840cdf30>, main=<bound method BuildVerb.main of <colcon_core.verb.build.BuildVerb object at 0x70e8840cdf30>>, mixin_verb=('build',))
[0.238s] Level 1:colcon.colcon_core.package_discovery:discover_packages(colcon_meta) check parameters
[0.238s] Level 1:colcon.colcon_core.package_discovery:discover_packages(recursive) check parameters
[0.238s] Level 1:colcon.colcon_core.package_discovery:discover_packages(ignore) check parameters
[0.238s] Level 1:colcon.colcon_core.package_discovery:discover_packages(path) check parameters
[0.238s] Level 1:colcon.colcon_core.package_discovery:discover_packages(colcon_meta) discover
[0.238s] Level 1:colcon.colcon_core.package_discovery:discover_packages(recursive) discover
[0.238s] INFO:colcon.colcon_core.package_discovery:Crawling recursively for packages in '/home/jblevins32/IRR_final'
[0.238s] Level 1:colcon.colcon_core.package_identification:_identify(.) by extensions ['ignore', 'ignore_ament_install']
[0.238s] Level 1:colcon.colcon_core.package_identification:_identify(.) by extension 'ignore'
[0.239s] Level 1:colcon.colcon_core.package_identification:_identify(.) by extension 'ignore_ament_install'
[0.239s] Level 1:colcon.colcon_core.package_identification:_identify(.) by extensions ['colcon_pkg']
[0.239s] Level 1:colcon.colcon_core.package_identification:_identify(.) by extension 'colcon_pkg'
[0.239s] Level 1:colcon.colcon_core.package_identification:_identify(.) by extensions ['colcon_meta']
[0.239s] Level 1:colcon.colcon_core.package_identification:_identify(.) by extension 'colcon_meta'
[0.239s] Level 1:colcon.colcon_core.package_identification:_identify(.) by extensions ['ros']
[0.239s] Level 1:colcon.colcon_core.package_identification:_identify(.) by extension 'ros'
[0.258s] Level 1:colcon.colcon_core.package_identification:_identify(.) by extensions ['cmake', 'python']
[0.258s] Level 1:colcon.colcon_core.package_identification:_identify(.) by extension 'cmake'
[0.258s] Level 1:colcon.colcon_core.package_identification:_identify(.) by extension 'python'
[0.258s] Level 1:colcon.colcon_core.package_identification:_identify(.) by extensions ['python_setup_py']
[0.258s] Level 1:colcon.colcon_core.package_identification:_identify(.) by extension 'python_setup_py'
[0.258s] Level 1:colcon.colcon_core.package_identification:_identify(__pycache__) by extensions ['ignore', 'ignore_ament_install']
[0.258s] Level 1:colcon.colcon_core.package_identification:_identify(__pycache__) by extension 'ignore'
[0.259s] Level 1:colcon.colcon_core.package_identification:_identify(__pycache__) by extension 'ignore_ament_install'
[0.259s] Level 1:colcon.colcon_core.package_identification:_identify(__pycache__) by extensions ['colcon_pkg']
[0.259s] Level 1:colcon.colcon_core.package_identification:_identify(__pycache__) by extension 'colcon_pkg'
[0.259s] Level 1:colcon.colcon_core.package_identification:_identify(__pycache__) by extensions ['colcon_meta']
[0.259s] Level 1:colcon.colcon_core.package_identification:_identify(__pycache__) by extension 'colcon_meta'
[0.259s] Level 1:colcon.colcon_core.package_identification:_identify(__pycache__) by extensions ['ros']
[0.259s] Level 1:colcon.colcon_core.package_identification:_identify(__pycache__) by extension 'ros'
[0.259s] Level 1:colcon.colcon_core.package_identification:_identify(__pycache__) by extensions ['cmake', 'python']
[0.259s] Level 1:colcon.colcon_core.package_identification:_identify(__pycache__) by extension 'cmake'
[0.259s] Level 1:colcon.colcon_core.package_identification:_identify(__pycache__) by extension 'python'
[0.259s] Level 1:colcon.colcon_core.package_identification:_identify(__pycache__) by extensions ['python_setup_py']
[0.259s] Level 1:colcon.colcon_core.package_identification:_identify(__pycache__) by extension 'python_setup_py'
[0.259s] Level 1:colcon.colcon_core.package_identification:_identify(build) by extensions ['ignore', 'ignore_ament_install']
[0.259s] Level 1:colcon.colcon_core.package_identification:_identify(build) by extension 'ignore'
[0.259s] Level 1:colcon.colcon_core.package_identification:_identify(build) ignored
[0.259s] Level 1:colcon.colcon_core.package_identification:_identify(data) by extensions ['ignore', 'ignore_ament_install']
[0.259s] Level 1:colcon.colcon_core.package_identification:_identify(data) by extension 'ignore'
[0.259s] Level 1:colcon.colcon_core.package_identification:_identify(data) by extension 'ignore_ament_install'
[0.259s] Level 1:colcon.colcon_core.package_identification:_identify(data) by extensions ['colcon_pkg']
[0.259s] Level 1:colcon.colcon_core.package_identification:_identify(data) by extension 'colcon_pkg'
[0.259s] Level 1:colcon.colcon_core.package_identification:_identify(data) by extensions ['colcon_meta']
[0.259s] Level 1:colcon.colcon_core.package_identification:_identify(data) by extension 'colcon_meta'
[0.259s] Level 1:colcon.colcon_core.package_identification:_identify(data) by extensions ['ros']
[0.259s] Level 1:colcon.colcon_core.package_identification:_identify(data) by extension 'ros'
[0.259s] Level 1:colcon.colcon_core.package_identification:_identify(data) by extensions ['cmake', 'python']
[0.259s] Level 1:colcon.colcon_core.package_identification:_identify(data) by extension 'cmake'
[0.259s] Level 1:colcon.colcon_core.package_identification:_identify(data) by extension 'python'
[0.259s] Level 1:colcon.colcon_core.package_identification:_identify(data) by extensions ['python_setup_py']
[0.259s] Level 1:colcon.colcon_core.package_identification:_identify(data) by extension 'python_setup_py'
[0.259s] Level 1:colcon.colcon_core.package_identification:_identify(data/2024F_Gimgs) by extensions ['ignore', 'ignore_ament_install']
[0.259s] Level 1:colcon.colcon_core.package_identification:_identify(data/2024F_Gimgs) by extension 'ignore'
[0.260s] Level 1:colcon.colcon_core.package_identification:_identify(data/2024F_Gimgs) by extension 'ignore_ament_install'
[0.260s] Level 1:colcon.colcon_core.package_identification:_identify(data/2024F_Gimgs) by extensions ['colcon_pkg']
[0.260s] Level 1:colcon.colcon_core.package_identification:_identify(data/2024F_Gimgs) by extension 'colcon_pkg'
[0.260s] Level 1:colcon.colcon_core.package_identification:_identify(data/2024F_Gimgs) by extensions ['colcon_meta']
[0.260s] Level 1:colcon.colcon_core.package_identification:_identify(data/2024F_Gimgs) by extension 'colcon_meta'
[0.260s] Level 1:colcon.colcon_core.package_identification:_identify(data/2024F_Gimgs) by extensions ['ros']
[0.260s] Level 1:colcon.colcon_core.package_identification:_identify(data/2024F_Gimgs) by extension 'ros'
[0.260s] Level 1:colcon.colcon_core.package_identification:_identify(data/2024F_Gimgs) by extensions ['cmake', 'python']
[0.260s] Level 1:colcon.colcon_core.package_identification:_identify(data/2024F_Gimgs) by extension 'cmake'
[0.260s] Level 1:colcon.colcon_core.package_identification:_identify(data/2024F_Gimgs) by extension 'python'
[0.260s] Level 1:colcon.colcon_core.package_identification:_identify(data/2024F_Gimgs) by extensions ['python_setup_py']
[0.260s] Level 1:colcon.colcon_core.package_identification:_identify(data/2024F_Gimgs) by extension 'python_setup_py'
[0.260s] Level 1:colcon.colcon_core.package_identification:_identify(data/2024F_Gimgs/images) by extensions ['ignore', 'ignore_ament_install']
[0.260s] Level 1:colcon.colcon_core.package_identification:_identify(data/2024F_Gimgs/images) by extension 'ignore'
[0.260s] Level 1:colcon.colcon_core.package_identification:_identify(data/2024F_Gimgs/images) by extension 'ignore_ament_install'
[0.260s] Level 1:colcon.colcon_core.package_identification:_identify(data/2024F_Gimgs/images) by extensions ['colcon_pkg']
[0.260s] Level 1:colcon.colcon_core.package_identification:_identify(data/2024F_Gimgs/images) by extension 'colcon_pkg'
[0.260s] Level 1:colcon.colcon_core.package_identification:_identify(data/2024F_Gimgs/images) by extensions ['colcon_meta']
[0.260s] Level 1:colcon.colcon_core.package_identification:_identify(data/2024F_Gimgs/images) by extension 'colcon_meta'
[0.260s] Level 1:colcon.colcon_core.package_identification:_identify(data/2024F_Gimgs/images) by extensions ['ros']
[0.260s] Level 1:colcon.colcon_core.package_identification:_identify(data/2024F_Gimgs/images) by extension 'ros'
[0.260s] Level 1:colcon.colcon_core.package_identification:_identify(data/2024F_Gimgs/images) by extensions ['cmake', 'python']
[0.260s] Level 1:colcon.colcon_core.package_identification:_identify(data/2024F_Gimgs/images) by extension 'cmake'
[0.260s] Level 1:colcon.colcon_core.package_identification:_identify(data/2024F_Gimgs/images) by extension 'python'
[0.260s] Level 1:colcon.colcon_core.package_identification:_identify(data/2024F_Gimgs/images) by extensions ['python_setup_py']
[0.260s] Level 1:colcon.colcon_core.package_identification:_identify(data/2024F_Gimgs/images) by extension 'python_setup_py'
[0.260s] Level 1:colcon.colcon_core.package_identification:_identify(data/2024F_imgs) by extensions ['ignore', 'ignore_ament_install']
[0.260s] Level 1:colcon.colcon_core.package_identification:_identify(data/2024F_imgs) by extension 'ignore'
[0.260s] Level 1:colcon.colcon_core.package_identification:_identify(data/2024F_imgs) by extension 'ignore_ament_install'
[0.261s] Level 1:colcon.colcon_core.package_identification:_identify(data/2024F_imgs) by extensions ['colcon_pkg']
[0.261s] Level 1:colcon.colcon_core.package_identification:_identify(data/2024F_imgs) by extension 'colcon_pkg'
[0.261s] Level 1:colcon.colcon_core.package_identification:_identify(data/2024F_imgs) by extensions ['colcon_meta']
[0.261s] Level 1:colcon.colcon_core.package_identification:_identify(data/2024F_imgs) by extension 'colcon_meta'
[0.261s] Level 1:colcon.colcon_core.package_identification:_identify(data/2024F_imgs) by extensions ['ros']
[0.261s] Level 1:colcon.colcon_core.package_identification:_identify(data/2024F_imgs) by extension 'ros'
[0.261s] Level 1:colcon.colcon_core.package_identification:_identify(data/2024F_imgs) by extensions ['cmake', 'python']
[0.261s] Level 1:colcon.colcon_core.package_identification:_identify(data/2024F_imgs) by extension 'cmake'
[0.261s] Level 1:colcon.colcon_core.package_identification:_identify(data/2024F_imgs) by extension 'python'
[0.261s] Level 1:colcon.colcon_core.package_identification:_identify(data/2024F_imgs) by extensions ['python_setup_py']
[0.261s] Level 1:colcon.colcon_core.package_identification:_identify(data/2024F_imgs) by extension 'python_setup_py'
[0.261s] Level 1:colcon.colcon_core.package_identification:_identify(data/2025S_imgs) by extensions ['ignore', 'ignore_ament_install']
[0.261s] Level 1:colcon.colcon_core.package_identification:_identify(data/2025S_imgs) by extension 'ignore'
[0.261s] Level 1:colcon.colcon_core.package_identification:_identify(data/2025S_imgs) by extension 'ignore_ament_install'
[0.261s] Level 1:colcon.colcon_core.package_identification:_identify(data/2025S_imgs) by extensions ['colcon_pkg']
[0.261s] Level 1:colcon.colcon_core.package_identification:_identify(data/2025S_imgs) by extension 'colcon_pkg'
[0.261s] Level 1:colcon.colcon_core.package_identification:_identify(data/2025S_imgs) by extensions ['colcon_meta']
[0.261s] Level 1:colcon.colcon_core.package_identification:_identify(data/2025S_imgs) by extension 'colcon_meta'
[0.261s] Level 1:colcon.colcon_core.package_identification:_identify(data/2025S_imgs) by extensions ['ros']
[0.261s] Level 1:colcon.colcon_core.package_identification:_identify(data/2025S_imgs) by extension 'ros'
[0.261s] Level 1:colcon.colcon_core.package_identification:_identify(data/2025S_imgs) by extensions ['cmake', 'python']
[0.261s] Level 1:colcon.colcon_core.package_identification:_identify(data/2025S_imgs) by extension 'cmake'
[0.261s] Level 1:colcon.colcon_core.package_identification:_identify(data/2025S_imgs) by extension 'python'
[0.261s] Level 1:colcon.colcon_core.package_identification:_identify(data/2025S_imgs) by extensions ['python_setup_py']
[0.261s] Level 1:colcon.colcon_core.package_identification:_identify(data/2025S_imgs) by extension 'python_setup_py'
[0.261s] Level 1:colcon.colcon_core.package_identification:_identify(install) by extensions ['ignore', 'ignore_ament_install']
[0.261s] Level 1:colcon.colcon_core.package_identification:_identify(install) by extension 'ignore'
[0.261s] Level 1:colcon.colcon_core.package_identification:_identify(install) ignored
[0.261s] Level 1:colcon.colcon_core.package_identification:_identify(log) by extensions ['ignore', 'ignore_ament_install']
[0.261s] Level 1:colcon.colcon_core.package_identification:_identify(log) by extension 'ignore'
[0.261s] Level 1:colcon.colcon_core.package_identification:_identify(log) ignored
[0.262s] Level 1:colcon.colcon_core.package_identification:_identify(src) by extensions ['ignore', 'ignore_ament_install']
[0.262s] Level 1:colcon.colcon_core.package_identification:_identify(src) by extension 'ignore'
[0.262s] Level 1:colcon.colcon_core.package_identification:_identify(src) by extension 'ignore_ament_install'
[0.262s] Level 1:colcon.colcon_core.package_identification:_identify(src) by extensions ['colcon_pkg']
[0.262s] Level 1:colcon.colcon_core.package_identification:_identify(src) by extension 'colcon_pkg'
[0.262s] Level 1:colcon.colcon_core.package_identification:_identify(src) by extensions ['colcon_meta']
[0.262s] Level 1:colcon.colcon_core.package_identification:_identify(src) by extension 'colcon_meta'
[0.262s] Level 1:colcon.colcon_core.package_identification:_identify(src) by extensions ['ros']
[0.262s] Level 1:colcon.colcon_core.package_identification:_identify(src) by extension 'ros'
[0.262s] Level 1:colcon.colcon_core.package_identification:_identify(src) by extensions ['cmake', 'python']
[0.262s] Level 1:colcon.colcon_core.package_identification:_identify(src) by extension 'cmake'
[0.262s] Level 1:colcon.colcon_core.package_identification:_identify(src) by extension 'python'
[0.262s] Level 1:colcon.colcon_core.package_identification:_identify(src) by extensions ['python_setup_py']
[0.262s] Level 1:colcon.colcon_core.package_identification:_identify(src) by extension 'python_setup_py'
[0.262s] Level 1:colcon.colcon_core.package_identification:_identify(src/control) by extensions ['ignore', 'ignore_ament_install']
[0.262s] Level 1:colcon.colcon_core.package_identification:_identify(src/control) by extension 'ignore'
[0.262s] Level 1:colcon.colcon_core.package_identification:_identify(src/control) by extension 'ignore_ament_install'
[0.262s] Level 1:colcon.colcon_core.package_identification:_identify(src/control) by extensions ['colcon_pkg']
[0.262s] Level 1:colcon.colcon_core.package_identification:_identify(src/control) by extension 'colcon_pkg'
[0.262s] Level 1:colcon.colcon_core.package_identification:_identify(src/control) by extensions ['colcon_meta']
[0.262s] Level 1:colcon.colcon_core.package_identification:_identify(src/control) by extension 'colcon_meta'
[0.262s] Level 1:colcon.colcon_core.package_identification:_identify(src/control) by extensions ['ros']
[0.262s] Level 1:colcon.colcon_core.package_identification:_identify(src/control) by extension 'ros'
[0.264s] DEBUG:colcon.colcon_core.package_identification:Package 'src/control' with type 'ros.ament_cmake' and name 'control'
[0.264s] Level 1:colcon.colcon_core.package_identification:_identify(src/print_fixed_odometry) by extensions ['ignore', 'ignore_ament_install']
[0.264s] Level 1:colcon.colcon_core.package_identification:_identify(src/print_fixed_odometry) by extension 'ignore'
[0.264s] Level 1:colcon.colcon_core.package_identification:_identify(src/print_fixed_odometry) by extension 'ignore_ament_install'
[0.264s] Level 1:colcon.colcon_core.package_identification:_identify(src/print_fixed_odometry) by extensions ['colcon_pkg']
[0.264s] Level 1:colcon.colcon_core.package_identification:_identify(src/print_fixed_odometry) by extension 'colcon_pkg'
[0.264s] Level 1:colcon.colcon_core.package_identification:_identify(src/print_fixed_odometry) by extensions ['colcon_meta']
[0.264s] Level 1:colcon.colcon_core.package_identification:_identify(src/print_fixed_odometry) by extension 'colcon_meta'
[0.264s] Level 1:colcon.colcon_core.package_identification:_identify(src/print_fixed_odometry) by extensions ['ros']
[0.264s] Level 1:colcon.colcon_core.package_identification:_identify(src/print_fixed_odometry) by extension 'ros'
[0.265s] DEBUG:colcon.colcon_core.package_identification:Package 'src/print_fixed_odometry' with type 'ros.ament_python' and name 'print_fixed_odometry'
[0.265s] Level 1:colcon.colcon_core.package_identification:_identify(src/read_sign) by extensions ['ignore', 'ignore_ament_install']
[0.265s] Level 1:colcon.colcon_core.package_identification:_identify(src/read_sign) by extension 'ignore'
[0.265s] Level 1:colcon.colcon_core.package_identification:_identify(src/read_sign) by extension 'ignore_ament_install'
[0.265s] Level 1:colcon.colcon_core.package_identification:_identify(src/read_sign) by extensions ['colcon_pkg']
[0.265s] Level 1:colcon.colcon_core.package_identification:_identify(src/read_sign) by extension 'colcon_pkg'
[0.265s] Level 1:colcon.colcon_core.package_identification:_identify(src/read_sign) by extensions ['colcon_meta']
[0.265s] Level 1:colcon.colcon_core.package_identification:_identify(src/read_sign) by extension 'colcon_meta'
[0.265s] Level 1:colcon.colcon_core.package_identification:_identify(src/read_sign) by extensions ['ros']
[0.265s] Level 1:colcon.colcon_core.package_identification:_identify(src/read_sign) by extension 'ros'
[0.265s] DEBUG:colcon.colcon_core.package_identification:Package 'src/read_sign' with type 'ros.ament_python' and name 'read_sign'
[0.265s] Level 1:colcon.colcon_core.package_discovery:discover_packages(recursive) using defaults
[0.266s] Level 1:colcon.colcon_core.package_discovery:discover_packages(ignore) discover
[0.266s] Level 1:colcon.colcon_core.package_discovery:discover_packages(ignore) using defaults
[0.266s] Level 1:colcon.colcon_core.package_discovery:discover_packages(path) discover
[0.266s] Level 1:colcon.colcon_core.package_discovery:discover_packages(path) using defaults
[0.281s] Level 1:colcon.colcon_core.package_discovery:discover_packages(prefix_path) check parameters
[0.281s] Level 1:colcon.colcon_core.package_discovery:discover_packages(prefix_path) discover
[0.282s] DEBUG:colcon.colcon_installed_package_information.package_discovery:Found 3 installed packages in /home/jblevins32/IRR_final/install
[0.284s] DEBUG:colcon.colcon_installed_package_information.package_discovery:Found 420 installed packages in /opt/ros/humble
[0.285s] Level 1:colcon.colcon_core.package_discovery:discover_packages(prefix_path) using defaults
[0.319s] Level 5:colcon.colcon_core.verb:set package 'control' build argument 'cmake_args' from command line to 'None'
[0.320s] Level 5:colcon.colcon_core.verb:set package 'control' build argument 'cmake_target' from command line to 'None'
[0.320s] Level 5:colcon.colcon_core.verb:set package 'control' build argument 'cmake_target_skip_unavailable' from command line to 'False'
[0.320s] Level 5:colcon.colcon_core.verb:set package 'control' build argument 'cmake_clean_cache' from command line to 'False'
[0.320s] Level 5:colcon.colcon_core.verb:set package 'control' build argument 'cmake_clean_first' from command line to 'False'
[0.320s] Level 5:colcon.colcon_core.verb:set package 'control' build argument 'cmake_force_configure' from command line to 'False'
[0.320s] Level 5:colcon.colcon_core.verb:set package 'control' build argument 'ament_cmake_args' from command line to 'None'
[0.320s] Level 5:colcon.colcon_core.verb:set package 'control' build argument 'catkin_cmake_args' from command line to 'None'
[0.320s] Level 5:colcon.colcon_core.verb:set package 'control' build argument 'catkin_skip_building_tests' from command line to 'False'
[0.320s] DEBUG:colcon.colcon_core.verb:Building package 'control' with the following arguments: {'ament_cmake_args': None, 'build_base': '/home/jblevins32/IRR_final/build/control', 'catkin_cmake_args': None, 'catkin_skip_building_tests': False, 'cmake_args': None, 'cmake_clean_cache': False, 'cmake_clean_first': False, 'cmake_force_configure': False, 'cmake_target': None, 'cmake_target_skip_unavailable': False, 'install_base': '/home/jblevins32/IRR_final/install/control', 'merge_install': False, 'path': '/home/jblevins32/IRR_final/src/control', 'symlink_install': False, 'test_result_base': None}
[0.320s] Level 5:colcon.colcon_core.verb:set package 'print_fixed_odometry' build argument 'cmake_args' from command line to 'None'
[0.320s] Level 5:colcon.colcon_core.verb:set package 'print_fixed_odometry' build argument 'cmake_target' from command line to 'None'
[0.320s] Level 5:colcon.colcon_core.verb:set package 'print_fixed_odometry' build argument 'cmake_target_skip_unavailable' from command line to 'False'
[0.320s] Level 5:colcon.colcon_core.verb:set package 'print_fixed_odometry' build argument 'cmake_clean_cache' from command line to 'False'
[0.320s] Level 5:colcon.colcon_core.verb:set package 'print_fixed_odometry' build argument 'cmake_clean_first' from command line to 'False'
[0.320s] Level 5:colcon.colcon_core.verb:set package 'print_fixed_odometry' build argument 'cmake_force_configure' from command line to 'False'
[0.320s] Level 5:colcon.colcon_core.verb:set package 'print_fixed_odometry' build argument 'ament_cmake_args' from command line to 'None'
[0.320s] Level 5:colcon.colcon_core.verb:set package 'print_fixed_odometry' build argument 'catkin_cmake_args' from command line to 'None'
[0.320s] Level 5:colcon.colcon_core.verb:set package 'print_fixed_odometry' build argument 'catkin_skip_building_tests' from command line to 'False'
[0.320s] DEBUG:colcon.colcon_core.verb:Building package 'print_fixed_odometry' with the following arguments: {'ament_cmake_args': None, 'build_base': '/home/jblevins32/IRR_final/build/print_fixed_odometry', 'catkin_cmake_args': None, 'catkin_skip_building_tests': False, 'cmake_args': None, 'cmake_clean_cache': False, 'cmake_clean_first': False, 'cmake_force_configure': False, 'cmake_target': None, 'cmake_target_skip_unavailable': False, 'install_base': '/home/jblevins32/IRR_final/install/print_fixed_odometry', 'merge_install': False, 'path': '/home/jblevins32/IRR_final/src/print_fixed_odometry', 'symlink_install': False, 'test_result_base': None}
[0.320s] Level 5:colcon.colcon_core.verb:set package 'read_sign' build argument 'cmake_args' from command line to 'None'
[0.320s] Level 5:colcon.colcon_core.verb:set package 'read_sign' build argument 'cmake_target' from command line to 'None'
[0.320s] Level 5:colcon.colcon_core.verb:set package 'read_sign' build argument 'cmake_target_skip_unavailable' from command line to 'False'
[0.320s] Level 5:colcon.colcon_core.verb:set package 'read_sign' build argument 'cmake_clean_cache' from command line to 'False'
[0.320s] Level 5:colcon.colcon_core.verb:set package 'read_sign' build argument 'cmake_clean_first' from command line to 'False'
[0.320s] Level 5:colcon.colcon_core.verb:set package 'read_sign' build argument 'cmake_force_configure' from command line to 'False'
[0.320s] Level 5:colcon.colcon_core.verb:set package 'read_sign' build argument 'ament_cmake_args' from command line to 'None'
[0.320s] Level 5:colcon.colcon_core.verb:set package 'read_sign' build argument 'catkin_cmake_args' from command line to 'None'
[0.321s] Level 5:colcon.colcon_core.verb:set package 'read_sign' build argument 'catkin_skip_building_tests' from command line to 'False'
[0.321s] DEBUG:colcon.colcon_core.verb:Building package 'read_sign' with the following arguments: {'ament_cmake_args': None, 'build_base': '/home/jblevins32/IRR_final/build/read_sign', 'catkin_cmake_args': None, 'catkin_skip_building_tests': False, 'cmake_args': None, 'cmake_clean_cache': False, 'cmake_clean_first': False, 'cmake_force_configure': False, 'cmake_target': None, 'cmake_target_skip_unavailable': False, 'install_base': '/home/jblevins32/IRR_final/install/read_sign', 'merge_install': False, 'path': '/home/jblevins32/IRR_final/src/read_sign', 'symlink_install': False, 'test_result_base': None}
[0.321s] INFO:colcon.colcon_core.executor:Executing jobs using 'parallel' executor
[0.322s] DEBUG:colcon.colcon_parallel_executor.executor.parallel:run_until_complete
[0.322s] INFO:colcon.colcon_ros.task.ament_cmake.build:Building ROS package in '/home/jblevins32/IRR_final/src/control' with build type 'ament_cmake'
[0.322s] INFO:colcon.colcon_cmake.task.cmake.build:Building CMake package in '/home/jblevins32/IRR_final/src/control'
[0.324s] INFO:colcon.colcon_core.plugin_system:Skipping extension 'colcon_core.shell.bat': Not used on non-Windows systems
[0.325s] INFO:colcon.colcon_core.shell:Skip shell extension 'powershell' for command environment: Not usable outside of PowerShell
[0.325s] DEBUG:colcon.colcon_core.shell:Skip shell extension 'dsv' for command environment
[0.330s] INFO:colcon.colcon_ros.task.ament_python.build:Building ROS package in '/home/jblevins32/IRR_final/src/print_fixed_odometry' with build type 'ament_python'
[0.330s] Level 1:colcon.colcon_core.shell:create_environment_hook('print_fixed_odometry', 'ament_prefix_path')
[0.331s] INFO:colcon.colcon_core.shell:Creating environment hook '/home/jblevins32/IRR_final/install/print_fixed_odometry/share/print_fixed_odometry/hook/ament_prefix_path.ps1'
[0.332s] INFO:colcon.colcon_core.shell:Creating environment descriptor '/home/jblevins32/IRR_final/install/print_fixed_odometry/share/print_fixed_odometry/hook/ament_prefix_path.dsv'
[0.332s] INFO:colcon.colcon_core.shell:Creating environment hook '/home/jblevins32/IRR_final/install/print_fixed_odometry/share/print_fixed_odometry/hook/ament_prefix_path.sh'
[0.334s] INFO:colcon.colcon_core.shell:Skip shell extension 'powershell' for command environment: Not usable outside of PowerShell
[0.334s] DEBUG:colcon.colcon_core.shell:Skip shell extension 'dsv' for command environment
[0.339s] INFO:colcon.colcon_ros.task.ament_python.build:Building ROS package in '/home/jblevins32/IRR_final/src/read_sign' with build type 'ament_python'
[0.339s] Level 1:colcon.colcon_core.shell:create_environment_hook('read_sign', 'ament_prefix_path')
[0.339s] INFO:colcon.colcon_core.shell:Creating environment hook '/home/jblevins32/IRR_final/install/read_sign/share/read_sign/hook/ament_prefix_path.ps1'
[0.340s] INFO:colcon.colcon_core.shell:Creating environment descriptor '/home/jblevins32/IRR_final/install/read_sign/share/read_sign/hook/ament_prefix_path.dsv'
[0.340s] INFO:colcon.colcon_core.shell:Creating environment hook '/home/jblevins32/IRR_final/install/read_sign/share/read_sign/hook/ament_prefix_path.sh'
[0.341s] INFO:colcon.colcon_core.shell:Skip shell extension 'powershell' for command environment: Not usable outside of PowerShell
[0.341s] DEBUG:colcon.colcon_core.shell:Skip shell extension 'dsv' for command environment
[0.352s] DEBUG:colcon.colcon_core.event_handler.log_command:Invoking command in '/home/jblevins32/IRR_final/build/control': CMAKE_PREFIX_PATH=${CMAKE_PREFIX_PATH}:/home/jblevins32/IRR_final/install/read_sign:/home/jblevins32/IRR_final/install/print_fixed_odometry:/opt/ros/humble DEBUGINFOD_URLS=https://debuginfod.ubuntu.com /usr/bin/cmake --build /home/jblevins32/IRR_final/build/control -- -j28 -l28
[0.635s] INFO:colcon.colcon_core.task.python.build:Building Python package in '/home/jblevins32/IRR_final/src/print_fixed_odometry'
[0.636s] INFO:colcon.colcon_core.shell:Skip shell extension 'powershell' for command environment: Not usable outside of PowerShell
[0.636s] DEBUG:colcon.colcon_core.shell:Skip shell extension 'dsv' for command environment
[0.906s] INFO:colcon.colcon_core.task.python.build:Building Python package in '/home/jblevins32/IRR_final/src/read_sign'
[0.907s] INFO:colcon.colcon_core.shell:Skip shell extension 'powershell' for command environment: Not usable outside of PowerShell
[0.907s] DEBUG:colcon.colcon_core.shell:Skip shell extension 'dsv' for command environment
[1.321s] DEBUG:colcon.colcon_core.event_handler.log_command:Invoking command in '/home/jblevins32/IRR_final/src/print_fixed_odometry': DEBUGINFOD_URLS=https://debuginfod.ubuntu.com PYTHONPATH=/home/jblevins32/IRR_final/build/print_fixed_odometry/prefix_override:/usr/lib/python3/dist-packages/colcon_core/task/python/colcon_distutils_commands:/home/jblevins32/IRR_final/install/print_fixed_odometry/lib/python3.10/site-packages:${PYTHONPATH} /usr/bin/python3 -W ignore:setup.py install is deprecated -W ignore:easy_install command is deprecated setup.py egg_info --egg-base ../../build/print_fixed_odometry build --build-base /home/jblevins32/IRR_final/build/print_fixed_odometry/build install --record /home/jblevins32/IRR_final/build/print_fixed_odometry/install.log --single-version-externally-managed install_data
[1.325s] DEBUG:colcon.colcon_core.event_handler.log_command:Invoking command in '/home/jblevins32/IRR_final/src/read_sign': DEBUGINFOD_URLS=https://debuginfod.ubuntu.com PYTHONPATH=/home/jblevins32/IRR_final/build/read_sign/prefix_override:/usr/lib/python3/dist-packages/colcon_core/task/python/colcon_distutils_commands:/home/jblevins32/IRR_final/install/read_sign/lib/python3.10/site-packages:${PYTHONPATH} /usr/bin/python3 -W ignore:setup.py install is deprecated -W ignore:easy_install command is deprecated setup.py egg_info --egg-base ../../build/read_sign build --build-base /home/jblevins32/IRR_final/build/read_sign/build install --record /home/jblevins32/IRR_final/build/read_sign/install.log --single-version-externally-managed install_data
[1.629s] DEBUG:colcon.colcon_core.event_handler.log_command:Invoked command in '/home/jblevins32/IRR_final/src/read_sign' returned '0': DEBUGINFOD_URLS=https://debuginfod.ubuntu.com PYTHONPATH=/home/jblevins32/IRR_final/build/read_sign/prefix_override:/usr/lib/python3/dist-packages/colcon_core/task/python/colcon_distutils_commands:/home/jblevins32/IRR_final/install/read_sign/lib/python3.10/site-packages:${PYTHONPATH} /usr/bin/python3 -W ignore:setup.py install is deprecated -W ignore:easy_install command is deprecated setup.py egg_info --egg-base ../../build/read_sign build --build-base /home/jblevins32/IRR_final/build/read_sign/build install --record /home/jblevins32/IRR_final/build/read_sign/install.log --single-version-externally-managed install_data
[1.631s] Level 1:colcon.colcon_core.environment:checking '/home/jblevins32/IRR_final/install/read_sign' for CMake module files
[1.632s] Level 1:colcon.colcon_core.environment:checking '/home/jblevins32/IRR_final/install/read_sign' for CMake config files
[1.633s] Level 1:colcon.colcon_core.environment:checking '/home/jblevins32/IRR_final/install/read_sign/lib'
[1.633s] Level 1:colcon.colcon_core.environment:checking '/home/jblevins32/IRR_final/install/read_sign/bin'
[1.633s] Level 1:colcon.colcon_core.environment:checking '/home/jblevins32/IRR_final/install/read_sign/lib/pkgconfig/read_sign.pc'
[1.633s] Level 1:colcon.colcon_core.environment:checking '/home/jblevins32/IRR_final/install/read_sign/lib/python3.10/site-packages'
[1.633s] Level 1:colcon.colcon_core.shell:create_environment_hook('read_sign', 'pythonpath')
[1.634s] INFO:colcon.colcon_core.shell:Creating environment hook '/home/jblevins32/IRR_final/install/read_sign/share/read_sign/hook/pythonpath.ps1'
[1.634s] INFO:colcon.colcon_core.shell:Creating environment descriptor '/home/jblevins32/IRR_final/install/read_sign/share/read_sign/hook/pythonpath.dsv'
[1.635s] INFO:colcon.colcon_core.shell:Creating environment hook '/home/jblevins32/IRR_final/install/read_sign/share/read_sign/hook/pythonpath.sh'
[1.635s] Level 1:colcon.colcon_core.environment:checking '/home/jblevins32/IRR_final/install/read_sign/bin'
[1.635s] Level 1:colcon.colcon_core.environment:create_environment_scripts_only(read_sign)
[1.636s] INFO:colcon.colcon_core.shell:Creating package script '/home/jblevins32/IRR_final/install/read_sign/share/read_sign/package.ps1'
[1.637s] INFO:colcon.colcon_core.shell:Creating package descriptor '/home/jblevins32/IRR_final/install/read_sign/share/read_sign/package.dsv'
[1.637s] INFO:colcon.colcon_core.shell:Creating package script '/home/jblevins32/IRR_final/install/read_sign/share/read_sign/package.sh'
[1.638s] INFO:colcon.colcon_core.shell:Creating package script '/home/jblevins32/IRR_final/install/read_sign/share/read_sign/package.bash'
[1.638s] INFO:colcon.colcon_core.shell:Creating package script '/home/jblevins32/IRR_final/install/read_sign/share/read_sign/package.zsh'
[1.639s] Level 1:colcon.colcon_core.environment:create_file_with_runtime_dependencies(/home/jblevins32/IRR_final/install/read_sign/share/colcon-core/packages/read_sign)
[1.640s] Level 1:colcon.colcon_core.environment:checking '/home/jblevins32/IRR_final/install/print_fixed_odometry' for CMake module files
[1.641s] Level 1:colcon.colcon_core.environment:checking '/home/jblevins32/IRR_final/install/print_fixed_odometry' for CMake config files
[1.641s] DEBUG:colcon.colcon_core.event_handler.log_command:Invoked command in '/home/jblevins32/IRR_final/src/print_fixed_odometry' returned '0': DEBUGINFOD_URLS=https://debuginfod.ubuntu.com PYTHONPATH=/home/jblevins32/IRR_final/build/print_fixed_odometry/prefix_override:/usr/lib/python3/dist-packages/colcon_core/task/python/colcon_distutils_commands:/home/jblevins32/IRR_final/install/print_fixed_odometry/lib/python3.10/site-packages:${PYTHONPATH} /usr/bin/python3 -W ignore:setup.py install is deprecated -W ignore:easy_install command is deprecated setup.py egg_info --egg-base ../../build/print_fixed_odometry build --build-base /home/jblevins32/IRR_final/build/print_fixed_odometry/build install --record /home/jblevins32/IRR_final/build/print_fixed_odometry/install.log --single-version-externally-managed install_data
[1.641s] Level 1:colcon.colcon_core.environment:checking '/home/jblevins32/IRR_final/install/print_fixed_odometry/lib'
[1.641s] Level 1:colcon.colcon_core.environment:checking '/home/jblevins32/IRR_final/install/print_fixed_odometry/bin'
[1.641s] Level 1:colcon.colcon_core.environment:checking '/home/jblevins32/IRR_final/install/print_fixed_odometry/lib/pkgconfig/print_fixed_odometry.pc'
[1.642s] Level 1:colcon.colcon_core.environment:checking '/home/jblevins32/IRR_final/install/print_fixed_odometry/lib/python3.10/site-packages'
[1.642s] Level 1:colcon.colcon_core.shell:create_environment_hook('print_fixed_odometry', 'pythonpath')
[1.642s] INFO:colcon.colcon_core.shell:Creating environment hook '/home/jblevins32/IRR_final/install/print_fixed_odometry/share/print_fixed_odometry/hook/pythonpath.ps1'
[1.642s] INFO:colcon.colcon_core.shell:Creating environment descriptor '/home/jblevins32/IRR_final/install/print_fixed_odometry/share/print_fixed_odometry/hook/pythonpath.dsv'
[1.643s] INFO:colcon.colcon_core.shell:Creating environment hook '/home/jblevins32/IRR_final/install/print_fixed_odometry/share/print_fixed_odometry/hook/pythonpath.sh'
[1.643s] Level 1:colcon.colcon_core.environment:checking '/home/jblevins32/IRR_final/install/print_fixed_odometry/bin'
[1.643s] Level 1:colcon.colcon_core.environment:create_environment_scripts_only(print_fixed_odometry)
[1.644s] INFO:colcon.colcon_core.shell:Creating package script '/home/jblevins32/IRR_final/install/print_fixed_odometry/share/print_fixed_odometry/package.ps1'
[1.644s] INFO:colcon.colcon_core.shell:Creating package descriptor '/home/jblevins32/IRR_final/install/print_fixed_odometry/share/print_fixed_odometry/package.dsv'
[1.644s] INFO:colcon.colcon_core.shell:Creating package script '/home/jblevins32/IRR_final/install/print_fixed_odometry/share/print_fixed_odometry/package.sh'
[1.645s] INFO:colcon.colcon_core.shell:Creating package script '/home/jblevins32/IRR_final/install/print_fixed_odometry/share/print_fixed_odometry/package.bash'
[1.645s] INFO:colcon.colcon_core.shell:Creating package script '/home/jblevins32/IRR_final/install/print_fixed_odometry/share/print_fixed_odometry/package.zsh'
[1.645s] Level 1:colcon.colcon_core.environment:create_file_with_runtime_dependencies(/home/jblevins32/IRR_final/install/print_fixed_odometry/share/colcon-core/packages/print_fixed_odometry)
[15.355s] DEBUG:colcon.colcon_core.event_handler.log_command:Invoked command in '/home/jblevins32/IRR_final/build/control' returned '0': CMAKE_PREFIX_PATH=${CMAKE_PREFIX_PATH}:/home/jblevins32/IRR_final/install/read_sign:/home/jblevins32/IRR_final/install/print_fixed_odometry:/opt/ros/humble DEBUGINFOD_URLS=https://debuginfod.ubuntu.com /usr/bin/cmake --build /home/jblevins32/IRR_final/build/control -- -j28 -l28
[15.364s] DEBUG:colcon.colcon_core.event_handler.log_command:Invoking command in '/home/jblevins32/IRR_final/build/control': CMAKE_PREFIX_PATH=${CMAKE_PREFIX_PATH}:/home/jblevins32/IRR_final/install/read_sign:/home/jblevins32/IRR_final/install/print_fixed_odometry:/opt/ros/humble DEBUGINFOD_URLS=https://debuginfod.ubuntu.com /usr/bin/cmake --install /home/jblevins32/IRR_final/build/control
[15.386s] Level 1:colcon.colcon_core.environment:create_environment_scripts_only(control)
[15.386s] Level 1:colcon.colcon_core.environment:checking '/home/jblevins32/IRR_final/install/control' for CMake module files
[15.387s] DEBUG:colcon.colcon_core.event_handler.log_command:Invoked command in '/home/jblevins32/IRR_final/build/control' returned '0': CMAKE_PREFIX_PATH=${CMAKE_PREFIX_PATH}:/home/jblevins32/IRR_final/install/read_sign:/home/jblevins32/IRR_final/install/print_fixed_odometry:/opt/ros/humble DEBUGINFOD_URLS=https://debuginfod.ubuntu.com /usr/bin/cmake --install /home/jblevins32/IRR_final/build/control
[15.387s] Level 1:colcon.colcon_core.environment:checking '/home/jblevins32/IRR_final/install/control' for CMake config files
[15.388s] Level 1:colcon.colcon_core.shell:create_environment_hook('control', 'cmake_prefix_path')
[15.388s] INFO:colcon.colcon_core.shell:Creating environment hook '/home/jblevins32/IRR_final/install/control/share/control/hook/cmake_prefix_path.ps1'
[15.389s] INFO:colcon.colcon_core.shell:Creating environment descriptor '/home/jblevins32/IRR_final/install/control/share/control/hook/cmake_prefix_path.dsv'
[15.389s] INFO:colcon.colcon_core.shell:Creating environment hook '/home/jblevins32/IRR_final/install/control/share/control/hook/cmake_prefix_path.sh'
[15.390s] Level 1:colcon.colcon_core.environment:checking '/home/jblevins32/IRR_final/install/control/lib'
[15.390s] Level 1:colcon.colcon_core.environment:checking '/home/jblevins32/IRR_final/install/control/bin'
[15.390s] Level 1:colcon.colcon_core.environment:checking '/home/jblevins32/IRR_final/install/control/lib/pkgconfig/control.pc'
[15.391s] Level 1:colcon.colcon_core.environment:checking '/home/jblevins32/IRR_final/install/control/lib/python3.10/site-packages'
[15.391s] Level 1:colcon.colcon_core.environment:checking '/home/jblevins32/IRR_final/install/control/bin'
[15.392s] INFO:colcon.colcon_core.shell:Creating package script '/home/jblevins32/IRR_final/install/control/share/control/package.ps1'
[15.392s] INFO:colcon.colcon_core.shell:Creating package descriptor '/home/jblevins32/IRR_final/install/control/share/control/package.dsv'
[15.393s] INFO:colcon.colcon_core.shell:Creating package script '/home/jblevins32/IRR_final/install/control/share/control/package.sh'
[15.394s] INFO:colcon.colcon_core.shell:Creating package script '/home/jblevins32/IRR_final/install/control/share/control/package.bash'
[15.394s] INFO:colcon.colcon_core.shell:Creating package script '/home/jblevins32/IRR_final/install/control/share/control/package.zsh'
[15.395s] Level 1:colcon.colcon_core.environment:create_file_with_runtime_dependencies(/home/jblevins32/IRR_final/install/control/share/colcon-core/packages/control)
[15.395s] Level 1:colcon.colcon_core.environment:create_environment_scripts_only(control)
[15.396s] Level 1:colcon.colcon_core.environment:checking '/home/jblevins32/IRR_final/install/control' for CMake module files
[15.396s] Level 1:colcon.colcon_core.environment:checking '/home/jblevins32/IRR_final/install/control' for CMake config files
[15.397s] Level 1:colcon.colcon_core.shell:create_environment_hook('control', 'cmake_prefix_path')
[15.397s] INFO:colcon.colcon_core.shell:Creating environment hook '/home/jblevins32/IRR_final/install/control/share/control/hook/cmake_prefix_path.ps1'
[15.398s] INFO:colcon.colcon_core.shell:Creating environment descriptor '/home/jblevins32/IRR_final/install/control/share/control/hook/cmake_prefix_path.dsv'
[15.398s] INFO:colcon.colcon_core.shell:Creating environment hook '/home/jblevins32/IRR_final/install/control/share/control/hook/cmake_prefix_path.sh'
[15.399s] Level 1:colcon.colcon_core.environment:checking '/home/jblevins32/IRR_final/install/control/lib'
[15.399s] Level 1:colcon.colcon_core.environment:checking '/home/jblevins32/IRR_final/install/control/bin'
[15.399s] Level 1:colcon.colcon_core.environment:checking '/home/jblevins32/IRR_final/install/control/lib/pkgconfig/control.pc'
[15.399s] Level 1:colcon.colcon_core.environment:checking '/home/jblevins32/IRR_final/install/control/lib/python3.10/site-packages'
[15.400s] Level 1:colcon.colcon_core.environment:checking '/home/jblevins32/IRR_final/install/control/bin'
[15.400s] INFO:colcon.colcon_core.shell:Creating package script '/home/jblevins32/IRR_final/install/control/share/control/package.ps1'
[15.401s] INFO:colcon.colcon_core.shell:Creating package descriptor '/home/jblevins32/IRR_final/install/control/share/control/package.dsv'
[15.401s] INFO:colcon.colcon_core.shell:Creating package script '/home/jblevins32/IRR_final/install/control/share/control/package.sh'
[15.402s] INFO:colcon.colcon_core.shell:Creating package script '/home/jblevins32/IRR_final/install/control/share/control/package.bash'
[15.403s] INFO:colcon.colcon_core.shell:Creating package script '/home/jblevins32/IRR_final/install/control/share/control/package.zsh'
[15.403s] Level 1:colcon.colcon_core.environment:create_file_with_runtime_dependencies(/home/jblevins32/IRR_final/install/control/share/colcon-core/packages/control)
[15.404s] DEBUG:colcon.colcon_parallel_executor.executor.parallel:closing loop
[15.404s] DEBUG:colcon.colcon_parallel_executor.executor.parallel:loop closed
[15.404s] DEBUG:colcon.colcon_parallel_executor.executor.parallel:run_until_complete finished with '0'
[15.405s] DEBUG:colcon.colcon_core.event_reactor:joining thread
[15.412s] INFO:colcon.colcon_core.plugin_system:Skipping extension 'colcon_notification.desktop_notification.terminal_notifier': Not used on non-Darwin systems
[15.412s] INFO:colcon.colcon_core.plugin_system:Skipping extension 'colcon_notification.desktop_notification.win32': Not used on non-Windows systems
[15.412s] INFO:colcon.colcon_notification.desktop_notification:Sending desktop notification using 'notify2'
[15.426s] DEBUG:colcon.colcon_core.event_reactor:joined thread
[15.426s] INFO:colcon.colcon_core.shell:Creating prefix script '/home/jblevins32/IRR_final/install/local_setup.ps1'
[15.428s] INFO:colcon.colcon_core.shell:Creating prefix util module '/home/jblevins32/IRR_final/install/_local_setup_util_ps1.py'
[15.429s] INFO:colcon.colcon_core.shell:Creating prefix chain script '/home/jblevins32/IRR_final/install/setup.ps1'
[15.430s] INFO:colcon.colcon_core.shell:Creating prefix script '/home/jblevins32/IRR_final/install/local_setup.sh'
[15.430s] INFO:colcon.colcon_core.shell:Creating prefix util module '/home/jblevins32/IRR_final/install/_local_setup_util_sh.py'
[15.431s] INFO:colcon.colcon_core.shell:Creating prefix chain script '/home/jblevins32/IRR_final/install/setup.sh'
[15.432s] INFO:colcon.colcon_core.shell:Creating prefix script '/home/jblevins32/IRR_final/install/local_setup.bash'
[15.432s] INFO:colcon.colcon_core.shell:Creating prefix chain script '/home/jblevins32/IRR_final/install/setup.bash'
[15.433s] INFO:colcon.colcon_core.shell:Creating prefix script '/home/jblevins32/IRR_final/install/local_setup.zsh'
[15.434s] INFO:colcon.colcon_core.shell:Creating prefix chain script '/home/jblevins32/IRR_final/install/setup.zsh'
