[0.500s] Invoking command in '/home/jblevins32/IRR_final/src/read_sign': DEBUGINFOD_URLS=https://debuginfod.ubuntu.com PYTHONPATH=/home/jblevins32/IRR_final/build/read_sign/prefix_override:/usr/lib/python3/dist-packages/colcon_core/task/python/colcon_distutils_commands:/home/jblevins32/IRR_final/install/read_sign/lib/python3.10/site-packages:${PYTHONPATH} /usr/bin/python3 -W ignore:setup.py install is deprecated -W ignore:easy_install command is deprecated setup.py egg_info --egg-base ../../build/read_sign build --build-base /home/jblevins32/IRR_final/build/read_sign/build install --record /home/jblevins32/IRR_final/build/read_sign/install.log --single-version-externally-managed install_data
[0.681s] running egg_info
[0.681s] creating ../../build/read_sign/read_sign.egg-info
[0.681s] writing ../../build/read_sign/read_sign.egg-info/PKG-INFO
[0.681s] writing dependency_links to ../../build/read_sign/read_sign.egg-info/dependency_links.txt
[0.681s] writing entry points to ../../build/read_sign/read_sign.egg-info/entry_points.txt
[0.681s] writing requirements to ../../build/read_sign/read_sign.egg-info/requires.txt
[0.682s] writing top-level names to ../../build/read_sign/read_sign.egg-info/top_level.txt
[0.682s] writing manifest file '../../build/read_sign/read_sign.egg-info/SOURCES.txt'
[0.683s] reading manifest file '../../build/read_sign/read_sign.egg-info/SOURCES.txt'
[0.683s] writing manifest file '../../build/read_sign/read_sign.egg-info/SOURCES.txt'
[0.683s] running build
[0.683s] running build_py
[0.684s] creating /home/jblevins32/IRR_final/build/read_sign/build
[0.684s] creating /home/jblevins32/IRR_final/build/read_sign/build/lib
[0.684s] creating /home/jblevins32/IRR_final/build/read_sign/build/lib/read_sign
[0.684s] copying read_sign/read_sign.py -> /home/jblevins32/IRR_final/build/read_sign/build/lib/read_sign
[0.684s] copying read_sign/__init__.py -> /home/jblevins32/IRR_final/build/read_sign/build/lib/read_sign
[0.684s] running install
[0.684s] running install_lib
[0.685s] creating /home/jblevins32/IRR_final/install/read_sign/lib/python3.10/site-packages/read_sign
[0.685s] copying /home/jblevins32/IRR_final/build/read_sign/build/lib/read_sign/read_sign.py -> /home/jblevins32/IRR_final/install/read_sign/lib/python3.10/site-packages/read_sign
[0.685s] copying /home/jblevins32/IRR_final/build/read_sign/build/lib/read_sign/__init__.py -> /home/jblevins32/IRR_final/install/read_sign/lib/python3.10/site-packages/read_sign
[0.685s] byte-compiling /home/jblevins32/IRR_final/install/read_sign/lib/python3.10/site-packages/read_sign/read_sign.py to read_sign.cpython-310.pyc
[0.686s] byte-compiling /home/jblevins32/IRR_final/install/read_sign/lib/python3.10/site-packages/read_sign/__init__.py to __init__.cpython-310.pyc
[0.686s] running install_data
[0.686s] creating /home/jblevins32/IRR_final/install/read_sign/share/ament_index
[0.686s] creating /home/jblevins32/IRR_final/install/read_sign/share/ament_index/resource_index
[0.686s] creating /home/jblevins32/IRR_final/install/read_sign/share/ament_index/resource_index/packages
[0.686s] copying resource/read_sign -> /home/jblevins32/IRR_final/install/read_sign/share/ament_index/resource_index/packages
[0.686s] copying package.xml -> /home/jblevins32/IRR_final/install/read_sign/share/read_sign
[0.686s] running install_egg_info
[0.687s] Copying ../../build/read_sign/read_sign.egg-info to /home/jblevins32/IRR_final/install/read_sign/lib/python3.10/site-packages/read_sign-0.0.0-py3.10.egg-info
[0.688s] running install_scripts
[0.702s] Installing read_sign_pubsub script to /home/jblevins32/IRR_final/install/read_sign/lib/read_sign
[0.702s] writing list of installed files to '/home/jblevins32/IRR_final/build/read_sign/install.log'
[0.721s] Invoked command in '/home/jblevins32/IRR_final/src/read_sign' returned '0': DEBUGINFOD_URLS=https://debuginfod.ubuntu.com PYTHONPATH=/home/jblevins32/IRR_final/build/read_sign/prefix_override:/usr/lib/python3/dist-packages/colcon_core/task/python/colcon_distutils_commands:/home/jblevins32/IRR_final/install/read_sign/lib/python3.10/site-packages:${PYTHONPATH} /usr/bin/python3 -W ignore:setup.py install is deprecated -W ignore:easy_install command is deprecated setup.py egg_info --egg-base ../../build/read_sign build --build-base /home/jblevins32/IRR_final/build/read_sign/build install --record /home/jblevins32/IRR_final/build/read_sign/install.log --single-version-externally-managed install_data
