[0.076s] DEBUG:colcon:Command line arguments: ['/usr/bin/colcon', 'build', '--packages-select', 'control']
[0.076s] DEBUG:colcon:Parsed command line arguments: Namespace(log_base=None, log_level=None, verb_name='build', build_base='build', install_base='install', merge_install=False, symlink_install=False, test_result_base=None, continue_on_error=False, executor='parallel', parallel_workers=28, event_handlers=None, ignore_user_meta=False, metas=['./colcon.meta'], base_paths=['.'], packages_ignore=None, packages_ignore_regex=None, paths=None, packages_up_to=None, packages_up_to_regex=None, packages_above=None, packages_above_and_dependencies=None, packages_above_depth=None, packages_select_by_dep=None, packages_skip_by_dep=None, packages_skip_up_to=None, packages_select_build_failed=False, packages_skip_build_finished=False, packages_select_test_failures=False, packages_skip_test_passed=False, packages_select=['control'], packages_skip=None, packages_select_regex=None, packages_skip_regex=None, packages_start=None, packages_end=None, allow_overriding=[], cmake_args=None, cmake_target=None, cmake_target_skip_unavailable=False, cmake_clean_cache=False, cmake_clean_first=False, cmake_force_configure=False, ament_cmake_args=None, catkin_cmake_args=None, catkin_skip_building_tests=False, mixin_files=None, mixin=None, verb_parser=<colcon_mixin.mixin.mixin_argument.MixinArgumentDecorator object at 0x77dbbdda8430>, verb_extension=<colcon_core.verb.build.BuildVerb object at 0x77dbbdeb5990>, main=<bound method BuildVerb.main of <colcon_core.verb.build.BuildVerb object at 0x77dbbdeb5990>>, mixin_verb=('build',))
[0.208s] Level 1:colcon.colcon_core.package_discovery:discover_packages(colcon_meta) check parameters
[0.208s] Level 1:colcon.colcon_core.package_discovery:discover_packages(recursive) check parameters
[0.208s] Level 1:colcon.colcon_core.package_discovery:discover_packages(ignore) check parameters
[0.208s] Level 1:colcon.colcon_core.package_discovery:discover_packages(path) check parameters
[0.208s] Level 1:colcon.colcon_core.package_discovery:discover_packages(colcon_meta) discover
[0.208s] Level 1:colcon.colcon_core.package_discovery:discover_packages(recursive) discover
[0.208s] INFO:colcon.colcon_core.package_discovery:Crawling recursively for packages in '/home/jblevins32/IRR_final'
[0.208s] Level 1:colcon.colcon_core.package_identification:_identify(.) by extensions ['ignore', 'ignore_ament_install']
[0.208s] Level 1:colcon.colcon_core.package_identification:_identify(.) by extension 'ignore'
[0.208s] Level 1:colcon.colcon_core.package_identification:_identify(.) by extension 'ignore_ament_install'
[0.208s] Level 1:colcon.colcon_core.package_identification:_identify(.) by extensions ['colcon_pkg']
[0.208s] Level 1:colcon.colcon_core.package_identification:_identify(.) by extension 'colcon_pkg'
[0.208s] Level 1:colcon.colcon_core.package_identification:_identify(.) by extensions ['colcon_meta']
[0.208s] Level 1:colcon.colcon_core.package_identification:_identify(.) by extension 'colcon_meta'
[0.208s] Level 1:colcon.colcon_core.package_identification:_identify(.) by extensions ['ros']
[0.208s] Level 1:colcon.colcon_core.package_identification:_identify(.) by extension 'ros'
[0.223s] Level 1:colcon.colcon_core.package_identification:_identify(.) by extensions ['cmake', 'python']
[0.224s] Level 1:colcon.colcon_core.package_identification:_identify(.) by extension 'cmake'
[0.224s] Level 1:colcon.colcon_core.package_identification:_identify(.) by extension 'python'
[0.224s] Level 1:colcon.colcon_core.package_identification:_identify(.) by extensions ['python_setup_py']
[0.224s] Level 1:colcon.colcon_core.package_identification:_identify(.) by extension 'python_setup_py'
[0.224s] Level 1:colcon.colcon_core.package_identification:_identify(__pycache__) by extensions ['ignore', 'ignore_ament_install']
[0.224s] Level 1:colcon.colcon_core.package_identification:_identify(__pycache__) by extension 'ignore'
[0.224s] Level 1:colcon.colcon_core.package_identification:_identify(__pycache__) by extension 'ignore_ament_install'
[0.224s] Level 1:colcon.colcon_core.package_identification:_identify(__pycache__) by extensions ['colcon_pkg']
[0.224s] Level 1:colcon.colcon_core.package_identification:_identify(__pycache__) by extension 'colcon_pkg'
[0.224s] Level 1:colcon.colcon_core.package_identification:_identify(__pycache__) by extensions ['colcon_meta']
[0.224s] Level 1:colcon.colcon_core.package_identification:_identify(__pycache__) by extension 'colcon_meta'
[0.224s] Level 1:colcon.colcon_core.package_identification:_identify(__pycache__) by extensions ['ros']
[0.224s] Level 1:colcon.colcon_core.package_identification:_identify(__pycache__) by extension 'ros'
[0.224s] Level 1:colcon.colcon_core.package_identification:_identify(__pycache__) by extensions ['cmake', 'python']
[0.224s] Level 1:colcon.colcon_core.package_identification:_identify(__pycache__) by extension 'cmake'
[0.224s] Level 1:colcon.colcon_core.package_identification:_identify(__pycache__) by extension 'python'
[0.224s] Level 1:colcon.colcon_core.package_identification:_identify(__pycache__) by extensions ['python_setup_py']
[0.224s] Level 1:colcon.colcon_core.package_identification:_identify(__pycache__) by extension 'python_setup_py'
[0.224s] Level 1:colcon.colcon_core.package_identification:_identify(build) by extensions ['ignore', 'ignore_ament_install']
[0.224s] Level 1:colcon.colcon_core.package_identification:_identify(build) by extension 'ignore'
[0.224s] Level 1:colcon.colcon_core.package_identification:_identify(build) ignored
[0.224s] Level 1:colcon.colcon_core.package_identification:_identify(data) by extensions ['ignore', 'ignore_ament_install']
[0.224s] Level 1:colcon.colcon_core.package_identification:_identify(data) by extension 'ignore'
[0.224s] Level 1:colcon.colcon_core.package_identification:_identify(data) by extension 'ignore_ament_install'
[0.224s] Level 1:colcon.colcon_core.package_identification:_identify(data) by extensions ['colcon_pkg']
[0.224s] Level 1:colcon.colcon_core.package_identification:_identify(data) by extension 'colcon_pkg'
[0.224s] Level 1:colcon.colcon_core.package_identification:_identify(data) by extensions ['colcon_meta']
[0.224s] Level 1:colcon.colcon_core.package_identification:_identify(data) by extension 'colcon_meta'
[0.224s] Level 1:colcon.colcon_core.package_identification:_identify(data) by extensions ['ros']
[0.224s] Level 1:colcon.colcon_core.package_identification:_identify(data) by extension 'ros'
[0.224s] Level 1:colcon.colcon_core.package_identification:_identify(data) by extensions ['cmake', 'python']
[0.224s] Level 1:colcon.colcon_core.package_identification:_identify(data) by extension 'cmake'
[0.224s] Level 1:colcon.colcon_core.package_identification:_identify(data) by extension 'python'
[0.224s] Level 1:colcon.colcon_core.package_identification:_identify(data) by extensions ['python_setup_py']
[0.224s] Level 1:colcon.colcon_core.package_identification:_identify(data) by extension 'python_setup_py'
[0.225s] Level 1:colcon.colcon_core.package_identification:_identify(data/2024F_Gimgs) by extensions ['ignore', 'ignore_ament_install']
[0.225s] Level 1:colcon.colcon_core.package_identification:_identify(data/2024F_Gimgs) by extension 'ignore'
[0.225s] Level 1:colcon.colcon_core.package_identification:_identify(data/2024F_Gimgs) by extension 'ignore_ament_install'
[0.225s] Level 1:colcon.colcon_core.package_identification:_identify(data/2024F_Gimgs) by extensions ['colcon_pkg']
[0.225s] Level 1:colcon.colcon_core.package_identification:_identify(data/2024F_Gimgs) by extension 'colcon_pkg'
[0.225s] Level 1:colcon.colcon_core.package_identification:_identify(data/2024F_Gimgs) by extensions ['colcon_meta']
[0.225s] Level 1:colcon.colcon_core.package_identification:_identify(data/2024F_Gimgs) by extension 'colcon_meta'
[0.225s] Level 1:colcon.colcon_core.package_identification:_identify(data/2024F_Gimgs) by extensions ['ros']
[0.225s] Level 1:colcon.colcon_core.package_identification:_identify(data/2024F_Gimgs) by extension 'ros'
[0.225s] Level 1:colcon.colcon_core.package_identification:_identify(data/2024F_Gimgs) by extensions ['cmake', 'python']
[0.225s] Level 1:colcon.colcon_core.package_identification:_identify(data/2024F_Gimgs) by extension 'cmake'
[0.225s] Level 1:colcon.colcon_core.package_identification:_identify(data/2024F_Gimgs) by extension 'python'
[0.225s] Level 1:colcon.colcon_core.package_identification:_identify(data/2024F_Gimgs) by extensions ['python_setup_py']
[0.225s] Level 1:colcon.colcon_core.package_identification:_identify(data/2024F_Gimgs) by extension 'python_setup_py'
[0.225s] Level 1:colcon.colcon_core.package_identification:_identify(data/2024F_Gimgs/images) by extensions ['ignore', 'ignore_ament_install']
[0.225s] Level 1:colcon.colcon_core.package_identification:_identify(data/2024F_Gimgs/images) by extension 'ignore'
[0.225s] Level 1:colcon.colcon_core.package_identification:_identify(data/2024F_Gimgs/images) by extension 'ignore_ament_install'
[0.225s] Level 1:colcon.colcon_core.package_identification:_identify(data/2024F_Gimgs/images) by extensions ['colcon_pkg']
[0.225s] Level 1:colcon.colcon_core.package_identification:_identify(data/2024F_Gimgs/images) by extension 'colcon_pkg'
[0.225s] Level 1:colcon.colcon_core.package_identification:_identify(data/2024F_Gimgs/images) by extensions ['colcon_meta']
[0.225s] Level 1:colcon.colcon_core.package_identification:_identify(data/2024F_Gimgs/images) by extension 'colcon_meta'
[0.225s] Level 1:colcon.colcon_core.package_identification:_identify(data/2024F_Gimgs/images) by extensions ['ros']
[0.225s] Level 1:colcon.colcon_core.package_identification:_identify(data/2024F_Gimgs/images) by extension 'ros'
[0.225s] Level 1:colcon.colcon_core.package_identification:_identify(data/2024F_Gimgs/images) by extensions ['cmake', 'python']
[0.225s] Level 1:colcon.colcon_core.package_identification:_identify(data/2024F_Gimgs/images) by extension 'cmake'
[0.225s] Level 1:colcon.colcon_core.package_identification:_identify(data/2024F_Gimgs/images) by extension 'python'
[0.225s] Level 1:colcon.colcon_core.package_identification:_identify(data/2024F_Gimgs/images) by extensions ['python_setup_py']
[0.225s] Level 1:colcon.colcon_core.package_identification:_identify(data/2024F_Gimgs/images) by extension 'python_setup_py'
[0.226s] Level 1:colcon.colcon_core.package_identification:_identify(data/2024F_imgs) by extensions ['ignore', 'ignore_ament_install']
[0.226s] Level 1:colcon.colcon_core.package_identification:_identify(data/2024F_imgs) by extension 'ignore'
[0.226s] Level 1:colcon.colcon_core.package_identification:_identify(data/2024F_imgs) by extension 'ignore_ament_install'
[0.226s] Level 1:colcon.colcon_core.package_identification:_identify(data/2024F_imgs) by extensions ['colcon_pkg']
[0.226s] Level 1:colcon.colcon_core.package_identification:_identify(data/2024F_imgs) by extension 'colcon_pkg'
[0.226s] Level 1:colcon.colcon_core.package_identification:_identify(data/2024F_imgs) by extensions ['colcon_meta']
[0.226s] Level 1:colcon.colcon_core.package_identification:_identify(data/2024F_imgs) by extension 'colcon_meta'
[0.226s] Level 1:colcon.colcon_core.package_identification:_identify(data/2024F_imgs) by extensions ['ros']
[0.226s] Level 1:colcon.colcon_core.package_identification:_identify(data/2024F_imgs) by extension 'ros'
[0.226s] Level 1:colcon.colcon_core.package_identification:_identify(data/2024F_imgs) by extensions ['cmake', 'python']
[0.226s] Level 1:colcon.colcon_core.package_identification:_identify(data/2024F_imgs) by extension 'cmake'
[0.226s] Level 1:colcon.colcon_core.package_identification:_identify(data/2024F_imgs) by extension 'python'
[0.226s] Level 1:colcon.colcon_core.package_identification:_identify(data/2024F_imgs) by extensions ['python_setup_py']
[0.226s] Level 1:colcon.colcon_core.package_identification:_identify(data/2024F_imgs) by extension 'python_setup_py'
[0.226s] Level 1:colcon.colcon_core.package_identification:_identify(data/2025S_imgs) by extensions ['ignore', 'ignore_ament_install']
[0.226s] Level 1:colcon.colcon_core.package_identification:_identify(data/2025S_imgs) by extension 'ignore'
[0.226s] Level 1:colcon.colcon_core.package_identification:_identify(data/2025S_imgs) by extension 'ignore_ament_install'
[0.226s] Level 1:colcon.colcon_core.package_identification:_identify(data/2025S_imgs) by extensions ['colcon_pkg']
[0.226s] Level 1:colcon.colcon_core.package_identification:_identify(data/2025S_imgs) by extension 'colcon_pkg'
[0.226s] Level 1:colcon.colcon_core.package_identification:_identify(data/2025S_imgs) by extensions ['colcon_meta']
[0.226s] Level 1:colcon.colcon_core.package_identification:_identify(data/2025S_imgs) by extension 'colcon_meta'
[0.226s] Level 1:colcon.colcon_core.package_identification:_identify(data/2025S_imgs) by extensions ['ros']
[0.226s] Level 1:colcon.colcon_core.package_identification:_identify(data/2025S_imgs) by extension 'ros'
[0.226s] Level 1:colcon.colcon_core.package_identification:_identify(data/2025S_imgs) by extensions ['cmake', 'python']
[0.226s] Level 1:colcon.colcon_core.package_identification:_identify(data/2025S_imgs) by extension 'cmake'
[0.226s] Level 1:colcon.colcon_core.package_identification:_identify(data/2025S_imgs) by extension 'python'
[0.226s] Level 1:colcon.colcon_core.package_identification:_identify(data/2025S_imgs) by extensions ['python_setup_py']
[0.226s] Level 1:colcon.colcon_core.package_identification:_identify(data/2025S_imgs) by extension 'python_setup_py'
[0.226s] Level 1:colcon.colcon_core.package_identification:_identify(install) by extensions ['ignore', 'ignore_ament_install']
[0.226s] Level 1:colcon.colcon_core.package_identification:_identify(install) by extension 'ignore'
[0.226s] Level 1:colcon.colcon_core.package_identification:_identify(install) ignored
[0.226s] Level 1:colcon.colcon_core.package_identification:_identify(log) by extensions ['ignore', 'ignore_ament_install']
[0.227s] Level 1:colcon.colcon_core.package_identification:_identify(log) by extension 'ignore'
[0.227s] Level 1:colcon.colcon_core.package_identification:_identify(log) ignored
[0.227s] Level 1:colcon.colcon_core.package_identification:_identify(src) by extensions ['ignore', 'ignore_ament_install']
[0.227s] Level 1:colcon.colcon_core.package_identification:_identify(src) by extension 'ignore'
[0.227s] Level 1:colcon.colcon_core.package_identification:_identify(src) by extension 'ignore_ament_install'
[0.227s] Level 1:colcon.colcon_core.package_identification:_identify(src) by extensions ['colcon_pkg']
[0.227s] Level 1:colcon.colcon_core.package_identification:_identify(src) by extension 'colcon_pkg'
[0.227s] Level 1:colcon.colcon_core.package_identification:_identify(src) by extensions ['colcon_meta']
[0.227s] Level 1:colcon.colcon_core.package_identification:_identify(src) by extension 'colcon_meta'
[0.227s] Level 1:colcon.colcon_core.package_identification:_identify(src) by extensions ['ros']
[0.227s] Level 1:colcon.colcon_core.package_identification:_identify(src) by extension 'ros'
[0.227s] Level 1:colcon.colcon_core.package_identification:_identify(src) by extensions ['cmake', 'python']
[0.227s] Level 1:colcon.colcon_core.package_identification:_identify(src) by extension 'cmake'
[0.227s] Level 1:colcon.colcon_core.package_identification:_identify(src) by extension 'python'
[0.227s] Level 1:colcon.colcon_core.package_identification:_identify(src) by extensions ['python_setup_py']
[0.227s] Level 1:colcon.colcon_core.package_identification:_identify(src) by extension 'python_setup_py'
[0.227s] Level 1:colcon.colcon_core.package_identification:_identify(src/control) by extensions ['ignore', 'ignore_ament_install']
[0.227s] Level 1:colcon.colcon_core.package_identification:_identify(src/control) by extension 'ignore'
[0.227s] Level 1:colcon.colcon_core.package_identification:_identify(src/control) by extension 'ignore_ament_install'
[0.227s] Level 1:colcon.colcon_core.package_identification:_identify(src/control) by extensions ['colcon_pkg']
[0.227s] Level 1:colcon.colcon_core.package_identification:_identify(src/control) by extension 'colcon_pkg'
[0.227s] Level 1:colcon.colcon_core.package_identification:_identify(src/control) by extensions ['colcon_meta']
[0.227s] Level 1:colcon.colcon_core.package_identification:_identify(src/control) by extension 'colcon_meta'
[0.227s] Level 1:colcon.colcon_core.package_identification:_identify(src/control) by extensions ['ros']
[0.227s] Level 1:colcon.colcon_core.package_identification:_identify(src/control) by extension 'ros'
[0.229s] DEBUG:colcon.colcon_core.package_identification:Package 'src/control' with type 'ros.ament_cmake' and name 'control'
[0.229s] Level 1:colcon.colcon_core.package_identification:_identify(src/print_fixed_odometry) by extensions ['ignore', 'ignore_ament_install']
[0.229s] Level 1:colcon.colcon_core.package_identification:_identify(src/print_fixed_odometry) by extension 'ignore'
[0.230s] Level 1:colcon.colcon_core.package_identification:_identify(src/print_fixed_odometry) by extension 'ignore_ament_install'
[0.230s] Level 1:colcon.colcon_core.package_identification:_identify(src/print_fixed_odometry) by extensions ['colcon_pkg']
[0.230s] Level 1:colcon.colcon_core.package_identification:_identify(src/print_fixed_odometry) by extension 'colcon_pkg'
[0.230s] Level 1:colcon.colcon_core.package_identification:_identify(src/print_fixed_odometry) by extensions ['colcon_meta']
[0.230s] Level 1:colcon.colcon_core.package_identification:_identify(src/print_fixed_odometry) by extension 'colcon_meta'
[0.230s] Level 1:colcon.colcon_core.package_identification:_identify(src/print_fixed_odometry) by extensions ['ros']
[0.230s] Level 1:colcon.colcon_core.package_identification:_identify(src/print_fixed_odometry) by extension 'ros'
[0.230s] DEBUG:colcon.colcon_core.package_identification:Package 'src/print_fixed_odometry' with type 'ros.ament_python' and name 'print_fixed_odometry'
[0.230s] Level 1:colcon.colcon_core.package_identification:_identify(src/read_sign) by extensions ['ignore', 'ignore_ament_install']
[0.230s] Level 1:colcon.colcon_core.package_identification:_identify(src/read_sign) by extension 'ignore'
[0.230s] Level 1:colcon.colcon_core.package_identification:_identify(src/read_sign) by extension 'ignore_ament_install'
[0.230s] Level 1:colcon.colcon_core.package_identification:_identify(src/read_sign) by extensions ['colcon_pkg']
[0.230s] Level 1:colcon.colcon_core.package_identification:_identify(src/read_sign) by extension 'colcon_pkg'
[0.230s] Level 1:colcon.colcon_core.package_identification:_identify(src/read_sign) by extensions ['colcon_meta']
[0.230s] Level 1:colcon.colcon_core.package_identification:_identify(src/read_sign) by extension 'colcon_meta'
[0.230s] Level 1:colcon.colcon_core.package_identification:_identify(src/read_sign) by extensions ['ros']
[0.230s] Level 1:colcon.colcon_core.package_identification:_identify(src/read_sign) by extension 'ros'
[0.231s] DEBUG:colcon.colcon_core.package_identification:Package 'src/read_sign' with type 'ros.ament_python' and name 'read_sign'
[0.231s] Level 1:colcon.colcon_core.package_discovery:discover_packages(recursive) using defaults
[0.231s] Level 1:colcon.colcon_core.package_discovery:discover_packages(ignore) discover
[0.231s] Level 1:colcon.colcon_core.package_discovery:discover_packages(ignore) using defaults
[0.231s] Level 1:colcon.colcon_core.package_discovery:discover_packages(path) discover
[0.231s] Level 1:colcon.colcon_core.package_discovery:discover_packages(path) using defaults
[0.246s] INFO:colcon.colcon_core.package_selection:Skipping not selected package 'print_fixed_odometry' in 'src/print_fixed_odometry'
[0.247s] INFO:colcon.colcon_core.package_selection:Skipping not selected package 'read_sign' in 'src/read_sign'
[0.247s] Level 1:colcon.colcon_core.package_discovery:discover_packages(prefix_path) check parameters
[0.247s] Level 1:colcon.colcon_core.package_discovery:discover_packages(prefix_path) discover
[0.249s] DEBUG:colcon.colcon_installed_package_information.package_discovery:Found 420 installed packages in /opt/ros/humble
[0.250s] Level 1:colcon.colcon_core.package_discovery:discover_packages(prefix_path) using defaults
[0.279s] Level 5:colcon.colcon_core.verb:set package 'control' build argument 'cmake_args' from command line to 'None'
[0.279s] Level 5:colcon.colcon_core.verb:set package 'control' build argument 'cmake_target' from command line to 'None'
[0.279s] Level 5:colcon.colcon_core.verb:set package 'control' build argument 'cmake_target_skip_unavailable' from command line to 'False'
[0.279s] Level 5:colcon.colcon_core.verb:set package 'control' build argument 'cmake_clean_cache' from command line to 'False'
[0.279s] Level 5:colcon.colcon_core.verb:set package 'control' build argument 'cmake_clean_first' from command line to 'False'
[0.279s] Level 5:colcon.colcon_core.verb:set package 'control' build argument 'cmake_force_configure' from command line to 'False'
[0.280s] Level 5:colcon.colcon_core.verb:set package 'control' build argument 'ament_cmake_args' from command line to 'None'
[0.280s] Level 5:colcon.colcon_core.verb:set package 'control' build argument 'catkin_cmake_args' from command line to 'None'
[0.280s] Level 5:colcon.colcon_core.verb:set package 'control' build argument 'catkin_skip_building_tests' from command line to 'False'
[0.280s] DEBUG:colcon.colcon_core.verb:Building package 'control' with the following arguments: {'ament_cmake_args': None, 'build_base': '/home/jblevins32/IRR_final/build/control', 'catkin_cmake_args': None, 'catkin_skip_building_tests': False, 'cmake_args': None, 'cmake_clean_cache': False, 'cmake_clean_first': False, 'cmake_force_configure': False, 'cmake_target': None, 'cmake_target_skip_unavailable': False, 'install_base': '/home/jblevins32/IRR_final/install/control', 'merge_install': False, 'path': '/home/jblevins32/IRR_final/src/control', 'symlink_install': False, 'test_result_base': None}
[0.280s] INFO:colcon.colcon_core.executor:Executing jobs using 'parallel' executor
[0.281s] DEBUG:colcon.colcon_parallel_executor.executor.parallel:run_until_complete
[0.281s] INFO:colcon.colcon_ros.task.ament_cmake.build:Building ROS package in '/home/jblevins32/IRR_final/src/control' with build type 'ament_cmake'
[0.281s] INFO:colcon.colcon_cmake.task.cmake.build:Building CMake package in '/home/jblevins32/IRR_final/src/control'
[0.282s] INFO:colcon.colcon_core.plugin_system:Skipping extension 'colcon_core.shell.bat': Not used on non-Windows systems
[0.282s] INFO:colcon.colcon_core.shell:Skip shell extension 'powershell' for command environment: Not usable outside of PowerShell
[0.282s] DEBUG:colcon.colcon_core.shell:Skip shell extension 'dsv' for command environment
[0.289s] DEBUG:colcon.colcon_core.event_handler.log_command:Invoking command in '/home/jblevins32/IRR_final/build/control': CMAKE_PREFIX_PATH=/opt/ros/humble DEBUGINFOD_URLS=https://debuginfod.ubuntu.com /usr/bin/cmake --build /home/jblevins32/IRR_final/build/control -- -j28 -l28
[4.992s] DEBUG:colcon.colcon_core.event_handler.log_command:Invoked command in '/home/jblevins32/IRR_final/build/control' returned '2': CMAKE_PREFIX_PATH=/opt/ros/humble DEBUGINFOD_URLS=https://debuginfod.ubuntu.com /usr/bin/cmake --build /home/jblevins32/IRR_final/build/control -- -j28 -l28
[4.993s] Level 1:colcon.colcon_core.environment:create_environment_scripts_only(control)
[4.994s] Level 1:colcon.colcon_core.environment:checking '/home/jblevins32/IRR_final/install/control' for CMake module files
[4.994s] Level 1:colcon.colcon_core.environment:checking '/home/jblevins32/IRR_final/install/control' for CMake config files
[4.995s] Level 1:colcon.colcon_core.shell:create_environment_hook('control', 'cmake_prefix_path')
[4.995s] INFO:colcon.colcon_core.shell:Creating environment hook '/home/jblevins32/IRR_final/install/control/share/control/hook/cmake_prefix_path.ps1'
[4.995s] INFO:colcon.colcon_core.shell:Creating environment descriptor '/home/jblevins32/IRR_final/install/control/share/control/hook/cmake_prefix_path.dsv'
[4.995s] INFO:colcon.colcon_core.shell:Creating environment hook '/home/jblevins32/IRR_final/install/control/share/control/hook/cmake_prefix_path.sh'
[4.996s] Level 1:colcon.colcon_core.environment:checking '/home/jblevins32/IRR_final/install/control/lib'
[4.996s] Level 1:colcon.colcon_core.environment:checking '/home/jblevins32/IRR_final/install/control/bin'
[4.996s] Level 1:colcon.colcon_core.environment:checking '/home/jblevins32/IRR_final/install/control/lib/pkgconfig/control.pc'
[4.996s] Level 1:colcon.colcon_core.environment:checking '/home/jblevins32/IRR_final/install/control/lib/python3.10/site-packages'
[4.996s] Level 1:colcon.colcon_core.environment:checking '/home/jblevins32/IRR_final/install/control/bin'
[4.997s] INFO:colcon.colcon_core.shell:Creating package script '/home/jblevins32/IRR_final/install/control/share/control/package.ps1'
[4.997s] INFO:colcon.colcon_core.shell:Creating package descriptor '/home/jblevins32/IRR_final/install/control/share/control/package.dsv'
[4.997s] INFO:colcon.colcon_core.shell:Creating package script '/home/jblevins32/IRR_final/install/control/share/control/package.sh'
[4.998s] INFO:colcon.colcon_core.shell:Creating package script '/home/jblevins32/IRR_final/install/control/share/control/package.bash'
[4.998s] INFO:colcon.colcon_core.shell:Creating package script '/home/jblevins32/IRR_final/install/control/share/control/package.zsh'
[4.999s] Level 1:colcon.colcon_core.environment:create_file_with_runtime_dependencies(/home/jblevins32/IRR_final/install/control/share/colcon-core/packages/control)
[5.009s] DEBUG:colcon.colcon_parallel_executor.executor.parallel:closing loop
[5.009s] DEBUG:colcon.colcon_parallel_executor.executor.parallel:loop closed
[5.009s] DEBUG:colcon.colcon_parallel_executor.executor.parallel:run_until_complete finished with '2'
[5.009s] DEBUG:colcon.colcon_core.event_reactor:joining thread
[5.151s] INFO:colcon.colcon_core.plugin_system:Skipping extension 'colcon_notification.desktop_notification.terminal_notifier': Not used on non-Darwin systems
[5.151s] INFO:colcon.colcon_core.plugin_system:Skipping extension 'colcon_notification.desktop_notification.win32': Not used on non-Windows systems
[5.151s] INFO:colcon.colcon_notification.desktop_notification:Sending desktop notification using 'notify2'
[5.163s] DEBUG:colcon.colcon_core.event_reactor:joined thread
[5.164s] INFO:colcon.colcon_core.shell:Creating prefix script '/home/jblevins32/IRR_final/install/local_setup.ps1'
[5.165s] INFO:colcon.colcon_core.shell:Creating prefix util module '/home/jblevins32/IRR_final/install/_local_setup_util_ps1.py'
[5.166s] INFO:colcon.colcon_core.shell:Creating prefix chain script '/home/jblevins32/IRR_final/install/setup.ps1'
[5.167s] INFO:colcon.colcon_core.shell:Creating prefix script '/home/jblevins32/IRR_final/install/local_setup.sh'
[5.167s] INFO:colcon.colcon_core.shell:Creating prefix util module '/home/jblevins32/IRR_final/install/_local_setup_util_sh.py'
[5.167s] INFO:colcon.colcon_core.shell:Creating prefix chain script '/home/jblevins32/IRR_final/install/setup.sh'
[5.168s] INFO:colcon.colcon_core.shell:Creating prefix script '/home/jblevins32/IRR_final/install/local_setup.bash'
[5.169s] INFO:colcon.colcon_core.shell:Creating prefix chain script '/home/jblevins32/IRR_final/install/setup.bash'
[5.169s] INFO:colcon.colcon_core.shell:Creating prefix script '/home/jblevins32/IRR_final/install/local_setup.zsh'
[5.170s] INFO:colcon.colcon_core.shell:Creating prefix chain script '/home/jblevins32/IRR_final/install/setup.zsh'
