running develop
Removing /home/jblevins32/IRR_final/install/read_sign/lib/python3.10/site-packages/read-sign.egg-link (link to .)
running egg_info
writing ../../build/read_sign/read_sign.egg-info/PKG-INFO
writing dependency_links to ../../build/read_sign/read_sign.egg-info/dependency_links.txt
writing entry points to ../../build/read_sign/read_sign.egg-info/entry_points.txt
writing requirements to ../../build/read_sign/read_sign.egg-info/requires.txt
writing top-level names to ../../build/read_sign/read_sign.egg-info/top_level.txt
reading manifest file '../../build/read_sign/read_sign.egg-info/SOURCES.txt'
writing manifest file '../../build/read_sign/read_sign.egg-info/SOURCES.txt'
running build
running build_py
running install
running install_lib
creating /home/jblevins32/IRR_final/install/read_sign/lib/python3.10/site-packages/read_sign
copying /home/jblevins32/IRR_final/build/read_sign/build/lib/read_sign/learn_signs.py -> /home/jblevins32/IRR_final/install/read_sign/lib/python3.10/site-packages/read_sign
copying /home/jblevins32/IRR_final/build/read_sign/build/lib/read_sign/read_sign.py -> /home/jblevins32/IRR_final/install/read_sign/lib/python3.10/site-packages/read_sign
copying /home/jblevins32/IRR_final/build/read_sign/build/lib/read_sign/__init__.py -> /home/jblevins32/IRR_final/install/read_sign/lib/python3.10/site-packages/read_sign
byte-compiling /home/jblevins32/IRR_final/install/read_sign/lib/python3.10/site-packages/read_sign/learn_signs.py to learn_signs.cpython-310.pyc
byte-compiling /home/jblevins32/IRR_final/install/read_sign/lib/python3.10/site-packages/read_sign/read_sign.py to read_sign.cpython-310.pyc
byte-compiling /home/jblevins32/IRR_final/install/read_sign/lib/python3.10/site-packages/read_sign/__init__.py to __init__.cpython-310.pyc
running install_data
copying resource/read_sign -> /home/jblevins32/IRR_final/install/read_sign/share/ament_index/resource_index/packages
copying package.xml -> /home/jblevins32/IRR_final/install/read_sign/share/read_sign
running install_egg_info
Copying ../../build/read_sign/read_sign.egg-info to /home/jblevins32/IRR_final/install/read_sign/lib/python3.10/site-packages/read_sign-0.0.0-py3.10.egg-info
running install_scripts
Installing read_sign_pubsub script to /home/jblevins32/IRR_final/install/read_sign/lib/read_sign
writing list of installed files to '/home/jblevins32/IRR_final/build/read_sign/install.log'
