running develop
Removing /home/jblevins32/IRR_final/install/print_fixed_odometry/lib/python3.10/site-packages/print-fixed-odometry.egg-link (link to .)
running egg_info
writing ../../build/print_fixed_odometry/print_fixed_odometry.egg-info/PKG-INFO
writing dependency_links to ../../build/print_fixed_odometry/print_fixed_odometry.egg-info/dependency_links.txt
writing entry points to ../../build/print_fixed_odometry/print_fixed_odometry.egg-info/entry_points.txt
writing requirements to ../../build/print_fixed_odometry/print_fixed_odometry.egg-info/requires.txt
writing top-level names to ../../build/print_fixed_odometry/print_fixed_odometry.egg-info/top_level.txt
reading manifest file '../../build/print_fixed_odometry/print_fixed_odometry.egg-info/SOURCES.txt'
writing manifest file '../../build/print_fixed_odometry/print_fixed_odometry.egg-info/SOURCES.txt'
running build
running build_py
running install
running install_lib
creating /home/jblevins32/IRR_final/install/print_fixed_odometry/lib/python3.10/site-packages/print_fixed_odometry
copying /home/jblevins32/IRR_final/build/print_fixed_odometry/build/lib/print_fixed_odometry/zero.py -> /home/jblevins32/IRR_final/install/print_fixed_odometry/lib/python3.10/site-packages/print_fixed_odometry
copying /home/jblevins32/IRR_final/build/print_fixed_odometry/build/lib/print_fixed_odometry/__init__.py -> /home/jblevins32/IRR_final/install/print_fixed_odometry/lib/python3.10/site-packages/print_fixed_odometry
byte-compiling /home/jblevins32/IRR_final/install/print_fixed_odometry/lib/python3.10/site-packages/print_fixed_odometry/zero.py to zero.cpython-310.pyc
byte-compiling /home/jblevins32/IRR_final/install/print_fixed_odometry/lib/python3.10/site-packages/print_fixed_odometry/__init__.py to __init__.cpython-310.pyc
running install_data
copying resource/print_fixed_odometry -> /home/jblevins32/IRR_final/install/print_fixed_odometry/share/ament_index/resource_index/packages
copying package.xml -> /home/jblevins32/IRR_final/install/print_fixed_odometry/share/print_fixed_odometry
running install_egg_info
Copying ../../build/print_fixed_odometry/print_fixed_odometry.egg-info to /home/jblevins32/IRR_final/install/print_fixed_odometry/lib/python3.10/site-packages/print_fixed_odometry-0.0.0-py3.10.egg-info
running install_scripts
Installing zero_odom script to /home/jblevins32/IRR_final/install/print_fixed_odometry/lib/print_fixed_odometry
writing list of installed files to '/home/jblevins32/IRR_final/build/print_fixed_odometry/install.log'
