[0.988s] Invoking command in '/home/jblevins32/IRR_final/build/print_fixed_odometry': DEBUGINFOD_URLS=https://debuginfod.ubuntu.com PYTHONPATH=/home/jblevins32/IRR_final/build/print_fixed_odometry/prefix_override:/usr/lib/python3/dist-packages/colcon_core/task/python/colcon_distutils_commands:/home/jblevins32/IRR_final/install/print_fixed_odometry/lib/python3.10/site-packages:${PYTHONPATH} /usr/bin/python3 -W ignore:setup.py install is deprecated -W ignore:easy_install command is deprecated setup.py develop --uninstall --editable --build-directory /home/jblevins32/IRR_final/build/print_fixed_odometry/build
[1.273s] running develop
[1.485s] Removing /home/jblevins32/IRR_final/install/print_fixed_odometry/lib/python3.10/site-packages/print-fixed-odometry.egg-link (link to .)
[1.509s] Invoked command in '/home/jblevins32/IRR_final/build/print_fixed_odometry' returned '0': DEBUGINFOD_URLS=https://debuginfod.ubuntu.com PYTHONPATH=/home/jblevins32/IRR_final/build/print_fixed_odometry/prefix_override:/usr/lib/python3/dist-packages/colcon_core/task/python/colcon_distutils_commands:/home/jblevins32/IRR_final/install/print_fixed_odometry/lib/python3.10/site-packages:${PYTHONPATH} /usr/bin/python3 -W ignore:setup.py install is deprecated -W ignore:easy_install command is deprecated setup.py develop --uninstall --editable --build-directory /home/jblevins32/IRR_final/build/print_fixed_odometry/build
[1.512s] Invoking command in '/home/jblevins32/IRR_final/src/print_fixed_odometry': DEBUGINFOD_URLS=https://debuginfod.ubuntu.com PYTHONPATH=/home/jblevins32/IRR_final/build/print_fixed_odometry/prefix_override:/usr/lib/python3/dist-packages/colcon_core/task/python/colcon_distutils_commands:/home/jblevins32/IRR_final/install/print_fixed_odometry/lib/python3.10/site-packages:${PYTHONPATH} /usr/bin/python3 -W ignore:setup.py install is deprecated -W ignore:easy_install command is deprecated setup.py egg_info --egg-base ../../build/print_fixed_odometry build --build-base /home/jblevins32/IRR_final/build/print_fixed_odometry/build install --record /home/jblevins32/IRR_final/build/print_fixed_odometry/install.log --single-version-externally-managed install_data --force
[1.790s] running egg_info
[1.791s] writing ../../build/print_fixed_odometry/print_fixed_odometry.egg-info/PKG-INFO
[1.791s] writing dependency_links to ../../build/print_fixed_odometry/print_fixed_odometry.egg-info/dependency_links.txt
[1.791s] writing entry points to ../../build/print_fixed_odometry/print_fixed_odometry.egg-info/entry_points.txt
[1.791s] writing requirements to ../../build/print_fixed_odometry/print_fixed_odometry.egg-info/requires.txt
[1.791s] writing top-level names to ../../build/print_fixed_odometry/print_fixed_odometry.egg-info/top_level.txt
[1.793s] reading manifest file '../../build/print_fixed_odometry/print_fixed_odometry.egg-info/SOURCES.txt'
[1.793s] writing manifest file '../../build/print_fixed_odometry/print_fixed_odometry.egg-info/SOURCES.txt'
[1.793s] running build
[1.793s] running build_py
[1.793s] running install
[1.794s] running install_lib
[1.794s] creating /home/jblevins32/IRR_final/install/print_fixed_odometry/lib/python3.10/site-packages/print_fixed_odometry
[1.794s] copying /home/jblevins32/IRR_final/build/print_fixed_odometry/build/lib/print_fixed_odometry/zero.py -> /home/jblevins32/IRR_final/install/print_fixed_odometry/lib/python3.10/site-packages/print_fixed_odometry
[1.795s] copying /home/jblevins32/IRR_final/build/print_fixed_odometry/build/lib/print_fixed_odometry/__init__.py -> /home/jblevins32/IRR_final/install/print_fixed_odometry/lib/python3.10/site-packages/print_fixed_odometry
[1.795s] byte-compiling /home/jblevins32/IRR_final/install/print_fixed_odometry/lib/python3.10/site-packages/print_fixed_odometry/zero.py to zero.cpython-310.pyc
[1.796s] byte-compiling /home/jblevins32/IRR_final/install/print_fixed_odometry/lib/python3.10/site-packages/print_fixed_odometry/__init__.py to __init__.cpython-310.pyc
[1.796s] running install_data
[1.796s] copying resource/print_fixed_odometry -> /home/jblevins32/IRR_final/install/print_fixed_odometry/share/ament_index/resource_index/packages
[1.796s] copying package.xml -> /home/jblevins32/IRR_final/install/print_fixed_odometry/share/print_fixed_odometry
[1.796s] running install_egg_info
[1.798s] Copying ../../build/print_fixed_odometry/print_fixed_odometry.egg-info to /home/jblevins32/IRR_final/install/print_fixed_odometry/lib/python3.10/site-packages/print_fixed_odometry-0.0.0-py3.10.egg-info
[1.799s] running install_scripts
[1.827s] Installing zero_odom script to /home/jblevins32/IRR_final/install/print_fixed_odometry/lib/print_fixed_odometry
[1.828s] writing list of installed files to '/home/jblevins32/IRR_final/build/print_fixed_odometry/install.log'
[1.856s] Invoked command in '/home/jblevins32/IRR_final/src/print_fixed_odometry' returned '0': DEBUGINFOD_URLS=https://debuginfod.ubuntu.com PYTHONPATH=/home/jblevins32/IRR_final/build/print_fixed_odometry/prefix_override:/usr/lib/python3/dist-packages/colcon_core/task/python/colcon_distutils_commands:/home/jblevins32/IRR_final/install/print_fixed_odometry/lib/python3.10/site-packages:${PYTHONPATH} /usr/bin/python3 -W ignore:setup.py install is deprecated -W ignore:easy_install command is deprecated setup.py egg_info --egg-base ../../build/print_fixed_odometry build --build-base /home/jblevins32/IRR_final/build/print_fixed_odometry/build install --record /home/jblevins32/IRR_final/build/print_fixed_odometry/install.log --single-version-externally-managed install_data --force
